#
# A fatal error has been detected by the Java Runtime Environment:
#
#  EXCEPTION_ACCESS_VIOLATION (0xc0000005) at pc=0x00007ff902a5173f, pid=18248, tid=0x00000000000034cc
#
# JRE version: Java(TM) SE Runtime Environment (8.0_112-b15) (build 1.8.0_112-b15)
# Java VM: Java HotSpot(TM) 64-Bit Server VM (25.112-b15 mixed mode windows-amd64 compressed oops)
# Problematic frame:
# C  [librdi_common.dll+0x17173f]
#
# Failed to write core dump. Minidumps are not enabled by default on client versions of Windows
#
# If you would like to submit a bug report, please visit:
#   http://bugreport.java.com/bugreport/crash.jsp
# The crash happened outside the Java Virtual Machine in native code.
# See problematic frame for where to report the bug.
#

---------------  T H R E A D  ---------------

Current thread (0x0000024a4139d000):  JavaThread "AWT-EventQueue-1" [_thread_in_native, id=13516, stack(0x000000bf38a00000,0x000000bf38f00000)]

siginfo: ExceptionCode=0xc0000005, reading address 0xffffffffffffffff

Registers:
RAX=0x0000024a1f931301, RBX=0x000000bf38efc7b0, RCX=0x0000024a1f931300, RDX=0x90077600627f2e69
RSP=0x000000bf38efc6f0, RBP=0x0000000000000000, RSI=0x0000000000000000, RDI=0x90077600627f2e69
R8 =0x000000bf38efc8f0, R9 =0x0000000000000000, R10=0x00007ff95cd00000, R11=0x000000bf38efc778
R12=0x0000000000000000, R13=0x000000bf38efcb00, R14=0x000000bf38efc8f0, R15=0x0000024a634b0810
RIP=0x00007ff902a5173f, EFLAGS=0x0000000000010202

Top of Stack: (sp=0x000000bf38efc6f0)
0x000000bf38efc6f0:   000000000f6c75b0 0000000000000493
0x000000bf38efc700:   00000007bcb3bf78 000000bf38efc7b0
0x000000bf38efc710:   0000000000000000 fffffffffffffffe
0x000000bf38efc720:   0000024a0f6c7500 00000007c0413f40
0x000000bf38efc730:   0000000000000000 000000000000000f
0x000000bf38efc740:   00000007bcb3bf78 0000024a28a22bfc
0x000000bf38efc750:   000000070766cff8 00000007bcb3bf78
0x000000bf38efc760:   00008174dff2f58a 0000024a634b0810
0x000000bf38efc770:   0000024a5c0926b8 00007ff902958e1d
0x000000bf38efc780:   0000000000000003 0000000000000033
0x000000bf38efc790:   0000024aad063010 000000bf38efc8f0
0x000000bf38efc7a0:   0000024aad063010 fffffffffffffffe
0x000000bf38efc7b0:   00000000e0ecd9ff 0000024a28ecb868
0x000000bf38efc7c0:   0000000000000000 0000000000000000
0x000000bf38efc7d0:   00008174dff2f4fa 00007ff8cfb4ae8b
0x000000bf38efc7e0:   0000024a634b0810 00007ff8cfbdec96 

Instructions: (pc=0x00007ff902a5173f)
0x00007ff902a5171f:   6b 00 cc 48 83 f9 27 76 07 ff 15 32 45 6b 00 cc
0x00007ff902a5172f:   48 8b c8 e8 59 fa 57 00 48 8b c3 e9 1c 01 00 00
0x00007ff902a5173f:   48 8b 4f 50 48 85 c9 0f 84 ff 00 00 00 48 8d 54
0x00007ff902a5174f:   24 50 e8 7a e0 04 00 48 8b d0 48 8d 4c 24 30 e8 


Register to memory mapping:

RAX=0x0000024a1f931301 is an unknown value
RBX=0x000000bf38efc7b0 is pointing into the stack for thread: 0x0000024a4139d000
RCX=0x0000024a1f931300 is an unknown value
RDX=0x90077600627f2e69 is an unknown value
RSP=0x000000bf38efc6f0 is pointing into the stack for thread: 0x0000024a4139d000
RBP=0x0000000000000000 is an unknown value
RSI=0x0000000000000000 is an unknown value
RDI=0x90077600627f2e69 is an unknown value
R8 =0x000000bf38efc8f0 is pointing into the stack for thread: 0x0000024a4139d000
R9 =0x0000000000000000 is an unknown value
R10=0x00007ff95cd00000 is an unknown value
R11=0x000000bf38efc778 is pointing into the stack for thread: 0x0000024a4139d000
R12=0x0000000000000000 is an unknown value
R13=0x000000bf38efcb00 is pointing into the stack for thread: 0x0000024a4139d000
R14=0x000000bf38efc8f0 is pointing into the stack for thread: 0x0000024a4139d000
R15=0x0000024a634b0810 is an unknown value


Stack: [0x000000bf38a00000,0x000000bf38f00000],  sp=0x000000bf38efc6f0,  free space=5105k
Native frames: (J=compiled Java code, j=interpreted, Vv=VM code, C=native code)

Java frames: (J=compiled Java code, j=interpreted, Vv=VM code)
J 23756  ui.views.simulator.executive.simulationi.SimulationExecutive_getCodeTooltipValue(JLjava/lang/String;IZ)Ljava/lang/String; (0 bytes) @ 0x0000024a2a7dffdf [0x0000024a2a7dff80+0x5f]
J 24430 C2 ui.views.O.d.mouseMoved(Ljava/awt/event/MouseEvent;)V (13 bytes) @ 0x0000024a2ce0f90c [0x0000024a2ce0f360+0x5ac]
J 13852 C2 java.awt.AWTEventMulticaster.mouseMoved(Ljava/awt/event/MouseEvent;)V (27 bytes) @ 0x0000024a2aa4f794 [0x0000024a2aa4f6e0+0xb4]
J 13852 C2 java.awt.AWTEventMulticaster.mouseMoved(Ljava/awt/event/MouseEvent;)V (27 bytes) @ 0x0000024a2aa4f754 [0x0000024a2aa4f6e0+0x74]
J 21944 C2 javax.swing.JComponent.processMouseMotionEvent(Ljava/awt/event/MouseEvent;)V (46 bytes) @ 0x0000024a298af4cc [0x0000024a298af360+0x16c]
J 10930 C2 java.awt.Container.processEvent(Ljava/awt/AWTEvent;)V (22 bytes) @ 0x0000024a291bb3d4 [0x0000024a291bb260+0x174]
J 24302 C2 java.awt.Component.dispatchEventImpl(Ljava/awt/AWTEvent;)V (883 bytes) @ 0x0000024a2cda0310 [0x0000024a2cd9fa60+0x8b0]
J 24262 C2 java.awt.Container.dispatchEventImpl(Ljava/awt/AWTEvent;)V (129 bytes) @ 0x0000024a2cd5c594 [0x0000024a2cd5bde0+0x7b4]
J 22277 C2 java.awt.LightweightDispatcher.retargetMouseEvent(Ljava/awt/Component;ILjava/awt/event/MouseEvent;)V (350 bytes) @ 0x0000024a2c6d1064 [0x0000024a2c6d0b60+0x504]
J 24262 C2 java.awt.Container.dispatchEventImpl(Ljava/awt/AWTEvent;)V (129 bytes) @ 0x0000024a2cd5c4d0 [0x0000024a2cd5bde0+0x6f0]
J 19070 C2 java.awt.Window.dispatchEventImpl(Ljava/awt/AWTEvent;)V (23 bytes) @ 0x0000024a2aa16e0c [0x0000024a2aa16dc0+0x4c]
J 11342 C2 java.awt.EventQueue.dispatchEventImpl(Ljava/awt/AWTEvent;Ljava/lang/Object;)V (149 bytes) @ 0x0000024a29abdd44 [0x0000024a29abd9e0+0x364]
J 11378 C2 java.awt.EventQueue$3.run()Ljava/lang/Object; (5 bytes) @ 0x0000024a28e42b8c [0x0000024a28e42b20+0x6c]
v  ~StubRoutines::call_stub
J 2335  java.security.AccessController.doPrivileged(Ljava/security/PrivilegedAction;Ljava/security/AccessControlContext;)Ljava/lang/Object; (0 bytes) @ 0x0000024a28f4c126 [0x0000024a28f4c0c0+0x66]
J 13815 C2 java.awt.EventQueue$4.run()Ljava/lang/Object; (5 bytes) @ 0x0000024a29982968 [0x0000024a299827e0+0x188]
v  ~StubRoutines::call_stub
J 2335  java.security.AccessController.doPrivileged(Ljava/security/PrivilegedAction;Ljava/security/AccessControlContext;)Ljava/lang/Object; (0 bytes) @ 0x0000024a28f4c126 [0x0000024a28f4c0c0+0x66]
J 14694 C2 ui.frmwork.b.d.dispatchEvent(Ljava/awt/AWTEvent;)V (45 bytes) @ 0x0000024a2b0ae294 [0x0000024a2b0ade20+0x474]
J 18997 C2 java.awt.EventDispatchThread.pumpOneEventForFilters(I)V (295 bytes) @ 0x0000024a2bfecc3c [0x0000024a2bfec8e0+0x35c]
J 19744% C2 java.awt.EventDispatchThread.pumpEventsForFilter(ILjava/awt/Conditional;Ljava/awt/EventFilter;)V (47 bytes) @ 0x0000024a2adb0f30 [0x0000024a2adb0e20+0x110]
j  java.awt.EventDispatchThread.pumpEventsForHierarchy(ILjava/awt/Conditional;Ljava/awt/Component;)V+11
j  java.awt.EventDispatchThread.pumpEvents(ILjava/awt/Conditional;)V+4
j  java.awt.EventDispatchThread.pumpEvents(Ljava/awt/Conditional;)V+3
j  java.awt.EventDispatchThread.run()V+9
v  ~StubRoutines::call_stub

---------------  P R O C E S S  ---------------

Java Threads: ( => current thread )
  0x0000024a44f02800 JavaThread "Relaunch Simulation" [_thread_in_native, id=13960, stack(0x000000bf3d400000,0x000000bf3d900000)]
  0x0000024a472e9800 JavaThread "SyntheticaAnimation 50" daemon [_thread_blocked, id=14116, stack(0x000000bf3cf00000,0x000000bf3d400000)]
  0x0000024a472e1800 JavaThread "Monitor File Timestamp Swing Worker" [_thread_blocked, id=4356, stack(0x000000bf3c500000,0x000000bf3ca00000)]
  0x0000024a472e8000 JavaThread "Timer-8" [_thread_blocked, id=5816, stack(0x000000bf3c000000,0x000000bf3c500000)]
  0x0000024a472ed800 JavaThread "Thread-626" [_thread_in_native, id=6620, stack(0x000000bf32b00000,0x000000bf32c00000)]
  0x0000024a472e6800 JavaThread "Thread-137" [_thread_in_native, id=9580, stack(0x000000bf39a00000,0x000000bf39b00000)]
  0x0000024a42c12000 JavaThread "Thread-124" [_thread_in_native, id=10432, stack(0x000000bf39b00000,0x000000bf39c00000)]
  0x0000024a44f06800 JavaThread "SyntheticaAnimation 50" daemon [_thread_blocked, id=7008, stack(0x000000bf3ca00000,0x000000bf3cf00000)]
  0x0000024a44eff000 JavaThread "Image Animator 3" daemon [_thread_blocked, id=8164, stack(0x000000bf3ba00000,0x000000bf3bf00000)]
  0x0000024a44f05000 JavaThread "Thread-24" [_thread_in_native, id=8824, stack(0x000000bf39900000,0x000000bf39a00000)]
  0x0000024a44f04000 JavaThread "Thread-23" [_thread_in_native, id=3084, stack(0x000000bf3bf00000,0x000000bf3c000000)]
  0x0000024a42c0b800 JavaThread "hw_ila_monitor" [_thread_blocked, id=18208, stack(0x000000bf3b000000,0x000000bf3b500000)]
  0x0000024a42c11800 JavaThread "Update Runs Swing Worker" [_thread_blocked, id=17420, stack(0x000000bf38f00000,0x000000bf39400000)]
  0x0000024a42c0d000 JavaThread "Refresh Filesets Swing Worker" [_thread_blocked, id=9980, stack(0x000000bf37b00000,0x000000bf38000000)]
  0x0000024a42c10000 JavaThread "SyntheticaAnimation 70" daemon [_thread_blocked, id=6656, stack(0x000000bf3ab00000,0x000000bf3b000000)]
  0x0000024a42c0e800 JavaThread "SyntheticaAnimation 25" daemon [_thread_blocked, id=17776, stack(0x000000bf3a600000,0x000000bf3ab00000)]
  0x0000024a42c10800 JavaThread "SyntheticaAnimation 50" daemon [_thread_blocked, id=8356, stack(0x000000bf3a100000,0x000000bf3a600000)]
  0x0000024a42c0f000 JavaThread "SyntheticaCleanerThread" daemon [_thread_blocked, id=3472, stack(0x000000bf39400000,0x000000bf39900000)]
  0x0000024a42a41000 JavaThread "Batik CleanerThread" daemon [_thread_blocked, id=5244, stack(0x000000bf38000000,0x000000bf38500000)]
=>0x0000024a4139d000 JavaThread "AWT-EventQueue-1" [_thread_in_native, id=13516, stack(0x000000bf38a00000,0x000000bf38f00000)]
  0x0000024a4233e000 JavaThread "Process Messages" [_thread_blocked, id=6664, stack(0x000000bf38500000,0x000000bf38a00000)]
  0x0000024a42142800 JavaThread "Thread-3" [_thread_in_native, id=16924, stack(0x000000bf32d00000,0x000000bf34100000)]
  0x0000024a411ac800 JavaThread "AWT-Windows" daemon [_thread_in_native, id=12472, stack(0x000000bf37600000,0x000000bf37b00000)]
  0x0000024a4112a800 JavaThread "AWT-Shutdown" [_thread_blocked, id=11028, stack(0x000000bf37100000,0x000000bf37600000)]
  0x0000024a41124000 JavaThread "Java2D Disposer" daemon [_thread_blocked, id=9956, stack(0x000000bf36c00000,0x000000bf37100000)]
  0x0000024a410ff800 JavaThread "TimerQueue" daemon [_thread_blocked, id=17808, stack(0x000000bf36700000,0x000000bf36c00000)]
  0x0000024a3f873000 JavaThread "Service Thread" daemon [_thread_blocked, id=17968, stack(0x000000bf36100000,0x000000bf36600000)]
  0x0000024a3f86a000 JavaThread "C1 CompilerThread2" daemon [_thread_blocked, id=15740, stack(0x000000bf36000000,0x000000bf36100000)]
  0x0000024a3f864800 JavaThread "C2 CompilerThread1" daemon [_thread_blocked, id=520, stack(0x000000bf35f00000,0x000000bf36000000)]
  0x0000024a3f863000 JavaThread "C2 CompilerThread0" daemon [_thread_blocked, id=13952, stack(0x000000bf35e00000,0x000000bf35f00000)]
  0x0000024a3f861000 JavaThread "Attach Listener" daemon [_thread_blocked, id=11516, stack(0x000000bf35900000,0x000000bf35e00000)]
  0x0000024a3f85f800 JavaThread "Signal Dispatcher" daemon [_thread_blocked, id=6096, stack(0x000000bf35400000,0x000000bf35900000)]
  0x0000024a3f844800 JavaThread "Finalizer" daemon [_thread_blocked, id=8256, stack(0x000000bf34f00000,0x000000bf35400000)]
  0x0000024a28785800 JavaThread "Reference Handler" daemon [_thread_blocked, id=15236, stack(0x000000bf34a00000,0x000000bf34f00000)]
  0x0000024a28694800 JavaThread "main" [_thread_blocked, id=6568, stack(0x000000bf34400000,0x000000bf34500000)]

Other Threads:
  0x0000024a3f820000 VMThread [stack: 0x000000bf34900000,0x000000bf34a00000] [id=9492]
  0x0000024a3f893000 WatcherThread [stack: 0x000000bf36600000,0x000000bf36700000] [id=18076]

VM state:not at safepoint (normal execution)

VM Mutex/Monitor currently owned by a thread: None

Heap:
 PSYoungGen      total 55296K, used 11645K [0x00000007bc400000, 0x00000007c0000000, 0x00000007c0000000)
  eden space 48640K, 16% used [0x00000007bc400000,0x00000007bcc127b0,0x00000007bf380000)
  from space 6656K, 50% used [0x00000007bf980000,0x00000007bfccce50,0x00000007c0000000)
  to   space 6144K, 0% used [0x00000007bf380000,0x00000007bf380000,0x00000007bf980000)
 ParOldGen       total 275456K, used 128569K [0x0000000700000000, 0x0000000710d00000, 0x00000007bc400000)
  object space 275456K, 46% used [0x0000000700000000,0x0000000707d8e458,0x0000000710d00000)
 Metaspace       used 76738K, capacity 77449K, committed 77952K, reserved 1116160K
  class space    used 10207K, capacity 10339K, committed 10368K, reserved 1048576K

Card table byte_map: [0x0000024a37b50000,0x0000024a38160000] byte_map_base: 0x0000024a34350000

Marking Bits: (ParMarkBitMap*) 0x000000006224a6d0
 Begin Bits: [0x0000024a38750000, 0x0000024a3b750000)
 End Bits:   [0x0000024a3b750000, 0x0000024a3e750000)

Polling page: 0x0000024a1f470000

CodeCache: size=245760Kb used=75781Kb max_used=75893Kb free=169978Kb
 bounds [0x0000024a28790000, 0x0000024a2d240000, 0x0000024a37790000]
 total_blobs=19846 nmethods=18854 adapters=896
 compilation: enabled

Compilation events (10 events):
Event: 4130.467 Thread 0x0000024a3f863000 26464       4       com.jidesoft.plaf.xerto.XertoDockableFrameUI::getNorthPane (20 bytes)
Event: 4130.468 Thread 0x0000024a3f863000 nmethod 26464 0x0000024a2cff1450 code [0x0000024a2cff1580, 0x0000024a2cff1638]
Event: 4130.632 Thread 0x0000024a3f86a000 26465   !   3       java.awt.Window::paint (72 bytes)
Event: 4130.633 Thread 0x0000024a3f86a000 nmethod 26465 0x0000024a2c6f5050 code [0x0000024a2c6f52a0, 0x0000024a2c6f63c0]
Event: 4130.635 Thread 0x0000024a3f86a000 26467       3       sun.awt.SunGraphicsCallback::runComponents (204 bytes)
Event: 4130.636 Thread 0x0000024a3f86a000 nmethod 26467 0x0000024a2d231350 code [0x0000024a2d231660, 0x0000024a2d232e40]
Event: 4130.638 Thread 0x0000024a3f86a000 26466   !   3       java.awt.Container::paint (62 bytes)
Event: 4130.639 Thread 0x0000024a3f86a000 nmethod 26466 0x0000024a28d5f310 code [0x0000024a28d5f500, 0x0000024a28d603a0]
Event: 4131.844 Thread 0x0000024a3f86a000 26468   !   3       java.awt.KeyboardFocusManager::setGlobalCurrentFocusCycleRoot (38 bytes)
Event: 4131.844 Thread 0x0000024a3f86a000 nmethod 26468 0x0000024a2c730650 code [0x0000024a2c730820, 0x0000024a2c731120]

GC Heap History (10 events):
Event: 4117.916 GC heap before
{Heap before GC invocations=693 (full 55):
 PSYoungGen      total 53248K, used 47964K [0x00000007bc400000, 0x00000007c0000000, 0x00000007c0000000)
  eden space 45056K, 100% used [0x00000007bc400000,0x00000007bf000000,0x00000007bf000000)
  from space 8192K, 35% used [0x00000007bf000000,0x00000007bf2d73a8,0x00000007bf800000)
  to   space 7680K, 0% used [0x00000007bf880000,0x00000007bf880000,0x00000007c0000000)
 ParOldGen       total 275456K, used 128561K [0x0000000700000000, 0x0000000710d00000, 0x00000007bc400000)
  object space 275456K, 46% used [0x0000000700000000,0x0000000707d8c458,0x0000000710d00000)
 Metaspace       used 76729K, capacity 77449K, committed 77952K, reserved 1116160K
  class space    used 10207K, capacity 10339K, committed 10368K, reserved 1048576K
Event: 4117.922 GC heap after
Heap after GC invocations=693 (full 55):
 PSYoungGen      total 54272K, used 3068K [0x00000007bc400000, 0x00000007c0000000, 0x00000007c0000000)
  eden space 46592K, 0% used [0x00000007bc400000,0x00000007bc400000,0x00000007bf180000)
  from space 7680K, 39% used [0x00000007bf880000,0x00000007bfb7f3c0,0x00000007c0000000)
  to   space 7168K, 0% used [0x00000007bf180000,0x00000007bf180000,0x00000007bf880000)
 ParOldGen       total 275456K, used 128561K [0x0000000700000000, 0x0000000710d00000, 0x00000007bc400000)
  object space 275456K, 46% used [0x0000000700000000,0x0000000707d8c458,0x0000000710d00000)
 Metaspace       used 76729K, capacity 77449K, committed 77952K, reserved 1116160K
  class space    used 10207K, capacity 10339K, committed 10368K, reserved 1048576K
}
Event: 4122.721 GC heap before
{Heap before GC invocations=694 (full 55):
 PSYoungGen      total 54272K, used 49660K [0x00000007bc400000, 0x00000007c0000000, 0x00000007c0000000)
  eden space 46592K, 100% used [0x00000007bc400000,0x00000007bf180000,0x00000007bf180000)
  from space 7680K, 39% used [0x00000007bf880000,0x00000007bfb7f3c0,0x00000007c0000000)
  to   space 7168K, 0% used [0x00000007bf180000,0x00000007bf180000,0x00000007bf880000)
 ParOldGen       total 275456K, used 128561K [0x0000000700000000, 0x0000000710d00000, 0x00000007bc400000)
  object space 275456K, 46% used [0x0000000700000000,0x0000000707d8c458,0x0000000710d00000)
 Metaspace       used 76731K, capacity 77449K, committed 77952K, reserved 1116160K
  class space    used 10207K, capacity 10339K, committed 10368K, reserved 1048576K
Event: 4122.726 GC heap after
Heap after GC invocations=694 (full 55):
 PSYoungGen      total 53760K, used 3068K [0x00000007bc400000, 0x00000007c0000000, 0x00000007c0000000)
  eden space 46592K, 0% used [0x00000007bc400000,0x00000007bc400000,0x00000007bf180000)
  from space 7168K, 42% used [0x00000007bf180000,0x00000007bf47f3a8,0x00000007bf880000)
  to   space 7168K, 0% used [0x00000007bf900000,0x00000007bf900000,0x00000007c0000000)
 ParOldGen       total 275456K, used 128561K [0x0000000700000000, 0x0000000710d00000, 0x00000007bc400000)
  object space 275456K, 46% used [0x0000000700000000,0x0000000707d8c458,0x0000000710d00000)
 Metaspace       used 76731K, capacity 77449K, committed 77952K, reserved 1116160K
  class space    used 10207K, capacity 10339K, committed 10368K, reserved 1048576K
}
Event: 4127.887 GC heap before
{Heap before GC invocations=695 (full 55):
 PSYoungGen      total 53760K, used 49660K [0x00000007bc400000, 0x00000007c0000000, 0x00000007c0000000)
  eden space 46592K, 100% used [0x00000007bc400000,0x00000007bf180000,0x00000007bf180000)
  from space 7168K, 42% used [0x00000007bf180000,0x00000007bf47f3a8,0x00000007bf880000)
  to   space 7168K, 0% used [0x00000007bf900000,0x00000007bf900000,0x00000007c0000000)
 ParOldGen       total 275456K, used 128561K [0x0000000700000000, 0x0000000710d00000, 0x00000007bc400000)
  object space 275456K, 46% used [0x0000000700000000,0x0000000707d8c458,0x0000000710d00000)
 Metaspace       used 76731K, capacity 77449K, committed 77952K, reserved 1116160K
  class space    used 10207K, capacity 10339K, committed 10368K, reserved 1048576K
Event: 4127.901 GC heap after
Heap after GC invocations=695 (full 55):
 PSYoungGen      total 54784K, used 3132K [0x00000007bc400000, 0x00000007c0000000, 0x00000007c0000000)
  eden space 47616K, 0% used [0x00000007bc400000,0x00000007bc400000,0x00000007bf280000)
  from space 7168K, 43% used [0x00000007bf900000,0x00000007bfc0f3a8,0x00000007c0000000)
  to   space 6656K, 0% used [0x00000007bf280000,0x00000007bf280000,0x00000007bf900000)
 ParOldGen       total 275456K, used 128561K [0x0000000700000000, 0x0000000710d00000, 0x00000007bc400000)
  object space 275456K, 46% used [0x0000000700000000,0x0000000707d8c458,0x0000000710d00000)
 Metaspace       used 76731K, capacity 77449K, committed 77952K, reserved 1116160K
  class space    used 10207K, capacity 10339K, committed 10368K, reserved 1048576K
}
Event: 4128.528 GC heap before
{Heap before GC invocations=696 (full 55):
 PSYoungGen      total 54784K, used 50748K [0x00000007bc400000, 0x00000007c0000000, 0x00000007c0000000)
  eden space 47616K, 100% used [0x00000007bc400000,0x00000007bf280000,0x00000007bf280000)
  from space 7168K, 43% used [0x00000007bf900000,0x00000007bfc0f3a8,0x00000007c0000000)
  to   space 6656K, 0% used [0x00000007bf280000,0x00000007bf280000,0x00000007bf900000)
 ParOldGen       total 275456K, used 128561K [0x0000000700000000, 0x0000000710d00000, 0x00000007bc400000)
  object space 275456K, 46% used [0x0000000700000000,0x0000000707d8c458,0x0000000710d00000)
 Metaspace       used 76732K, capacity 77449K, committed 77952K, reserved 1116160K
  class space    used 10207K, capacity 10339K, committed 10368K, reserved 1048576K
Event: 4128.533 GC heap after
Heap after GC invocations=696 (full 55):
 PSYoungGen      total 54272K, used 2894K [0x00000007bc400000, 0x00000007c0000000, 0x00000007c0000000)
  eden space 47616K, 0% used [0x00000007bc400000,0x00000007bc400000,0x00000007bf280000)
  from space 6656K, 43% used [0x00000007bf280000,0x00000007bf553b78,0x00000007bf900000)
  to   space 6656K, 0% used [0x00000007bf980000,0x00000007bf980000,0x00000007c0000000)
 ParOldGen       total 275456K, used 128561K [0x0000000700000000, 0x0000000710d00000, 0x00000007bc400000)
  object space 275456K, 46% used [0x0000000700000000,0x0000000707d8c458,0x0000000710d00000)
 Metaspace       used 76732K, capacity 77449K, committed 77952K, reserved 1116160K
  class space    used 10207K, capacity 10339K, committed 10368K, reserved 1048576K
}
Event: 4131.785 GC heap before
{Heap before GC invocations=697 (full 55):
 PSYoungGen      total 54272K, used 50510K [0x00000007bc400000, 0x00000007c0000000, 0x00000007c0000000)
  eden space 47616K, 100% used [0x00000007bc400000,0x00000007bf280000,0x00000007bf280000)
  from space 6656K, 43% used [0x00000007bf280000,0x00000007bf553b78,0x00000007bf900000)
  to   space 6656K, 0% used [0x00000007bf980000,0x00000007bf980000,0x00000007c0000000)
 ParOldGen       total 275456K, used 128561K [0x0000000700000000, 0x0000000710d00000, 0x00000007bc400000)
  object space 275456K, 46% used [0x0000000700000000,0x0000000707d8c458,0x0000000710d00000)
 Metaspace       used 76738K, capacity 77449K, committed 77952K, reserved 1116160K
  class space    used 10207K, capacity 10339K, committed 10368K, reserved 1048576K
Event: 4131.790 GC heap after
Heap after GC invocations=697 (full 55):
 PSYoungGen      total 55296K, used 3379K [0x00000007bc400000, 0x00000007c0000000, 0x00000007c0000000)
  eden space 48640K, 0% used [0x00000007bc400000,0x00000007bc400000,0x00000007bf380000)
  from space 6656K, 50% used [0x00000007bf980000,0x00000007bfccce50,0x00000007c0000000)
  to   space 6144K, 0% used [0x00000007bf380000,0x00000007bf380000,0x00000007bf980000)
 ParOldGen       total 275456K, used 128569K [0x0000000700000000, 0x0000000710d00000, 0x00000007bc400000)
  object space 275456K, 46% used [0x0000000700000000,0x0000000707d8e458,0x0000000710d00000)
 Metaspace       used 76738K, capacity 77449K, committed 77952K, reserved 1116160K
  class space    used 10207K, capacity 10339K, committed 10368K, reserved 1048576K
}

Deoptimization events (10 events):
Event: 3448.267 Thread 0x0000024a4139d000 Uncommon trap: reason=class_check action=maybe_recompile pc=0x0000024a28f5628c method=javax.swing.AbstractButton.setEnabled(Z)V @ 21
Event: 4021.662 Thread 0x0000024a4139d000 Uncommon trap: reason=null_check action=make_not_entrant pc=0x0000024a2c735fac method=java.util.Objects.equals(Ljava/lang/Object;Ljava/lang/Object;)Z @ 11
Event: 4021.662 Thread 0x0000024a4139d000 Uncommon trap: reason=array_check action=maybe_recompile pc=0x0000024a291742e4 method=java.util.TimSort.mergeLo(IIII)V @ 590
Event: 4021.665 Thread 0x0000024a4139d000 Uncommon trap: reason=array_check action=maybe_recompile pc=0x0000024a291742e4 method=java.util.TimSort.mergeLo(IIII)V @ 590
Event: 4048.660 Thread 0x0000024a4139d000 Uncommon trap: reason=class_check action=maybe_recompile pc=0x0000024a2a6b8954 method=javax.swing.JMenu.isSelected()Z @ 4
Event: 4048.660 Thread 0x0000024a4139d000 Uncommon trap: reason=class_check action=maybe_recompile pc=0x0000024a2a6b8954 method=javax.swing.JMenu.isSelected()Z @ 4
Event: 4048.662 Thread 0x0000024a4139d000 Uncommon trap: reason=null_check action=make_not_entrant pc=0x0000024a2b16f12c method=java.util.jar.JarFile.getManifestFromReference()Ljava/util/jar/Manifest; @ 14
Event: 4049.821 Thread 0x0000024a4139d000 Uncommon trap: reason=class_check action=maybe_recompile pc=0x0000024a2a6b8954 method=javax.swing.JMenu.isSelected()Z @ 4
Event: 4049.821 Thread 0x0000024a4139d000 Uncommon trap: reason=class_check action=maybe_recompile pc=0x0000024a2a6b8954 method=javax.swing.JMenu.isSelected()Z @ 4
Event: 4065.177 Thread 0x0000024a41124000 Uncommon trap: reason=speculate_class_check action=maybe_recompile pc=0x0000024a2ae45b50 method=java.util.Hashtable.remove(Ljava/lang/Object;)Ljava/lang/Object; @ 6

Internal exceptions (10 events):
Event: 2393.362 Thread 0x0000024a472e1800 Exception <a 'java/lang/InterruptedException': sleep interrupted> (0x00000007be7c4ac8) thrown at [C:\re\workspace\8-2-build-windows-amd64-cygwin\jdk8u112\7884\hotspot\src\share\vm\prims\jvm.cpp, line 3180]
Event: 3190.584 Thread 0x0000024a4139d000 Implicit null exception at 0x0000024a2ce6739d to 0x0000024a2ce6b8ed
Event: 3256.432 Thread 0x0000024a4139d000 Implicit null exception at 0x0000024a2c278f50 to 0x0000024a2c27976d
Event: 3292.345 Thread 0x0000024a4139d000 Implicit null exception at 0x0000024a2bcfcc5d to 0x0000024a2bcfd2b5
Event: 3317.368 Thread 0x0000024a472ee000 Exception <a 'java/lang/InterruptedException': sleep interrupted> (0x00000007bd986450) thrown at [C:\re\workspace\8-2-build-windows-amd64-cygwin\jdk8u112\7884\hotspot\src\share\vm\prims\jvm.cpp, line 3180]
Event: 3365.406 Thread 0x0000024a472ee000 Exception <a 'java/lang/InterruptedException': sleep interrupted> (0x00000007bc8ab910) thrown at [C:\re\workspace\8-2-build-windows-amd64-cygwin\jdk8u112\7884\hotspot\src\share\vm\prims\jvm.cpp, line 3180]
Event: 4013.808 Thread 0x0000024a472ee000 Exception <a 'java/lang/InterruptedException': sleep interrupted> (0x00000007bd771598) thrown at [C:\re\workspace\8-2-build-windows-amd64-cygwin\jdk8u112\7884\hotspot\src\share\vm\prims\jvm.cpp, line 3180]
Event: 4021.662 Thread 0x0000024a4139d000 Implicit null exception at 0x0000024a2c731e3d to 0x0000024a2c735f91
Event: 4035.838 Thread 0x0000024a472ee000 Exception <a 'java/lang/InterruptedException': sleep interrupted> (0x00000007bc405aa8) thrown at [C:\re\workspace\8-2-build-windows-amd64-cygwin\jdk8u112\7884\hotspot\src\share\vm\prims\jvm.cpp, line 3180]
Event: 4048.662 Thread 0x0000024a4139d000 Implicit null exception at 0x0000024a2b168d6a to 0x0000024a2b16f109

Events (10 events):
Event: 4130.614 Executing VM operation: BulkRevokeBias
Event: 4130.619 Executing VM operation: BulkRevokeBias done
Event: 4130.619 Executing VM operation: BulkRevokeBias
Event: 4130.619 Executing VM operation: BulkRevokeBias done
Event: 4130.620 Executing VM operation: RevokeBias
Event: 4130.620 Executing VM operation: RevokeBias done
Event: 4130.672 Executing VM operation: BulkRevokeBias
Event: 4130.673 Executing VM operation: BulkRevokeBias done
Event: 4131.785 Executing VM operation: ParallelGCFailedAllocation
Event: 4131.790 Executing VM operation: ParallelGCFailedAllocation done


Dynamic libraries:
0x00007ff7e14f0000 - 0x00007ff7e1520000 	C:\Xilinx\Vivado\2018.2\bin\unwrapped\win64.o\vivado.exe
0x00007ff9766f0000 - 0x00007ff9768e5000 	C:\Windows\SYSTEM32\ntdll.dll
0x00007ff974970000 - 0x00007ff974a2d000 	C:\Windows\System32\KERNEL32.DLL
0x00007ff9742e0000 - 0x00007ff9745ad000 	C:\Windows\System32\KERNELBASE.dll
0x00007ff973f10000 - 0x00007ff974010000 	C:\Windows\System32\ucrtbase.dll
0x00007ff95bd10000 - 0x00007ff95bd9d000 	C:\Windows\SYSTEM32\MSVCP140.dll
0x00007ff95cd00000 - 0x00007ff95cd1b000 	C:\Windows\SYSTEM32\VCRUNTIME140.dll
0x00007ff95ccf0000 - 0x00007ff95ccfc000 	C:\Windows\SYSTEM32\VCRUNTIME140_1.dll
0x00007ff96a900000 - 0x00007ff96a914000 	C:\Xilinx\Vivado\2018.2\lib\win64.o\librdi_commonmain.dll
0x00007ff96ac30000 - 0x00007ff96ac44000 	C:\Xilinx\Vivado\2018.2\lib\win64.o\libboost_signals.dll
0x00007ff96a8d0000 - 0x00007ff96a8f6000 	C:\Xilinx\Vivado\2018.2\lib\win64.o\libboost_filesystem.dll
0x00007ff975180000 - 0x00007ff97522e000 	C:\Windows\System32\ADVAPI32.dll
0x00007ff975ad0000 - 0x00007ff975b6e000 	C:\Windows\System32\msvcrt.dll
0x00007ff976430000 - 0x00007ff9764cc000 	C:\Windows\System32\sechost.dll
0x00007ff9759a0000 - 0x00007ff975ac5000 	C:\Windows\System32\RPCRT4.dll
0x00007ff96bde0000 - 0x00007ff96bdea000 	C:\Xilinx\Vivado\2018.2\lib\win64.o\librdi_commonversion.dll
0x00007ff92b110000 - 0x00007ff92b231000 	C:\Xilinx\Vivado\2018.2\lib\win64.o\librdi_commonxillic.dll
0x00007ff975350000 - 0x00007ff9754f0000 	C:\Windows\System32\USER32.dll
0x00007ff974170000 - 0x00007ff974192000 	C:\Windows\System32\win32u.dll
0x00007ff976620000 - 0x00007ff97664a000 	C:\Windows\System32\GDI32.dll
0x00007ff973e00000 - 0x00007ff973f0b000 	C:\Windows\System32\gdi32full.dll
0x00007ff974240000 - 0x00007ff9742dd000 	C:\Windows\System32\msvcp_win.dll
0x00000000622d0000 - 0x00000000623fb000 	C:\Xilinx\Vivado\2018.2\lib\win64.o\tcl85t.dll
0x00007ff975880000 - 0x00007ff9758eb000 	C:\Windows\System32\WS2_32.dll
0x00007ff96a8c0000 - 0x00007ff96a8cb000 	C:\Xilinx\Vivado\2018.2\lib\win64.o\libboost_system.dll
0x00007ff9028e0000 - 0x00007ff9036f9000 	C:\Xilinx\Vivado\2018.2\lib\win64.o\librdi_common.dll
0x00007ff974a30000 - 0x00007ff975174000 	C:\Windows\System32\SHELL32.dll
0x00007ff921cc0000 - 0x00007ff921dd4000 	C:\Xilinx\Vivado\2018.2\lib\win64.o\libboost_regex.dll
0x00007ff91b900000 - 0x00007ff91bbb5000 	C:\Xilinx\Vivado\2018.2\lib\win64.o\libXil_lmgr11.dll
0x00007ff975b70000 - 0x00007ff975c4b000 	C:\Windows\System32\COMDLG32.dll
0x00007ff9754f0000 - 0x00007ff975844000 	C:\Windows\System32\combase.dll
0x00007ff9758f0000 - 0x00007ff97599d000 	C:\Windows\System32\shcore.dll
0x00007ff974910000 - 0x00007ff974965000 	C:\Windows\System32\SHLWAPI.dll
0x00007ff974740000 - 0x00007ff97480d000 	C:\Windows\System32\OLEAUT32.dll
0x00007ff9764f0000 - 0x00007ff97661a000 	C:\Windows\System32\ole32.dll
0x00007ff9741a0000 - 0x00007ff974208000 	C:\Windows\System32\WINTRUST.dll
0x00007ff974010000 - 0x00007ff974166000 	C:\Windows\System32\CRYPT32.dll
0x00007ff91b590000 - 0x00007ff91b8fe000 	C:\Xilinx\Vivado\2018.2\lib\win64.o\libCOIN-all.dll
0x00007ff969270000 - 0x00007ff969284000 	C:\Xilinx\Vivado\2018.2\lib\win64.o\libboost_date_time.dll
0x00007ff927620000 - 0x00007ff92769f000 	C:\Xilinx\Vivado\2018.2\lib\win64.o\libboost_program_options.dll
0x00007ff964040000 - 0x00007ff964061000 	C:\Xilinx\Vivado\2018.2\lib\win64.o\libboost_thread.dll
0x00007ff96a8b0000 - 0x00007ff96a8bf000 	C:\Xilinx\Vivado\2018.2\lib\win64.o\libboost_xilinx.dll
0x00007ff921c30000 - 0x00007ff921cb2000 	C:\Xilinx\Vivado\2018.2\lib\win64.o\libhdlpsolve.dll
0x00007ff91b4e0000 - 0x00007ff91b585000 	C:\Xilinx\Vivado\2018.2\lib\win64.o\libhdxml.dll
0x00007ff963e90000 - 0x00007ff963ebe000 	C:\Xilinx\Vivado\2018.2\lib\win64.o\libisl_sysinfo.dll
0x00007ff948840000 - 0x00007ff9488a5000 	C:\Xilinx\Vivado\2018.2\lib\win64.o\liblmx6.0.dll
0x0000000061a30000 - 0x00000000622ca000 	C:\Xilinx\Vivado\2018.2\tps\win64\jre\bin\server\jvm.dll
0x00007ff9761c0000 - 0x00007ff9761c8000 	C:\Windows\System32\PSAPI.DLL
0x00007ff969220000 - 0x00007ff96923a000 	C:\Xilinx\Vivado\2018.2\lib\win64.o\pthreadVC2.dll
0x00007ff969000000 - 0x00007ff96901c000 	C:\Xilinx\Vivado\2018.2\lib\win64.o\librdiconfig.dll
0x00007ff914c20000 - 0x00007ff914d71000 	C:\Xilinx\Vivado\2018.2\lib\win64.o\librdi_curl.dll
0x00007ff963e60000 - 0x00007ff963e81000 	C:\Xilinx\Vivado\2018.2\lib\win64.o\librdizlib.dll
0x00007ff95b830000 - 0x00007ff95bd06000 	C:\Windows\SYSTEM32\WININET.dll
0x00007ff96bbe0000 - 0x00007ff96bcea000 	C:\Windows\SYSTEM32\WINHTTP.dll
0x00007ff968090000 - 0x00007ff96827c000 	C:\Windows\SYSTEM32\urlmon.dll
0x00007ff901a40000 - 0x00007ff9028d1000 	C:\Xilinx\Vivado\2018.2\lib\win64.o\gurobi65.dll
0x00007ff95c9d0000 - 0x00007ff95c9d9000 	C:\Windows\SYSTEM32\WSOCK32.dll
0x00007ff963910000 - 0x00007ff96393e000 	C:\Windows\SYSTEM32\VCOMP140.DLL
0x00007ff95d500000 - 0x00007ff95d51a000 	C:\Windows\SYSTEM32\NETAPI32.dll
0x00007ff960970000 - 0x00007ff960a20000 	C:\Windows\WinSxS\amd64_microsoft.windows.common-controls_6595b64144ccf1df_5.82.19041.1110_none_792d1c772443f647\COMCTL32.dll
0x00007ff96d790000 - 0x00007ff96d7ad000 	C:\Windows\SYSTEM32\dhcpcsvc.DLL
0x0000000012000000 - 0x0000000012272000 	C:\Xilinx\Vivado\2018.2\lib\win64.o\xerces-c_3_1.dll
0x00007ff96b200000 - 0x00007ff96b227000 	C:\Windows\SYSTEM32\WINMM.dll
0x00007ff96be90000 - 0x00007ff96be9a000 	C:\Windows\SYSTEM32\VERSION.dll
0x0000000061950000 - 0x0000000061a22000 	C:\Windows\SYSTEM32\MSVCR100.dll
0x00007ff9653e0000 - 0x00007ff965691000 	C:\Windows\SYSTEM32\iertutil.dll
0x00007ff96bd10000 - 0x00007ff96bd38000 	C:\Windows\SYSTEM32\srvcli.dll
0x00007ff973330000 - 0x00007ff97333c000 	C:\Windows\SYSTEM32\netutils.dll
0x00007ff9698b0000 - 0x00007ff9698bd000 	C:\Xilinx\Vivado\2018.2\lib\win64.o\libboost_chrono.dll
0x00007ff901180000 - 0x00007ff901a33c00 	C:\Xilinx\Vivado\2018.2\lib\win64.o\libisl_iostreams.dll
0x00007ff95fff0000 - 0x00007ff96000b000 	C:\Xilinx\Vivado\2018.2\lib\win64.o\libboost_iostreams.dll
0x00007ff9275f0000 - 0x00007ff927615000 	C:\Xilinx\Vivado\2018.2\lib\win64.o\libisl_iosutils.dll
0x00007ff975850000 - 0x00007ff975880000 	C:\Windows\System32\IMM32.DLL
0x00007ff9739f0000 - 0x00007ff973a02000 	C:\Windows\SYSTEM32\MSASN1.dll
0x00007ff972670000 - 0x00007ff972682000 	C:\Windows\SYSTEM32\kernel.appcore.dll
0x00007ff900cf0000 - 0x00007ff90117c000 	C:\Xilinx\Vivado\2018.2\lib\win64.o\librdi_commontasks.dll
0x00007ff908420000 - 0x00007ff908697000 	C:\Xilinx\Vivado\2018.2\lib\win64.o\librdi_sio.dll
0x00007ff973220000 - 0x00007ff97325b000 	C:\Windows\SYSTEM32\IPHLPAPI.DLL
0x00007ff971ec0000 - 0x00007ff972654000 	C:\Windows\SYSTEM32\windows.storage.dll
0x00007ff973780000 - 0x00007ff9737ac000 	C:\Windows\SYSTEM32\Wldp.dll
0x00007ff8f1b40000 - 0x00007ff8f3d3f000 	C:\Xilinx\Vivado\2018.2\lib\win64.o\librdi_tcltasks.dll
0x00007ff921bc0000 - 0x00007ff921c2a000 	C:\Xilinx\Vivado\2018.2\lib\win64.o\librdi_boarddep.dll
0x00007ff90aac0000 - 0x00007ff90ac3e000 	C:\Xilinx\Vivado\2018.2\lib\win64.o\librdi_board.dll
0x00007ff900910000 - 0x00007ff900ce5000 	C:\Xilinx\Vivado\2018.2\lib\win64.o\librdi_bitstream.dll
0x00007ff9006c0000 - 0x00007ff900907000 	C:\Xilinx\Vivado\2018.2\lib\win64.o\librdi_chipscope.dll
0x00007ff90cbf0000 - 0x00007ff90cd18000 	C:\Xilinx\Vivado\2018.2\lib\win64.o\librdi_containers.dll
0x00007ff8f02e0000 - 0x00007ff8f1b39000 	C:\Xilinx\Vivado\2018.2\lib\win64.o\librdi_constraints.dll
0x00007ff8ec570000 - 0x00007ff8f02d2000 	C:\Xilinx\Vivado\2018.2\lib\win64.o\librdi_designutils.dll
0x00007ff9003a0000 - 0x00007ff9006b8000 	C:\Xilinx\Vivado\2018.2\lib\win64.o\librdi_dlyest.dll
0x00007ff8ea850000 - 0x00007ff8ec561000 	C:\Xilinx\Vivado\2018.2\lib\win64.o\librdi_coregen.dll
0x00007ff8ea170000 - 0x00007ff8ea849000 	C:\Xilinx\Vivado\2018.2\lib\win64.o\librdi_coregenipxact.dll
0x00007ff9138b0000 - 0x00007ff913972000 	C:\Xilinx\Vivado\2018.2\lib\win64.o\librdi_dsp.dll
0x00007ff8e9c20000 - 0x00007ff8ea161000 	C:\Xilinx\Vivado\2018.2\lib\win64.o\librdi_drc.dll
0x00007ff8db420000 - 0x00007ff8e9c18000 	C:\Xilinx\Vivado\2018.2\lib\win64.o\librdi_device.dll
0x00007ff91a730000 - 0x00007ff91a788000 	C:\Xilinx\Vivado\2018.2\lib\win64.o\librdi_hdf.dll
0x00007ff9000c0000 - 0x00007ff900391000 	C:\Xilinx\Vivado\2018.2\lib\win64.o\librdi_guitools.dll
0x00007ff8dade0000 - 0x00007ff8db411000 	C:\Xilinx\Vivado\2018.2\lib\win64.o\librdi_filemgmt.dll
0x00007ff8d9ba0000 - 0x00007ff8dadd4000 	C:\Xilinx\Vivado\2018.2\lib\win64.o\librdi_implflow.dll
0x00007ff8d9540000 - 0x00007ff8d9b91000 	C:\Xilinx\Vivado\2018.2\lib\win64.o\librdi_memdata.dll
0x00007ff8d5d30000 - 0x00007ff8d953a000 	C:\Xilinx\Vivado\2018.2\lib\win64.o\librdi_mig.dll
0x00007ff91a260000 - 0x00007ff91a2a9000 	C:\Xilinx\Vivado\2018.2\lib\win64.o\librdi_pfi.dll
0x00007ff8d5880000 - 0x00007ff8d5d22000 	C:\Xilinx\Vivado\2018.2\lib\win64.o\librdi_netlist.dll
0x00007ff8d5190000 - 0x00007ff8d587c000 	C:\Xilinx\Vivado\2018.2\lib\win64.o\librdi_power.dll
0x00007ff8d4f00000 - 0x00007ff8d518a000 	C:\Xilinx\Vivado\2018.2\lib\win64.o\librdi_platform.dll
0x00007ff8d2b60000 - 0x00007ff8d4efe000 	C:\Xilinx\Vivado\2018.2\lib\win64.o\librdi_place.dll
0x00007ff8d2470000 - 0x00007ff8d2b51000 	C:\Xilinx\Vivado\2018.2\lib\win64.o\librdi_psta.dll
0x00007ff8d1f30000 - 0x00007ff8d246d000 	C:\Xilinx\Vivado\2018.2\lib\win64.o\librdi_project.dll
0x00007ff8d18f0000 - 0x00007ff8d1f2e000 	C:\Xilinx\Vivado\2018.2\lib\win64.o\librdi_rsb.dll
0x00007ff8d1520000 - 0x00007ff8d18e3000 	C:\Xilinx\Vivado\2018.2\lib\win64.o\librdi_runs.dll
0x00007ff909240000 - 0x00007ff909317000 	C:\Xilinx\Vivado\2018.2\lib\win64.o\librdi_runsbase.dll
0x00007ff8d12f0000 - 0x00007ff8d1516000 	C:\Xilinx\Vivado\2018.2\lib\win64.o\librdi_simdata.dll
0x00007ff90a600000 - 0x00007ff90a6cb000 	C:\Xilinx\Vivado\2018.2\lib\win64.o\librdi_xhub.dll
0x00007ff8d05d0000 - 0x00007ff8d12ed000 	C:\Xilinx\Vivado\2018.2\lib\win64.o\librdi_timing.dll
0x00007ff90aa50000 - 0x00007ff90aab6000 	C:\Xilinx\Vivado\2018.2\lib\win64.o\librdi_ipconfig_readwrite.dll
0x00007ff908c50000 - 0x00007ff908cff000 	C:\Xilinx\Vivado\2018.2\lib\win64.o\librdi_hip_devdesign.dll
0x00007ff913c60000 - 0x00007ff913cac000 	C:\Xilinx\Vivado\2018.2\lib\win64.o\libboost_serialization.dll
0x00007ff919410000 - 0x00007ff919448000 	C:\Xilinx\Vivado\2018.2\lib\win64.o\librdi_noc_frameworks.dll
0x00007ff908390000 - 0x00007ff908418000 	C:\Xilinx\Vivado\2018.2\lib\win64.o\librdi_hip_config.dll
0x00007ff8d0080000 - 0x00007ff8d05ce000 	C:\Xilinx\Vivado\2018.2\lib\win64.o\librdi_xdm.dll
0x00007ff9082f0000 - 0x00007ff90838e000 	C:\Xilinx\Vivado\2018.2\lib\win64.o\libise.dll
0x00007ff9082a0000 - 0x00007ff9082e9000 	C:\Xilinx\Vivado\2018.2\lib\win64.o\librdi_wavedata_SimpleApi.dll
0x00007ff8cfad0000 - 0x00007ff8d0071000 	C:\Xilinx\Vivado\2018.2\lib\win64.o\librdi_wavedata.dll
0x00007ff8cefd0000 - 0x00007ff8cfac3000 	C:\Xilinx\Vivado\2018.2\lib\win64.o\libverific.dll
0x00007ff8ce0d0000 - 0x00007ff8cefc1000 	C:\Xilinx\Vivado\2018.2\lib\win64.o\librdi_route.dll
0x00007ff8cc2e0000 - 0x00007ff8ce0c2000 	C:\Xilinx\Vivado\2018.2\lib\win64.o\librdi_synth.dll
0x00007ff8cc090000 - 0x00007ff8cc2d3000 	C:\Xilinx\Vivado\2018.2\lib\win64.o\librdi_hsm.dll
0x00007ff8cbac0000 - 0x00007ff8cc082000 	C:\Xilinx\Vivado\2018.2\lib\win64.o\librdi_abc_nomp.dll
0x00007ff936f90000 - 0x00007ff936faa000 	C:\Xilinx\Vivado\2018.2\lib\win64.o\librdi_hmetis.dll

VM Arguments:
jvm_args: -Dsun.java2d.pmoffscreen=false -Dsun.java2d.xrender=false -Dsun.java2d.d3d=false -Dsun.awt.nopixfmt=true -Xverify:none -Dswing.aatext=true -XX:-UsePerfData -Djdk.map.althashing.threshold=512 -XX:StringTableSize=4072 -XX:NewSize=60m -XX:MaxNewSize=60m -Xms128m -Xmx3072m -Xss5m 
java_command: <unknown>
java_class_path (initial): C:/Xilinx/Vivado/2018.2\lib\classes\alloy.jar;C:/Xilinx/Vivado/2018.2\lib\classes\autopilot.scelaborator.jar;C:/Xilinx/Vivado/2018.2\lib\classes\autopilot.sourceprocessor.jar;C:/Xilinx/Vivado/2018.2\lib\classes\autopilot.tbprocessor.jar;C:/Xilinx/Vivado/2018.2\lib\classes\batik-anim.jar;C:/Xilinx/Vivado/2018.2\lib\classes\batik-awt-util.jar;C:/Xilinx/Vivado/2018.2\lib\classes\batik-bridge.jar;C:/Xilinx/Vivado/2018.2\lib\classes\batik-codec.jar;C:/Xilinx/Vivado/2018.2\lib\classes\batik-css.jar;C:/Xilinx/Vivado/2018.2\lib\classes\batik-dom.jar;C:/Xilinx/Vivado/2018.2\lib\classes\batik-ext.jar;C:/Xilinx/Vivado/2018.2\lib\classes\batik-gui-util.jar;C:/Xilinx/Vivado/2018.2\lib\classes\batik-gvt.jar;C:/Xilinx/Vivado/2018.2\lib\classes\batik-parser.jar;C:/Xilinx/Vivado/2018.2\lib\classes\batik-script.jar;C:/Xilinx/Vivado/2018.2\lib\classes\batik-svg-dom.jar;C:/Xilinx/Vivado/2018.2\lib\classes\batik-swing.jar;C:/Xilinx/Vivado/2018.2\lib\classes\batik-transcoder.jar;C:/Xilinx/Vivado/2018.2\lib\classes\batik-util.jar;C:/Xilinx/Vivado/2018.2\lib\classes\batik-xml.jar;C:/Xilinx/Vivado/2018.2\lib\classes\com.ibm.icu_4.4.2.v20110208.jar;C:/Xilinx/Vivado/2018.2\lib\classes\commons-collections4-4.1.jar;C:/Xilinx/Vivado/2018.2\lib\classes\commons-math-2.2.jar;C:/Xilinx/Vivado/2018.2\lib\classes\dom4j-1.6.1.jar;C:/Xilinx/Vivado/2018.2\lib\classes\guava-18.0.jar;C:/Xilinx/Vivado/2018.2\lib\classes\help.jar;C:/Xilinx/Vivado/2018.2\lib\classes\hsqldb.jar;C:/Xilinx/Vivado/2018.2\lib\classes\jargs.jar;C:/Xilinx/Vivado/2018.2\lib\classes\jh.jar;C:/Xilinx/Vivado/2018.2\lib\classes\jide-action.jar;C:/Xilinx/Vivado/2018.2\lib\classes\jide-charts.jar;C:/Xilinx/Vivado/2018.2\lib\classes\jide-common.jar;C:/Xilinx/Vivado/2018.2\lib\classes\jide-components.jar;C:/Xilinx/Vivado/2018.2\lib\classes\jide-dashboard.jar;C:/Xilinx/Vivado/2018.2\lib\classes\jide-data.jar;C:/Xilinx/Vivado/2018.2\lib\classes\jide-dialogs.jar;C:/Xilinx/Vivado/2018.2\lib\classes\jide-diff.jar;C:/X
Launcher Type: generic

Environment Variables:
PATH=C:/Xilinx/Vivado/2018.2/bin;C:/Xilinx/Vivado/2018.2/lib/win64.o;C:/Xilinx/Vivado/2018.2/tps/win64/jre/bin/server;C:/Xilinx/Vivado/2018.2/tps/win64/jre/bin;C:/Xilinx/SDK/2018.2/bin;C:/Xilinx/Vivado/2018.2/ids_lite/ISE/bin/nt64;C:/Xilinx/Vivado/2018.2/ids_lite/ISE/lib/nt64;C:\Program Files\NVIDIA GPU Computing Toolkit\CUDA\v11.6\bin;C:\Program Files\NVIDIA GPU Computing Toolkit\CUDA\v11.6\libnvvp;C:\Program Files (x86)\VMware\VMware Player\bin\;C:\Program Files (x86)\Common Files\Oracle\Java\javapath;C:\Windows\system32;C:\Windows;C:\Windows\System32\Wbem;C:\Windows\System32\WindowsPowerShell\v1.0\;C:\Windows\System32\OpenSSH\;C:\Program Files (x86)\NVIDIA Corporation\PhysX\Common;C:\Program Files\NVIDIA Corporation\NVIDIA NvDLISR;C:\Program Files (x86)\Microsoft SQL Server\150\DTS\Binn\;C:\Program Files\Microsoft SQL Server\Client SDK\ODBC\130\Tools\Binn\;C:\Program Files (x86)\Microsoft SQL Server\140\Tools\Binn\;C:\Program Files\Microsoft SQL Server\140\Tools\Binn\;C:\Program Files\Microsoft SQL Server\140\DTS\Binn\;C:\Program Files\Microsoft SQL Server\130\Tools\Binn\;C:\Program Files\MATLAB\R2018a\runtime\win64;C:\Program Files\MATLAB\R2018a\bin;C:\Program Files\NVIDIA Corporation\Nsight Compute 2022.1.0\;C:\Users\Ahmed\AppData\Local\Programs\Python\Python310\Scripts\;C:\Users\Ahmed\AppData\Local\Programs\Python\Python310\;C:\Users\Ahmed\AppData\Local\Microsoft\WindowsApps;C:\intelFPGA_lite\18.0\modelsim_ase\win32aloem;C:\Users\Ahmed\AppData\Local\GitHubDesktop\bin;C:\Modeltech_pe_edu_10.4a\win32pe_edu;C:\Program Files (x86)\Arduino;C:\Users\Ahmed\AppData\Local\Programs\Microsoft VS Code\bin;C:\Program Files (x86)\FreeArc\bin;C:\msys64\mingw64\bin;C:/Xilinx/Vivado/2018.2\tps\mingw\6.2.0\win64.o\nt\bin;C:/Xilinx/Vivado/2018.2\tps\mingw\6.2.0\win64.o\nt\libexec\gcc\x86_64-w64-mingw32\6.2.0
USERNAME=Ahmed
OS=Windows_NT
PROCESSOR_IDENTIFIER=AMD64 Family 23 Model 1 Stepping 1, AuthenticAMD



---------------  S Y S T E M  ---------------

OS: Windows 10.0 , 64 bit Build 19041 (10.0.19041.1706)

CPU:total 4 (4 cores per cpu, 1 threads per core) family 23 model 1 stepping 1, cmov, cx8, fxsr, mmx, sse, sse2, sse3, ssse3, sse4.1, sse4.2, popcnt, avx, avx2, aes, clmul, mmxext, 3dnowpref, lzcnt, sse4a, tsc, tscinvbit, tscinv, bmi1

Memory: 4k page, physical 16728848k(6142316k free), swap 22658736k(2717908k free)

vm_info: Java HotSpot(TM) 64-Bit Server VM (25.112-b15) for windows-amd64 JRE (1.8.0_112-b15), built on Sep 22 2016 21:31:56 by "java_re" with MS VC++ 10.0 (VS2010)

time: Tue May 31 16:28:52 2022
elapsed time: 4131 seconds (0d 1h 8m 51s)

