#
# A fatal error has been detected by the Java Runtime Environment:
#
#  EXCEPTION_ACCESS_VIOLATION (0xc0000005) at pc=0x00007fffd49e173f, pid=16584, tid=0x00000000000004dc
#
# JRE version: Java(TM) SE Runtime Environment (8.0_112-b15) (build 1.8.0_112-b15)
# Java VM: Java HotSpot(TM) 64-Bit Server VM (25.112-b15 mixed mode windows-amd64 compressed oops)
# Problematic frame:
# C  [librdi_common.dll+0x17173f]
#
# Failed to write core dump. Minidumps are not enabled by default on client versions of Windows
#
# If you would like to submit a bug report, please visit:
#   http://bugreport.java.com/bugreport/crash.jsp
# The crash happened outside the Java Virtual Machine in native code.
# See problematic frame for where to report the bug.
#

---------------  T H R E A D  ---------------

Current thread (0x0000022ba982b000):  JavaThread "AWT-EventQueue-1" [_thread_in_native, id=1244, stack(0x000000cb3e600000,0x000000cb3eb00000)]

siginfo: ExceptionCode=0xc0000005, reading address 0xffffffffffffffff

Registers:
RAX=0x0000022b86e6cf01, RBX=0x000000cb3eafcb90, RCX=0x0000022b86e6cf30, RDX=0x90087200cefcd9e1
RSP=0x000000cb3eafcad0, RBP=0x0000000000000000, RSI=0x0000000000000000, RDI=0x90087200cefcd9e1
R8 =0x000000cb3eafccd0, R9 =0x0000000000000000, R10=0x00007ff81c820000, R11=0x000000cb3eafcb58
R12=0x0000000000000000, R13=0x000000cb3eafcf00, R14=0x000000cb3eafccd0, R15=0x0000022bdda169b0
RIP=0x00007fffd49e173f, EFLAGS=0x0000000000010202

Top of Stack: (sp=0x000000cb3eafcad0)
0x000000cb3eafcad0:   0000000000000000 0000000000000000
0x000000cb3eafcae0:   00000007bd6d46e0 000000cb3eafcb90
0x000000cb3eafcaf0:   0000000700000000 fffffffffffffffe
0x000000cb3eafcb00:   0000000000000000 00007fffa7e66bf8
0x000000cb3eafcb10:   0000000000000000 000000000000000f
0x000000cb3eafcb20:   0000022bbb076b50 0000000000000000
0x000000cb3eafcb30:   000000000000000f 00007c244d61f29a
0x000000cb3eafcb40:   00006feef40517ac 0000022b90f79cf8
0x000000cb3eafcb50:   0000022bdc9624c8 00007fffd48e8e1d
0x000000cb3eafcb60:   0000011b000002af 000003f300000000
0x000000cb3eafcb70:   0000022beae8df90 000000cb3eafccd0
0x000000cb3eafcb80:   0000022beae8df90 fffffffffffffffe
0x000000cb3eafcb90:   00000007045fcde0 00000007bd6d46e0
0x000000cb3eafcba0:   0000016a000002af 0000050e00000000
0x000000cb3eafcbb0:   00006feef405161c 0000022b902b8128
0x000000cb3eafcbc0:   0000022bdda169b0 00007fffa7eaec96 

Instructions: (pc=0x00007fffd49e173f)
0x00007fffd49e171f:   6b 00 cc 48 83 f9 27 76 07 ff 15 32 45 6b 00 cc
0x00007fffd49e172f:   48 8b c8 e8 59 fa 57 00 48 8b c3 e9 1c 01 00 00
0x00007fffd49e173f:   48 8b 4f 50 48 85 c9 0f 84 ff 00 00 00 48 8d 54
0x00007fffd49e174f:   24 50 e8 7a e0 04 00 48 8b d0 48 8d 4c 24 30 e8 


Register to memory mapping:

RAX=0x0000022b86e6cf01 is an unknown value
RBX=0x000000cb3eafcb90 is pointing into the stack for thread: 0x0000022ba982b000
RCX=0x0000022b86e6cf30 is an unknown value
RDX=0x90087200cefcd9e1 is an unknown value
RSP=0x000000cb3eafcad0 is pointing into the stack for thread: 0x0000022ba982b000
RBP=0x0000000000000000 is an unknown value
RSI=0x0000000000000000 is an unknown value
RDI=0x90087200cefcd9e1 is an unknown value
R8 =0x000000cb3eafccd0 is pointing into the stack for thread: 0x0000022ba982b000
R9 =0x0000000000000000 is an unknown value
R10=0x00007ff81c820000 is an unknown value
R11=0x000000cb3eafcb58 is pointing into the stack for thread: 0x0000022ba982b000
R12=0x0000000000000000 is an unknown value
R13=0x000000cb3eafcf00 is pointing into the stack for thread: 0x0000022ba982b000
R14=0x000000cb3eafccd0 is pointing into the stack for thread: 0x0000022ba982b000
R15=0x0000022bdda169b0 is an unknown value


Stack: [0x000000cb3e600000,0x000000cb3eb00000],  sp=0x000000cb3eafcad0,  free space=5106k
Native frames: (J=compiled Java code, j=interpreted, Vv=VM code, C=native code)

Java frames: (J=compiled Java code, j=interpreted, Vv=VM code)
J 19745  ui.views.simulator.executive.simulationi.SimulationExecutive_getCodeTooltipValue(JLjava/lang/String;IZ)Ljava/lang/String; (0 bytes) @ 0x0000022b901c25df [0x0000022b901c2580+0x5f]
J 19750 C1 ui.views.O.a.a(Ljava/awt/event/MouseEvent;Lui/views/d/b;)V (116 bytes) @ 0x0000022b9320a10c [0x0000022b93208c80+0x148c]
J 19739 C1 ui.views.O.d.mouseMoved(Ljava/awt/event/MouseEvent;)V (13 bytes) @ 0x0000022b9045e014 [0x0000022b9045df40+0xd4]
J 12748 C2 java.awt.AWTEventMulticaster.mouseMoved(Ljava/awt/event/MouseEvent;)V (27 bytes) @ 0x0000022b91dc2794 [0x0000022b91dc26e0+0xb4]
J 20850 C2 javax.swing.JComponent.processMouseMotionEvent(Ljava/awt/event/MouseEvent;)V (46 bytes) @ 0x0000022b93aaa020 [0x0000022b93aa9f40+0xe0]
J 10600 C2 java.awt.Container.processEvent(Ljava/awt/AWTEvent;)V (22 bytes) @ 0x0000022b91c96794 [0x0000022b91c96620+0x174]
J 20624 C1 java.awt.Component.dispatchEventImpl(Ljava/awt/AWTEvent;)V (883 bytes) @ 0x0000022b90d369f4 [0x0000022b90d314e0+0x5514]
J 19053 C2 java.awt.Container.dispatchEventImpl(Ljava/awt/AWTEvent;)V (129 bytes) @ 0x0000022b9356c310 [0x0000022b9356c2c0+0x50]
J 20856 C1 java.awt.LightweightDispatcher.retargetMouseEvent(Ljava/awt/Component;ILjava/awt/event/MouseEvent;)V (350 bytes) @ 0x0000022b93adac34 [0x0000022b93ad88e0+0x2354]
J 18915 C2 java.awt.LightweightDispatcher.processMouseEvent(Ljava/awt/event/MouseEvent;)Z (286 bytes) @ 0x0000022b934b6778 [0x0000022b934b6240+0x538]
J 19053 C2 java.awt.Container.dispatchEventImpl(Ljava/awt/AWTEvent;)V (129 bytes) @ 0x0000022b9356c574 [0x0000022b9356c2c0+0x2b4]
J 19166 C2 java.awt.Window.dispatchEventImpl(Ljava/awt/AWTEvent;)V (23 bytes) @ 0x0000022b91a86b0c [0x0000022b91a86ac0+0x4c]
J 11725 C2 java.awt.EventQueue$3.run()Ljava/lang/Object; (5 bytes) @ 0x0000022b92022e58 [0x0000022b92022a40+0x418]
v  ~StubRoutines::call_stub
J 2348  java.security.AccessController.doPrivileged(Ljava/security/PrivilegedAction;Ljava/security/AccessControlContext;)Ljava/lang/Object; (0 bytes) @ 0x0000022b905a79a6 [0x0000022b905a7940+0x66]
J 13327 C2 java.awt.EventQueue$4.run()Ljava/lang/Object; (5 bytes) @ 0x0000022b9245c5a8 [0x0000022b9245c420+0x188]
v  ~StubRoutines::call_stub
J 2348  java.security.AccessController.doPrivileged(Ljava/security/PrivilegedAction;Ljava/security/AccessControlContext;)Ljava/lang/Object; (0 bytes) @ 0x0000022b905a79a6 [0x0000022b905a7940+0x66]
J 11832 C2 ui.frmwork.b.d.dispatchEvent(Ljava/awt/AWTEvent;)V (45 bytes) @ 0x0000022b92080a4c [0x0000022b920807a0+0x2ac]
J 11835 C2 java.awt.EventDispatchThread.pumpOneEventForFilters(I)V (295 bytes) @ 0x0000022b9207cb7c [0x0000022b9207c8a0+0x2dc]
J 17118% C2 java.awt.EventDispatchThread.pumpEventsForFilter(ILjava/awt/Conditional;Ljava/awt/EventFilter;)V (47 bytes) @ 0x0000022b91af24c0 [0x0000022b91af23c0+0x100]
j  java.awt.EventDispatchThread.pumpEventsForHierarchy(ILjava/awt/Conditional;Ljava/awt/Component;)V+11
j  java.awt.EventDispatchThread.pumpEvents(ILjava/awt/Conditional;)V+4
j  java.awt.EventDispatchThread.pumpEvents(Ljava/awt/Conditional;)V+3
j  java.awt.EventDispatchThread.run()V+9
v  ~StubRoutines::call_stub

---------------  P R O C E S S  ---------------

Java Threads: ( => current thread )
  0x0000022baa30b000 JavaThread "Relaunch Simulation" [_thread_in_native, id=10888, stack(0x000000cb43600000,0x000000cb43b00000)]
  0x0000022ba8bca800 JavaThread "Monitor File Timestamp Swing Worker" [_thread_blocked, id=23416, stack(0x000000cb41300000,0x000000cb41800000)]
  0x0000022ba8bc8800 JavaThread "Timer-3" [_thread_blocked, id=17708, stack(0x000000cb3eb00000,0x000000cb3f000000)]
  0x0000022baa30d800 JavaThread "Thread-739" [_thread_in_native, id=20608, stack(0x000000cb38800000,0x000000cb38900000)]
  0x0000022baa30c800 JavaThread "Thread-738" [_thread_in_native, id=2332, stack(0x000000cb38600000,0x000000cb38700000)]
  0x0000022baa301800 JavaThread "Monitor File Timestamp Swing Worker" [_thread_blocked, id=22636, stack(0x000000cb42200000,0x000000cb42700000)]
  0x0000022baa305000 JavaThread "Timer-2" [_thread_blocked, id=16416, stack(0x000000cb41d00000,0x000000cb42200000)]
  0x0000022baa307800 JavaThread "Monitor File Timestamp Swing Worker" [_thread_blocked, id=13856, stack(0x000000cb43100000,0x000000cb43600000)]
  0x0000022baa300000 JavaThread "Timer-1" [_thread_blocked, id=1736, stack(0x000000cb42c00000,0x000000cb43100000)]
  0x0000022baa306800 JavaThread "SyntheticaAnimation 50" daemon [_thread_blocked, id=2600, stack(0x000000cb42700000,0x000000cb42c00000)]
  0x0000022baa2fe800 JavaThread "Image Animator 3" daemon [_thread_blocked, id=8100, stack(0x000000cb41800000,0x000000cb41d00000)]
  0x0000022baa304800 JavaThread "Thread-24" [_thread_in_native, id=22560, stack(0x000000cb3eb00000,0x000000cb3ec00000)]
  0x0000022baa303800 JavaThread "Thread-23" [_thread_in_native, id=17176, stack(0x000000cb40c00000,0x000000cb40d00000)]
  0x0000022ba8bc9000 JavaThread "hw_ila_monitor" [_thread_blocked, id=12236, stack(0x000000cb40700000,0x000000cb40c00000)]
  0x0000022ba8bc6000 JavaThread "Update Runs Swing Worker" [_thread_blocked, id=17956, stack(0x000000cb40200000,0x000000cb40700000)]
  0x0000022ba8bc4800 JavaThread "Refresh Filesets Swing Worker" [_thread_blocked, id=10252, stack(0x000000cb3d700000,0x000000cb3dc00000)]
  0x0000022ba8bc7800 JavaThread "SyntheticaAnimation 70" daemon [_thread_blocked, id=22696, stack(0x000000cb3f500000,0x000000cb3fa00000)]
  0x0000022ba8bc5800 JavaThread "SyntheticaAnimation 25" daemon [_thread_blocked, id=13744, stack(0x000000cb40e00000,0x000000cb41300000)]
  0x0000022ba8bc7000 JavaThread "SyntheticaAnimation 50" daemon [_thread_blocked, id=816, stack(0x000000cb3fd00000,0x000000cb40200000)]
  0x0000022ba8bca000 JavaThread "SyntheticaCleanerThread" daemon [_thread_blocked, id=12104, stack(0x000000cb3f000000,0x000000cb3f500000)]
  0x0000022ba89ee000 JavaThread "Batik CleanerThread" daemon [_thread_blocked, id=22456, stack(0x000000cb3dc00000,0x000000cb3e100000)]
=>0x0000022ba982b000 JavaThread "AWT-EventQueue-1" [_thread_in_native, id=1244, stack(0x000000cb3e600000,0x000000cb3eb00000)]
  0x0000022ba8ab6000 JavaThread "Process Messages" [_thread_blocked, id=21492, stack(0x000000cb3e100000,0x000000cb3e600000)]
  0x0000022ba891f800 JavaThread "Thread-3" [_thread_in_native, id=21872, stack(0x000000cb38900000,0x000000cb39d00000)]
  0x0000022ba886e800 JavaThread "AWT-Windows" daemon [_thread_in_native, id=21104, stack(0x000000cb3d200000,0x000000cb3d700000)]
  0x0000022ba8806000 JavaThread "AWT-Shutdown" [_thread_blocked, id=15196, stack(0x000000cb3cd00000,0x000000cb3d200000)]
  0x0000022ba8805000 JavaThread "Java2D Disposer" daemon [_thread_blocked, id=12580, stack(0x000000cb3c800000,0x000000cb3cd00000)]
  0x0000022ba8849800 JavaThread "TimerQueue" daemon [_thread_blocked, id=15452, stack(0x000000cb3c300000,0x000000cb3c800000)]
  0x0000022ba6f24800 JavaThread "Service Thread" daemon [_thread_blocked, id=12992, stack(0x000000cb3bd00000,0x000000cb3c200000)]
  0x0000022ba6f18000 JavaThread "C1 CompilerThread2" daemon [_thread_blocked, id=14772, stack(0x000000cb3bc00000,0x000000cb3bd00000)]
  0x0000022ba6f14800 JavaThread "C2 CompilerThread1" daemon [_thread_blocked, id=20652, stack(0x000000cb3bb00000,0x000000cb3bc00000)]
  0x0000022ba6f13800 JavaThread "C2 CompilerThread0" daemon [_thread_blocked, id=21184, stack(0x000000cb3ba00000,0x000000cb3bb00000)]
  0x0000022ba6f11000 JavaThread "Attach Listener" daemon [_thread_blocked, id=21220, stack(0x000000cb3b500000,0x000000cb3ba00000)]
  0x0000022ba6f10000 JavaThread "Signal Dispatcher" daemon [_thread_blocked, id=16308, stack(0x000000cb3b000000,0x000000cb3b500000)]
  0x0000022ba6ef4800 JavaThread "Finalizer" daemon [_thread_blocked, id=10612, stack(0x000000cb3ab00000,0x000000cb3b000000)]
  0x0000022b8fdf5800 JavaThread "Reference Handler" daemon [_thread_blocked, id=17356, stack(0x000000cb3a600000,0x000000cb3ab00000)]
  0x0000022b8fd04800 JavaThread "main" [_thread_blocked, id=20132, stack(0x000000cb3a000000,0x000000cb3a100000)]

Other Threads:
  0x0000022ba6ed0000 VMThread [stack: 0x000000cb3a500000,0x000000cb3a600000] [id=22540]
  0x0000022ba6f44000 WatcherThread [stack: 0x000000cb3c200000,0x000000cb3c300000] [id=11148]

VM state:not at safepoint (normal execution)

VM Mutex/Monitor currently owned by a thread: None

Heap:
 PSYoungGen      total 45056K, used 25345K [0x00000007bc400000, 0x00000007c0000000, 0x00000007c0000000)
  eden space 28672K, 68% used [0x00000007bc400000,0x00000007bd7516b8,0x00000007be000000)
  from space 16384K, 33% used [0x00000007be000000,0x00000007be56f140,0x00000007bf000000)
  to   space 16384K, 0% used [0x00000007bf000000,0x00000007bf000000,0x00000007c0000000)
 ParOldGen       total 160768K, used 94767K [0x0000000700000000, 0x0000000709d00000, 0x00000007bc400000)
  object space 160768K, 58% used [0x0000000700000000,0x0000000705c8bf18,0x0000000709d00000)
 Metaspace       used 71624K, capacity 72313K, committed 73088K, reserved 1112064K
  class space    used 9609K, capacity 9765K, committed 9856K, reserved 1048576K

Card table byte_map: [0x0000022b9f1c0000,0x0000022b9f7d0000] byte_map_base: 0x0000022b9b9c0000

Marking Bits: (ParMarkBitMap*) 0x000000007054a6d0
 Begin Bits: [0x0000022b9fdc0000, 0x0000022ba2dc0000)
 End Bits:   [0x0000022ba2dc0000, 0x0000022ba5dc0000)

Polling page: 0x0000022b86c60000

CodeCache: size=245760Kb used=61689Kb max_used=61835Kb free=184071Kb
 bounds [0x0000022b8fe00000, 0x0000022b93af0000, 0x0000022b9ee00000]
 total_blobs=16612 nmethods=15708 adapters=808
 compilation: enabled

Compilation events (10 events):
Event: 4704.478 Thread 0x0000022ba6f18000 20867   !   3       com.jidesoft.grid.FilterableTableModel::tableRowsDeleted (68 bytes)
Event: 4704.479 Thread 0x0000022ba6f18000 nmethod 20867 0x0000022b922dc2d0 code [0x0000022b922dc4c0, 0x0000022b922dce80]
Event: 4704.480 Thread 0x0000022ba6f18000 20868       3       com.jidesoft.grid.TreeTable::b (268 bytes)
Event: 4704.481 Thread 0x0000022ba6f18000 nmethod 20868 0x0000022b937d27d0 code [0x0000022b937d2a80, 0x0000022b937d4410]
Event: 4704.482 Thread 0x0000022ba6f18000 20869       3       ui.utils.i.j.ay::cleanup (15 bytes)
Event: 4704.483 Thread 0x0000022ba6f18000 nmethod 20869 0x0000022b922db490 code [0x0000022b922db640, 0x0000022b922dbf60]
Event: 4705.446 Thread 0x0000022ba6f14800 20870       4       javax.swing.tree.TreePath::equals (71 bytes)
Event: 4705.448 Thread 0x0000022ba6f14800 nmethod 20870 0x0000022b9028e390 code [0x0000022b9028e4e0, 0x0000022b9028e678]
Event: 4705.487 Thread 0x0000022ba6f18000 20871       3       javax.swing.JFrame::processWindowEvent (71 bytes)
Event: 4705.488 Thread 0x0000022ba6f18000 nmethod 20871 0x0000022b913d1290 code [0x0000022b913d1460, 0x0000022b913d1bb0]

GC Heap History (10 events):
Event: 4662.555 GC heap before
{Heap before GC invocations=418 (full 23):
 PSYoungGen      total 44032K, used 37364K [0x00000007bc400000, 0x00000007c0000000, 0x00000007c0000000)
  eden space 26624K, 100% used [0x00000007bc400000,0x00000007bde00000,0x00000007bde00000)
  from space 17408K, 61% used [0x00000007bef00000,0x00000007bf97d058,0x00000007c0000000)
  to   space 17408K, 0% used [0x00000007bde00000,0x00000007bde00000,0x00000007bef00000)
 ParOldGen       total 160768K, used 89626K [0x0000000700000000, 0x0000000709d00000, 0x00000007bc400000)
  object space 160768K, 55% used [0x0000000700000000,0x0000000705786948,0x0000000709d00000)
 Metaspace       used 71586K, capacity 72249K, committed 72832K, reserved 1112064K
  class space    used 9609K, capacity 9765K, committed 9856K, reserved 1048576K
Event: 4662.564 GC heap after
Heap after GC invocations=418 (full 23):
 PSYoungGen      total 44032K, used 10724K [0x00000007bc400000, 0x00000007c0000000, 0x00000007c0000000)
  eden space 26624K, 0% used [0x00000007bc400000,0x00000007bc400000,0x00000007bde00000)
  from space 17408K, 61% used [0x00000007bde00000,0x00000007be879178,0x00000007bef00000)
  to   space 16896K, 0% used [0x00000007bef80000,0x00000007bef80000,0x00000007c0000000)
 ParOldGen       total 160768K, used 89690K [0x0000000700000000, 0x0000000709d00000, 0x00000007bc400000)
  object space 160768K, 55% used [0x0000000700000000,0x0000000705796958,0x0000000709d00000)
 Metaspace       used 71586K, capacity 72249K, committed 72832K, reserved 1112064K
  class space    used 9609K, capacity 9765K, committed 9856K, reserved 1048576K
}
Event: 4663.098 GC heap before
{Heap before GC invocations=419 (full 23):
 PSYoungGen      total 44032K, used 37348K [0x00000007bc400000, 0x00000007c0000000, 0x00000007c0000000)
  eden space 26624K, 100% used [0x00000007bc400000,0x00000007bde00000,0x00000007bde00000)
  from space 17408K, 61% used [0x00000007bde00000,0x00000007be879178,0x00000007bef00000)
  to   space 16896K, 0% used [0x00000007bef80000,0x00000007bef80000,0x00000007c0000000)
 ParOldGen       total 160768K, used 89690K [0x0000000700000000, 0x0000000709d00000, 0x00000007bc400000)
  object space 160768K, 55% used [0x0000000700000000,0x0000000705796958,0x0000000709d00000)
 Metaspace       used 71592K, capacity 72249K, committed 72832K, reserved 1112064K
  class space    used 9609K, capacity 9765K, committed 9856K, reserved 1048576K
Event: 4663.108 GC heap after
Heap after GC invocations=419 (full 23):
 PSYoungGen      total 44544K, used 7404K [0x00000007bc400000, 0x00000007c0000000, 0x00000007c0000000)
  eden space 27648K, 0% used [0x00000007bc400000,0x00000007bc400000,0x00000007bdf00000)
  from space 16896K, 43% used [0x00000007bef80000,0x00000007bf6bb020,0x00000007c0000000)
  to   space 16896K, 0% used [0x00000007bdf00000,0x00000007bdf00000,0x00000007bef80000)
 ParOldGen       total 160768K, used 93016K [0x0000000700000000, 0x0000000709d00000, 0x00000007bc400000)
  object space 160768K, 57% used [0x0000000700000000,0x0000000705ad6050,0x0000000709d00000)
 Metaspace       used 71592K, capacity 72249K, committed 72832K, reserved 1112064K
  class space    used 9609K, capacity 9765K, committed 9856K, reserved 1048576K
}
Event: 4669.401 GC heap before
{Heap before GC invocations=420 (full 23):
 PSYoungGen      total 44544K, used 35052K [0x00000007bc400000, 0x00000007c0000000, 0x00000007c0000000)
  eden space 27648K, 100% used [0x00000007bc400000,0x00000007bdf00000,0x00000007bdf00000)
  from space 16896K, 43% used [0x00000007bef80000,0x00000007bf6bb020,0x00000007c0000000)
  to   space 16896K, 0% used [0x00000007bdf00000,0x00000007bdf00000,0x00000007bef80000)
 ParOldGen       total 160768K, used 93016K [0x0000000700000000, 0x0000000709d00000, 0x00000007bc400000)
  object space 160768K, 57% used [0x0000000700000000,0x0000000705ad6050,0x0000000709d00000)
 Metaspace       used 71593K, capacity 72249K, committed 72832K, reserved 1112064K
  class space    used 9609K, capacity 9765K, committed 9856K, reserved 1048576K
Event: 4669.407 GC heap after
Heap after GC invocations=420 (full 23):
 PSYoungGen      total 44544K, used 5804K [0x00000007bc400000, 0x00000007c0000000, 0x00000007c0000000)
  eden space 27648K, 0% used [0x00000007bc400000,0x00000007bc400000,0x00000007bdf00000)
  from space 16896K, 34% used [0x00000007bdf00000,0x00000007be4ab020,0x00000007bef80000)
  to   space 16384K, 0% used [0x00000007bf000000,0x00000007bf000000,0x00000007c0000000)
 ParOldGen       total 160768K, used 94615K [0x0000000700000000, 0x0000000709d00000, 0x00000007bc400000)
  object space 160768K, 58% used [0x0000000700000000,0x0000000705c65f18,0x0000000709d00000)
 Metaspace       used 71593K, capacity 72249K, committed 72832K, reserved 1112064K
  class space    used 9609K, capacity 9765K, committed 9856K, reserved 1048576K
}
Event: 4679.246 GC heap before
{Heap before GC invocations=421 (full 23):
 PSYoungGen      total 44544K, used 33452K [0x00000007bc400000, 0x00000007c0000000, 0x00000007c0000000)
  eden space 27648K, 100% used [0x00000007bc400000,0x00000007bdf00000,0x00000007bdf00000)
  from space 16896K, 34% used [0x00000007bdf00000,0x00000007be4ab020,0x00000007bef80000)
  to   space 16384K, 0% used [0x00000007bf000000,0x00000007bf000000,0x00000007c0000000)
 ParOldGen       total 160768K, used 94615K [0x0000000700000000, 0x0000000709d00000, 0x00000007bc400000)
  object space 160768K, 58% used [0x0000000700000000,0x0000000705c65f18,0x0000000709d00000)
 Metaspace       used 71616K, capacity 72313K, committed 73088K, reserved 1112064K
  class space    used 9609K, capacity 9765K, committed 9856K, reserved 1048576K
Event: 4679.251 GC heap after
Heap after GC invocations=421 (full 23):
 PSYoungGen      total 45056K, used 5836K [0x00000007bc400000, 0x00000007c0000000, 0x00000007c0000000)
  eden space 28672K, 0% used [0x00000007bc400000,0x00000007bc400000,0x00000007be000000)
  from space 16384K, 35% used [0x00000007bf000000,0x00000007bf5b3260,0x00000007c0000000)
  to   space 16384K, 0% used [0x00000007be000000,0x00000007be000000,0x00000007bf000000)
 ParOldGen       total 160768K, used 94647K [0x0000000700000000, 0x0000000709d00000, 0x00000007bc400000)
  object space 160768K, 58% used [0x0000000700000000,0x0000000705c6df18,0x0000000709d00000)
 Metaspace       used 71616K, capacity 72313K, committed 73088K, reserved 1112064K
  class space    used 9609K, capacity 9765K, committed 9856K, reserved 1048576K
}
Event: 4703.767 GC heap before
{Heap before GC invocations=422 (full 23):
 PSYoungGen      total 45056K, used 34508K [0x00000007bc400000, 0x00000007c0000000, 0x00000007c0000000)
  eden space 28672K, 100% used [0x00000007bc400000,0x00000007be000000,0x00000007be000000)
  from space 16384K, 35% used [0x00000007bf000000,0x00000007bf5b3260,0x00000007c0000000)
  to   space 16384K, 0% used [0x00000007be000000,0x00000007be000000,0x00000007bf000000)
 ParOldGen       total 160768K, used 94647K [0x0000000700000000, 0x0000000709d00000, 0x00000007bc400000)
  object space 160768K, 58% used [0x0000000700000000,0x0000000705c6df18,0x0000000709d00000)
 Metaspace       used 71616K, capacity 72313K, committed 73088K, reserved 1112064K
  class space    used 9609K, capacity 9765K, committed 9856K, reserved 1048576K
Event: 4703.772 GC heap after
Heap after GC invocations=422 (full 23):
 PSYoungGen      total 45056K, used 5564K [0x00000007bc400000, 0x00000007c0000000, 0x00000007c0000000)
  eden space 28672K, 0% used [0x00000007bc400000,0x00000007bc400000,0x00000007be000000)
  from space 16384K, 33% used [0x00000007be000000,0x00000007be56f140,0x00000007bf000000)
  to   space 16384K, 0% used [0x00000007bf000000,0x00000007bf000000,0x00000007c0000000)
 ParOldGen       total 160768K, used 94767K [0x0000000700000000, 0x0000000709d00000, 0x00000007bc400000)
  object space 160768K, 58% used [0x0000000700000000,0x0000000705c8bf18,0x0000000709d00000)
 Metaspace       used 71616K, capacity 72313K, committed 73088K, reserved 1112064K
  class space    used 9609K, capacity 9765K, committed 9856K, reserved 1048576K
}

Deoptimization events (10 events):
Event: 4681.669 Thread 0x0000022ba982b000 Uncommon trap: reason=class_check action=maybe_recompile pc=0x0000022b92ba15e8 method=java.awt.Component.processMouseMotionEvent(Ljava/awt/event/MouseEvent;)V @ 52
Event: 4681.677 Thread 0x0000022ba982b000 Uncommon trap: reason=class_check action=maybe_recompile pc=0x0000022b92ba15e8 method=java.awt.Component.processMouseMotionEvent(Ljava/awt/event/MouseEvent;)V @ 52
Event: 4681.685 Thread 0x0000022ba982b000 Uncommon trap: reason=class_check action=maybe_recompile pc=0x0000022b92ba15e8 method=java.awt.Component.processMouseMotionEvent(Ljava/awt/event/MouseEvent;)V @ 52
Event: 4681.693 Thread 0x0000022ba982b000 Uncommon trap: reason=class_check action=maybe_recompile pc=0x0000022b934ea8a0 method=java.awt.Component.processMouseMotionEvent(Ljava/awt/event/MouseEvent;)V @ 52
Event: 4703.541 Thread 0x0000022ba886e800 Uncommon trap: reason=unstable_if action=reinterpret pc=0x0000022b90105078 method=java.awt.event.MouseEvent.<init>(Ljava/awt/Component;IJIIIIIIZI)V @ 91
Event: 4703.541 Thread 0x0000022ba982b000 Uncommon trap: reason=unstable_if action=reinterpret pc=0x0000022b938a6620 method=java.awt.event.MouseEvent.<init>(Ljava/awt/Component;IJIIIIIIZI)V @ 91
Event: 4703.566 Thread 0x0000022ba982b000 Uncommon trap: reason=null_check action=make_not_entrant pc=0x0000022b91eda090 method=javax.swing.tree.TreePath.equals(Ljava/lang/Object;)Z @ 8
Event: 4704.358 Thread 0x0000022ba982b000 Uncommon trap: reason=class_check action=maybe_recompile pc=0x0000022b92c083e0 method=com.jidesoft.swing.JideSwingUtilities.getButtonState(Ljavax/swing/AbstractButton;)I @ 37
Event: 4704.358 Thread 0x0000022ba982b000 Uncommon trap: reason=class_check action=maybe_recompile pc=0x0000022b92b31008 method=com.jidesoft.plaf.basic.BasicJideButtonUI.getIcon(Ljavax/swing/AbstractButton;)Ljavax/swing/Icon; @ 91
Event: 4704.465 Thread 0x0000022ba982b000 Uncommon trap: reason=class_check action=maybe_recompile pc=0x0000022b9158ff0c method=javax.swing.AbstractButton.setEnabled(Z)V @ 21

Internal exceptions (10 events):
Event: 4663.501 Thread 0x0000022ba982b000 Exception <a 'java/io/FileNotFoundException'> (0x00000007bc4b4b68) thrown at [C:\re\workspace\8-2-build-windows-amd64-cygwin\jdk8u112\7884\hotspot\src\share\vm\prims\jni.cpp, line 709]
Event: 4668.501 Thread 0x0000022ba982b000 Exception <a 'java/io/FileNotFoundException'> (0x00000007bdd457b8) thrown at [C:\re\workspace\8-2-build-windows-amd64-cygwin\jdk8u112\7884\hotspot\src\share\vm\prims\jni.cpp, line 709]
Event: 4673.501 Thread 0x0000022ba982b000 Exception <a 'java/io/FileNotFoundException'> (0x00000007bcfd8ba0) thrown at [C:\re\workspace\8-2-build-windows-amd64-cygwin\jdk8u112\7884\hotspot\src\share\vm\prims\jni.cpp, line 709]
Event: 4678.503 Thread 0x0000022ba982b000 Exception <a 'java/io/FileNotFoundException'> (0x00000007bd6e9c58) thrown at [C:\re\workspace\8-2-build-windows-amd64-cygwin\jdk8u112\7884\hotspot\src\share\vm\prims\jni.cpp, line 709]
Event: 4683.504 Thread 0x0000022ba982b000 Exception <a 'java/io/FileNotFoundException'> (0x00000007bcee0e98) thrown at [C:\re\workspace\8-2-build-windows-amd64-cygwin\jdk8u112\7884\hotspot\src\share\vm\prims\jni.cpp, line 709]
Event: 4688.505 Thread 0x0000022ba982b000 Exception <a 'java/io/FileNotFoundException'> (0x00000007bd318210) thrown at [C:\re\workspace\8-2-build-windows-amd64-cygwin\jdk8u112\7884\hotspot\src\share\vm\prims\jni.cpp, line 709]
Event: 4693.505 Thread 0x0000022ba982b000 Exception <a 'java/io/FileNotFoundException'> (0x00000007bd5cd798) thrown at [C:\re\workspace\8-2-build-windows-amd64-cygwin\jdk8u112\7884\hotspot\src\share\vm\prims\jni.cpp, line 709]
Event: 4698.506 Thread 0x0000022ba982b000 Exception <a 'java/io/FileNotFoundException'> (0x00000007bd879468) thrown at [C:\re\workspace\8-2-build-windows-amd64-cygwin\jdk8u112\7884\hotspot\src\share\vm\prims\jni.cpp, line 709]
Event: 4703.507 Thread 0x0000022ba982b000 Exception <a 'java/io/FileNotFoundException'> (0x00000007bdbb2200) thrown at [C:\re\workspace\8-2-build-windows-amd64-cygwin\jdk8u112\7884\hotspot\src\share\vm\prims\jni.cpp, line 709]
Event: 4703.566 Thread 0x0000022ba982b000 Implicit null exception at 0x0000022b91ed9f51 to 0x0000022b91eda081

Events (10 events):
Event: 4705.181 Thread 0x0000022baa30c000 Thread exited: 0x0000022baa30c000
Event: 4705.448 Thread 0x0000022ba6f14800 flushing nmethod 0x0000022b91910010
Event: 4705.448 Thread 0x0000022ba6f14800 flushing nmethod 0x0000022b91a150d0
Event: 4705.449 Thread 0x0000022ba6f14800 flushing nmethod 0x0000022b91b2bd50
Event: 4705.449 Thread 0x0000022ba6f14800 flushing nmethod 0x0000022b91bb0d90
Event: 4705.487 Executing VM operation: BulkRevokeBias
Event: 4705.488 Executing VM operation: BulkRevokeBias done
Event: 4705.489 Thread 0x0000022ba6f18000 flushing nmethod 0x0000022b91e96b10
Event: 4705.489 Thread 0x0000022ba6f18000 flushing nmethod 0x0000022b91ed4710
Event: 4705.489 Thread 0x0000022ba6f18000 flushing nmethod 0x0000022b91fe8510


Dynamic libraries:
0x00007ff7a2800000 - 0x00007ff7a2830000 	C:\Xilinx\Vivado\2018.2\bin\unwrapped\win64.o\vivado.exe
0x00007ff8352f0000 - 0x00007ff8354e5000 	C:\Windows\SYSTEM32\ntdll.dll
0x00007ff8334f0000 - 0x00007ff8335ae000 	C:\Windows\System32\KERNEL32.DLL
0x00007ff833080000 - 0x00007ff833348000 	C:\Windows\System32\KERNELBASE.dll
0x00007ff832b90000 - 0x00007ff832c90000 	C:\Windows\System32\ucrtbase.dll
0x00007ff81b060000 - 0x00007ff81b0ed000 	C:\Windows\SYSTEM32\MSVCP140.dll
0x00007ff8220a0000 - 0x00007ff8220b4000 	C:\Xilinx\Vivado\2018.2\lib\win64.o\librdi_commonmain.dll
0x00007ff81c820000 - 0x00007ff81c83b000 	C:\Windows\SYSTEM32\VCRUNTIME140.dll
0x00007fffd4870000 - 0x00007fffd5689000 	C:\Xilinx\Vivado\2018.2\lib\win64.o\librdi_common.dll
0x00007ff81bc40000 - 0x00007ff81bc54000 	C:\Xilinx\Vivado\2018.2\lib\win64.o\libboost_signals.dll
0x00007ff8341c0000 - 0x00007ff834360000 	C:\Windows\System32\USER32.dll
0x00007ff81f690000 - 0x00007ff81f69c000 	C:\Windows\SYSTEM32\VCRUNTIME140_1.dll
0x00007ff833050000 - 0x00007ff833072000 	C:\Windows\System32\win32u.dll
0x00007ff806a90000 - 0x00007ff806ab6000 	C:\Xilinx\Vivado\2018.2\lib\win64.o\libboost_filesystem.dll
0x00007ff833740000 - 0x00007ff83376a000 	C:\Windows\System32\GDI32.dll
0x00007ff82a4a0000 - 0x00007ff82a4aa000 	C:\Xilinx\Vivado\2018.2\lib\win64.o\librdi_commonversion.dll
0x00007ff833430000 - 0x00007ff8334de000 	C:\Windows\System32\ADVAPI32.dll
0x00007ff832c90000 - 0x00007ff832d9b000 	C:\Windows\System32\gdi32full.dll
0x00007ffff2710000 - 0x00007ffff2831000 	C:\Xilinx\Vivado\2018.2\lib\win64.o\librdi_commonxillic.dll
0x00007ff833610000 - 0x00007ff8336ae000 	C:\Windows\System32\msvcrt.dll
0x00007ff832e50000 - 0x00007ff832eed000 	C:\Windows\System32\msvcp_win.dll
0x00007ff8344b0000 - 0x00007ff83454c000 	C:\Windows\System32\sechost.dll
0x00007ff834a30000 - 0x00007ff835174000 	C:\Windows\System32\SHELL32.dll
0x0000000073590000 - 0x00000000736bb000 	C:\Xilinx\Vivado\2018.2\lib\win64.o\tcl85t.dll
0x00007ff8349c0000 - 0x00007ff834a2b000 	C:\Windows\System32\WS2_32.dll
0x00007fffeca80000 - 0x00007fffecdee000 	C:\Xilinx\Vivado\2018.2\lib\win64.o\libCOIN-all.dll
0x00007fffec390000 - 0x00007fffec645000 	C:\Xilinx\Vivado\2018.2\lib\win64.o\libXil_lmgr11.dll
0x00007ff8343c0000 - 0x00007ff83449b000 	C:\Windows\System32\COMDLG32.dll
0x00007ff81b180000 - 0x00007ff81b194000 	C:\Xilinx\Vivado\2018.2\lib\win64.o\libboost_date_time.dll
0x00007ff833770000 - 0x00007ff833ac4000 	C:\Windows\System32\combase.dll
0x00007ff834010000 - 0x00007ff834135000 	C:\Windows\System32\RPCRT4.dll
0x00007ff833c80000 - 0x00007ff833d2d000 	C:\Windows\System32\shcore.dll
0x00007ffff66a0000 - 0x00007ffff671f000 	C:\Xilinx\Vivado\2018.2\lib\win64.o\libboost_program_options.dll
0x00007ff834360000 - 0x00007ff8343b5000 	C:\Windows\System32\SHLWAPI.dll
0x00007fffec270000 - 0x00007fffec384000 	C:\Xilinx\Vivado\2018.2\lib\win64.o\libboost_regex.dll
0x00007ff8027f0000 - 0x00007ff802811000 	C:\Xilinx\Vivado\2018.2\lib\win64.o\libboost_thread.dll
0x00007ff833f40000 - 0x00007ff83400d000 	C:\Windows\System32\OLEAUT32.dll
0x00007ff8285f0000 - 0x00007ff8285fb000 	C:\Xilinx\Vivado\2018.2\lib\win64.o\libboost_system.dll
0x00007ff835180000 - 0x00007ff8352aa000 	C:\Windows\System32\ole32.dll
0x00007ffff3640000 - 0x00007ffff36e5000 	C:\Xilinx\Vivado\2018.2\lib\win64.o\libhdxml.dll
0x00007ff832aa0000 - 0x00007ff832b08000 	C:\Windows\System32\WINTRUST.dll
0x00007ffff41f0000 - 0x00007ffff4272000 	C:\Xilinx\Vivado\2018.2\lib\win64.o\libhdlpsolve.dll
0x00007ff832ef0000 - 0x00007ff833046000 	C:\Windows\System32\CRYPT32.dll
0x00007ff800480000 - 0x00007ff8004ae000 	C:\Xilinx\Vivado\2018.2\lib\win64.o\libisl_sysinfo.dll
0x00007ff8248c0000 - 0x00007ff8248cf000 	C:\Xilinx\Vivado\2018.2\lib\win64.o\libboost_xilinx.dll
0x000000006fd30000 - 0x00000000705ca000 	C:\Xilinx\Vivado\2018.2\tps\win64\jre\bin\server\jvm.dll
0x00007ffff7960000 - 0x00007ffff79c5000 	C:\Xilinx\Vivado\2018.2\lib\win64.o\liblmx6.0.dll
0x00007ff8067b0000 - 0x00007ff8067ca000 	C:\Xilinx\Vivado\2018.2\lib\win64.o\pthreadVC2.dll
0x00007fffeb9b0000 - 0x00007fffec263c00 	C:\Xilinx\Vivado\2018.2\lib\win64.o\libisl_iostreams.dll
0x00007ff8344a0000 - 0x00007ff8344a8000 	C:\Windows\System32\PSAPI.DLL
0x00007ff806610000 - 0x00007ff80662c000 	C:\Xilinx\Vivado\2018.2\lib\win64.o\librdiconfig.dll
0x00007ff800310000 - 0x00007ff800331000 	C:\Xilinx\Vivado\2018.2\lib\win64.o\librdizlib.dll
0x0000000012000000 - 0x0000000012272000 	C:\Xilinx\Vivado\2018.2\lib\win64.o\xerces-c_3_1.dll
0x00007ff827d70000 - 0x00007ff827e7a000 	C:\Windows\SYSTEM32\WINHTTP.dll
0x00007ff81a5c0000 - 0x00007ff81aa96000 	C:\Windows\SYSTEM32\WININET.dll
0x00007ff822d70000 - 0x00007ff822f5c000 	C:\Windows\SYSTEM32\urlmon.dll
0x00007ff81c5c0000 - 0x00007ff81c5c9000 	C:\Windows\SYSTEM32\WSOCK32.dll
0x00007ff800050000 - 0x00007ff80007e000 	C:\Windows\SYSTEM32\VCOMP140.DLL
0x00007fffc9bb0000 - 0x00007fffcaa41000 	C:\Xilinx\Vivado\2018.2\lib\win64.o\gurobi65.dll
0x00007ff81bb90000 - 0x00007ff81bbaa000 	C:\Windows\SYSTEM32\NETAPI32.dll
0x00007ff81da60000 - 0x00007ff81db10000 	C:\Windows\WinSxS\amd64_microsoft.windows.common-controls_6595b64144ccf1df_5.82.19041.1110_none_792d1c772443f647\COMCTL32.dll
0x00007ff823ef0000 - 0x00007ff823efd000 	C:\Xilinx\Vivado\2018.2\lib\win64.o\libboost_chrono.dll
0x00007ff82bcb0000 - 0x00007ff82bccd000 	C:\Windows\SYSTEM32\dhcpcsvc.DLL
0x00007ff82a680000 - 0x00007ff82a6a7000 	C:\Windows\SYSTEM32\WINMM.dll
0x00007fffff3b0000 - 0x00007fffff3d5000 	C:\Xilinx\Vivado\2018.2\lib\win64.o\libisl_iosutils.dll
0x00007ff802900000 - 0x00007ff80291b000 	C:\Xilinx\Vivado\2018.2\lib\win64.o\libboost_iostreams.dll
0x00007ff82ae90000 - 0x00007ff82ae9a000 	C:\Windows\SYSTEM32\VERSION.dll
0x00007ff8286f0000 - 0x00007ff8289a1000 	C:\Windows\SYSTEM32\iertutil.dll
0x00000000734b0000 - 0x0000000073582000 	C:\Windows\SYSTEM32\MSVCR100.dll
0x00007ff831f50000 - 0x00007ff831f5c000 	C:\Windows\SYSTEM32\netutils.dll
0x00007ff827eb0000 - 0x00007ff827ed8000 	C:\Windows\SYSTEM32\srvcli.dll
0x00007fffe7e30000 - 0x00007fffe7f81000 	C:\Xilinx\Vivado\2018.2\lib\win64.o\librdi_curl.dll
0x00007ff833400000 - 0x00007ff833430000 	C:\Windows\System32\IMM32.DLL
0x00007ff832600000 - 0x00007ff832612000 	C:\Windows\SYSTEM32\MSASN1.dll
0x00007ff831290000 - 0x00007ff8312a2000 	C:\Windows\SYSTEM32\kernel.appcore.dll
0x00007fffe79a0000 - 0x00007fffe7e2c000 	C:\Xilinx\Vivado\2018.2\lib\win64.o\librdi_commontasks.dll
0x00007fffe7020000 - 0x00007fffe7297000 	C:\Xilinx\Vivado\2018.2\lib\win64.o\librdi_sio.dll
0x00007ff831e40000 - 0x00007ff831e7b000 	C:\Windows\SYSTEM32\IPHLPAPI.DLL
0x00007ff830af0000 - 0x00007ff831284000 	C:\Windows\SYSTEM32\windows.storage.dll
0x00007ff8323a0000 - 0x00007ff8323cc000 	C:\Windows\SYSTEM32\Wldp.dll
0x00007fffc79b0000 - 0x00007fffc9baf000 	C:\Xilinx\Vivado\2018.2\lib\win64.o\librdi_tcltasks.dll
0x00007fffe5480000 - 0x00007fffe5855000 	C:\Xilinx\Vivado\2018.2\lib\win64.o\librdi_bitstream.dll
0x00007fffe7820000 - 0x00007fffe799e000 	C:\Xilinx\Vivado\2018.2\lib\win64.o\librdi_board.dll
0x00007fffe59d0000 - 0x00007fffe5c17000 	C:\Xilinx\Vivado\2018.2\lib\win64.o\librdi_chipscope.dll
0x00007ffff78c0000 - 0x00007ffff792a000 	C:\Xilinx\Vivado\2018.2\lib\win64.o\librdi_boarddep.dll
0x00007fffe5090000 - 0x00007fffe51b8000 	C:\Xilinx\Vivado\2018.2\lib\win64.o\librdi_containers.dll
0x00007fffc6150000 - 0x00007fffc79a9000 	C:\Xilinx\Vivado\2018.2\lib\win64.o\librdi_constraints.dll
0x00007fffc4430000 - 0x00007fffc6141000 	C:\Xilinx\Vivado\2018.2\lib\win64.o\librdi_coregen.dll
0x00007fffd7160000 - 0x00007fffd7839000 	C:\Xilinx\Vivado\2018.2\lib\win64.o\librdi_coregenipxact.dll
0x00007fffc06c0000 - 0x00007fffc4422000 	C:\Xilinx\Vivado\2018.2\lib\win64.o\librdi_designutils.dll
0x00007fffd7fe0000 - 0x00007fffd8521000 	C:\Xilinx\Vivado\2018.2\lib\win64.o\librdi_drc.dll
0x00007fffec9b0000 - 0x00007fffeca72000 	C:\Xilinx\Vivado\2018.2\lib\win64.o\librdi_dsp.dll
0x00007fffb1ec0000 - 0x00007fffc06b8000 	C:\Xilinx\Vivado\2018.2\lib\win64.o\librdi_device.dll
0x00007fffd6980000 - 0x00007fffd6fb1000 	C:\Xilinx\Vivado\2018.2\lib\win64.o\librdi_filemgmt.dll
0x00007fffe4d50000 - 0x00007fffe5068000 	C:\Xilinx\Vivado\2018.2\lib\win64.o\librdi_dlyest.dll
0x00007fffd66a0000 - 0x00007fffd6971000 	C:\Xilinx\Vivado\2018.2\lib\win64.o\librdi_guitools.dll
0x00007ffffbcc0000 - 0x00007ffffbd18000 	C:\Xilinx\Vivado\2018.2\lib\win64.o\librdi_hdf.dll
0x00007fffb0c80000 - 0x00007fffb1eb4000 	C:\Xilinx\Vivado\2018.2\lib\win64.o\librdi_implflow.dll
0x00007fffd5ad0000 - 0x00007fffd6121000 	C:\Xilinx\Vivado\2018.2\lib\win64.o\librdi_memdata.dll
0x00007ffffb8d0000 - 0x00007ffffb919000 	C:\Xilinx\Vivado\2018.2\lib\win64.o\librdi_pfi.dll
0x00007fffd43c0000 - 0x00007fffd4862000 	C:\Xilinx\Vivado\2018.2\lib\win64.o\librdi_netlist.dll
0x00007fffd5840000 - 0x00007fffd5aca000 	C:\Xilinx\Vivado\2018.2\lib\win64.o\librdi_platform.dll
0x00007fffd3e80000 - 0x00007fffd43bd000 	C:\Xilinx\Vivado\2018.2\lib\win64.o\librdi_project.dll
0x00007fffaa2f0000 - 0x00007fffaa9d1000 	C:\Xilinx\Vivado\2018.2\lib\win64.o\librdi_psta.dll
0x00007fffaa9e0000 - 0x00007fffab0cc000 	C:\Xilinx\Vivado\2018.2\lib\win64.o\librdi_power.dll
0x00007fffd3290000 - 0x00007fffd38ce000 	C:\Xilinx\Vivado\2018.2\lib\win64.o\librdi_rsb.dll
0x00007fffd3ab0000 - 0x00007fffd3e73000 	C:\Xilinx\Vivado\2018.2\lib\win64.o\librdi_runs.dll
0x00007fffe6f40000 - 0x00007fffe7017000 	C:\Xilinx\Vivado\2018.2\lib\win64.o\librdi_runsbase.dll
0x00007fffaa0c0000 - 0x00007fffaa2e6000 	C:\Xilinx\Vivado\2018.2\lib\win64.o\librdi_simdata.dll
0x00007fffa93a0000 - 0x00007fffaa0bd000 	C:\Xilinx\Vivado\2018.2\lib\win64.o\librdi_timing.dll
0x00007fffe5900000 - 0x00007fffe59cb000 	C:\Xilinx\Vivado\2018.2\lib\win64.o\librdi_xhub.dll
0x00007fffab0d0000 - 0x00007fffad46e000 	C:\Xilinx\Vivado\2018.2\lib\win64.o\librdi_place.dll
0x00007fffad470000 - 0x00007fffb0c7a000 	C:\Xilinx\Vivado\2018.2\lib\win64.o\librdi_mig.dll
0x00007ffff7590000 - 0x00007ffff75dc000 	C:\Xilinx\Vivado\2018.2\lib\win64.o\libboost_serialization.dll
0x00007ffff2ae0000 - 0x00007ffff2b8f000 	C:\Xilinx\Vivado\2018.2\lib\win64.o\librdi_hip_devdesign.dll
0x00007ffff4430000 - 0x00007ffff4496000 	C:\Xilinx\Vivado\2018.2\lib\win64.o\librdi_ipconfig_readwrite.dll
0x00007ffffb7a0000 - 0x00007ffffb7d8000 	C:\Xilinx\Vivado\2018.2\lib\win64.o\librdi_noc_frameworks.dll
0x00007fffa88a0000 - 0x00007fffa9393000 	C:\Xilinx\Vivado\2018.2\lib\win64.o\libverific.dll
0x00007ffff3560000 - 0x00007ffff35e8000 	C:\Xilinx\Vivado\2018.2\lib\win64.o\librdi_hip_config.dll
0x00007fffa8350000 - 0x00007fffa889e000 	C:\Xilinx\Vivado\2018.2\lib\win64.o\librdi_xdm.dll
0x00007ffff69d0000 - 0x00007ffff6a19000 	C:\Xilinx\Vivado\2018.2\lib\win64.o\librdi_wavedata_SimpleApi.dll
0x00007fffa7da0000 - 0x00007fffa8341000 	C:\Xilinx\Vivado\2018.2\lib\win64.o\librdi_wavedata.dll
0x00007fffedfd0000 - 0x00007fffee06e000 	C:\Xilinx\Vivado\2018.2\lib\win64.o\libise.dll
0x00007fffa5d60000 - 0x00007fffa5fa3000 	C:\Xilinx\Vivado\2018.2\lib\win64.o\librdi_hsm.dll
0x00007fffa5fb0000 - 0x00007fffa7d92000 	C:\Xilinx\Vivado\2018.2\lib\win64.o\librdi_synth.dll
0x00007fffa4200000 - 0x00007fffa50f1000 	C:\Xilinx\Vivado\2018.2\lib\win64.o\librdi_route.dll
0x00007fffa3a90000 - 0x00007fffa41fe000 	C:\Xilinx\Vivado\2018.2\lib\win64.o\librdi_labtools.dll
0x00007ffff6880000 - 0x00007ffff68d2000 	C:\Xilinx\Vivado\2018.2\lib\win64.o\librdi_projectbase.dll

VM Arguments:
jvm_args: -Dsun.java2d.pmoffscreen=false -Dsun.java2d.xrender=false -Dsun.java2d.d3d=false -Dsun.awt.nopixfmt=true -Xverify:none -Dswing.aatext=true -XX:-UsePerfData -Djdk.map.althashing.threshold=512 -XX:StringTableSize=4072 -XX:NewSize=60m -XX:MaxNewSize=60m -Xms128m -Xmx3072m -Xss5m 
java_command: <unknown>
java_class_path (initial): C:/Xilinx/Vivado/2018.2\lib\classes\alloy.jar;C:/Xilinx/Vivado/2018.2\lib\classes\autopilot.scelaborator.jar;C:/Xilinx/Vivado/2018.2\lib\classes\autopilot.sourceprocessor.jar;C:/Xilinx/Vivado/2018.2\lib\classes\autopilot.tbprocessor.jar;C:/Xilinx/Vivado/2018.2\lib\classes\batik-anim.jar;C:/Xilinx/Vivado/2018.2\lib\classes\batik-awt-util.jar;C:/Xilinx/Vivado/2018.2\lib\classes\batik-bridge.jar;C:/Xilinx/Vivado/2018.2\lib\classes\batik-codec.jar;C:/Xilinx/Vivado/2018.2\lib\classes\batik-css.jar;C:/Xilinx/Vivado/2018.2\lib\classes\batik-dom.jar;C:/Xilinx/Vivado/2018.2\lib\classes\batik-ext.jar;C:/Xilinx/Vivado/2018.2\lib\classes\batik-gui-util.jar;C:/Xilinx/Vivado/2018.2\lib\classes\batik-gvt.jar;C:/Xilinx/Vivado/2018.2\lib\classes\batik-parser.jar;C:/Xilinx/Vivado/2018.2\lib\classes\batik-script.jar;C:/Xilinx/Vivado/2018.2\lib\classes\batik-svg-dom.jar;C:/Xilinx/Vivado/2018.2\lib\classes\batik-swing.jar;C:/Xilinx/Vivado/2018.2\lib\classes\batik-transcoder.jar;C:/Xilinx/Vivado/2018.2\lib\classes\batik-util.jar;C:/Xilinx/Vivado/2018.2\lib\classes\batik-xml.jar;C:/Xilinx/Vivado/2018.2\lib\classes\com.ibm.icu_4.4.2.v20110208.jar;C:/Xilinx/Vivado/2018.2\lib\classes\commons-collections4-4.1.jar;C:/Xilinx/Vivado/2018.2\lib\classes\commons-math-2.2.jar;C:/Xilinx/Vivado/2018.2\lib\classes\dom4j-1.6.1.jar;C:/Xilinx/Vivado/2018.2\lib\classes\guava-18.0.jar;C:/Xilinx/Vivado/2018.2\lib\classes\help.jar;C:/Xilinx/Vivado/2018.2\lib\classes\hsqldb.jar;C:/Xilinx/Vivado/2018.2\lib\classes\jargs.jar;C:/Xilinx/Vivado/2018.2\lib\classes\jh.jar;C:/Xilinx/Vivado/2018.2\lib\classes\jide-action.jar;C:/Xilinx/Vivado/2018.2\lib\classes\jide-charts.jar;C:/Xilinx/Vivado/2018.2\lib\classes\jide-common.jar;C:/Xilinx/Vivado/2018.2\lib\classes\jide-components.jar;C:/Xilinx/Vivado/2018.2\lib\classes\jide-dashboard.jar;C:/Xilinx/Vivado/2018.2\lib\classes\jide-data.jar;C:/Xilinx/Vivado/2018.2\lib\classes\jide-dialogs.jar;C:/Xilinx/Vivado/2018.2\lib\classes\jide-diff.jar;C:/X
Launcher Type: generic

Environment Variables:
PATH=C:/Xilinx/Vivado/2018.2/bin;C:/Xilinx/Vivado/2018.2/lib/win64.o;C:/Xilinx/Vivado/2018.2/tps/win64/jre/bin/server;C:/Xilinx/Vivado/2018.2/tps/win64/jre/bin;C:/Xilinx/SDK/2018.2/bin;C:/Xilinx/Vivado/2018.2/ids_lite/ISE/bin/nt64;C:/Xilinx/Vivado/2018.2/ids_lite/ISE/lib/nt64;C:\Program Files\NVIDIA GPU Computing Toolkit\CUDA\v11.6\bin;C:\Program Files\NVIDIA GPU Computing Toolkit\CUDA\v11.6\libnvvp;C:\Program Files (x86)\VMware\VMware Player\bin\;C:\Program Files (x86)\Common Files\Oracle\Java\javapath;C:\Windows\system32;C:\Windows;C:\Windows\System32\Wbem;C:\Windows\System32\WindowsPowerShell\v1.0\;C:\Windows\System32\OpenSSH\;C:\Program Files (x86)\NVIDIA Corporation\PhysX\Common;C:\Program Files\NVIDIA Corporation\NVIDIA NvDLISR;C:\Program Files (x86)\Microsoft SQL Server\150\DTS\Binn\;C:\Program Files\Microsoft SQL Server\Client SDK\ODBC\130\Tools\Binn\;C:\Program Files (x86)\Microsoft SQL Server\140\Tools\Binn\;C:\Program Files\Microsoft SQL Server\140\Tools\Binn\;C:\Program Files\Microsoft SQL Server\140\DTS\Binn\;C:\Program Files\Microsoft SQL Server\130\Tools\Binn\;C:\Program Files\MATLAB\R2018a\runtime\win64;C:\Program Files\MATLAB\R2018a\bin;C:\Program Files\NVIDIA Corporation\Nsight Compute 2022.1.0\;C:\Program Files\Cloudflare\Cloudflare WARP\;C:\Users\Ahmed\AppData\Local\Programs\Python\Python310\Scripts\;C:\Users\Ahmed\AppData\Local\Programs\Python\Python310\;C:\Users\Ahmed\AppData\Local\Microsoft\WindowsApps;C:\intelFPGA_lite\18.0\modelsim_ase\win32aloem;C:\Users\Ahmed\AppData\Local\GitHubDesktop\bin;C:\Modeltech_pe_edu_10.4a\win32pe_edu;C:\Program Files (x86)\Arduino;C:\Users\Ahmed\AppData\Local\Programs\Microsoft VS Code\bin;C:\Program Files (x86)\FreeArc\bin;C:\msys64\mingw64\bin;C:/Xilinx/Vivado/2018.2\tps\mingw\6.2.0\win64.o\nt\bin;C:/Xilinx/Vivado/2018.2\tps\mingw\6.2.0\win64.o\nt\libexec\gcc\x86_64-w64-mingw32\6.2.0
USERNAME=Ahmed
OS=Windows_NT
PROCESSOR_IDENTIFIER=AMD64 Family 23 Model 1 Stepping 1, AuthenticAMD



---------------  S Y S T E M  ---------------

OS: Windows 10.0 , 64 bit Build 19041 (10.0.19041.1645)

CPU:total 4 (4 cores per cpu, 1 threads per core) family 23 model 1 stepping 1, cmov, cx8, fxsr, mmx, sse, sse2, sse3, ssse3, sse4.1, sse4.2, popcnt, avx, avx2, aes, clmul, mmxext, 3dnowpref, lzcnt, sse4a, tsc, tscinvbit, tscinv, bmi1

Memory: 4k page, physical 16728848k(6836900k free), swap 22517580k(5552540k free)

vm_info: Java HotSpot(TM) 64-Bit Server VM (25.112-b15) for windows-amd64 JRE (1.8.0_112-b15), built on Sep 22 2016 21:31:56 by "java_re" with MS VC++ 10.0 (VS2010)

time: Sat May 07 17:36:49 2022
elapsed time: 4705 seconds (0d 1h 18m 25s)

