#
# A fatal error has been detected by the Java Runtime Environment:
#
#  EXCEPTION_ACCESS_VIOLATION (0xc0000005) at pc=0x00007ff8cf4c48e0, pid=7856, tid=0x00000000000002b8
#
# JRE version: Java(TM) SE Runtime Environment (8.0_112-b15) (build 1.8.0_112-b15)
# Java VM: Java HotSpot(TM) 64-Bit Server VM (25.112-b15 mixed mode windows-amd64 compressed oops)
# Problematic frame:
# C  [librdi_wavedata.dll+0x4148e0]
#
# Failed to write core dump. Minidumps are not enabled by default on client versions of Windows
#
# If you would like to submit a bug report, please visit:
#   http://bugreport.java.com/bugreport/crash.jsp
# The crash happened outside the Java Virtual Machine in native code.
# See problematic frame for where to report the bug.
#

---------------  T H R E A D  ---------------

Current thread (0x000001f7fe1ff000):  JavaThread "AWT-EventQueue-1" [_thread_in_native, id=696, stack(0x00000095b3900000,0x00000095b3e00000)]

siginfo: ExceptionCode=0xc0000005, ExceptionInformation=0x0000000000000008 0x00007ff8cf4c48e0

Registers:
RAX=0x00007ff8cf46f0e0, RBX=0x000001f78f7c3740, RCX=0x000001f7a552b2c0, RDX=0x00000095b3dfc6e8
RSP=0x00000095b3dfc5d8, RBP=0x0000000000000000, RSI=0x0000000000000001, RDI=0x000001f7a554aec0
R8 =0x0000000000000000, R9 =0x0000000000000000, R10=0x00007ff95cd00000, R11=0x0000000002000080
R12=0x0000000000000000, R13=0x000001f7898ff280, R14=0x000001f7a554b034, R15=0x000001f7898ff100
RIP=0x00007ff8cf4c48e0, EFLAGS=0x0000000000010246

Top of Stack: (sp=0x00000095b3dfc5d8)
0x00000095b3dfc5d8:   00007ff8d14063c2 000001f7a554aec0
0x00000095b3dfc5e8:   000001f78f7c3740 0000000000000000
0x00000095b3dfc5f8:   000000000000000e 00000000da9f0001
0x00000095b3dfc608:   7fffffffde96e970 0000000000000000
0x00000095b3dfc618:   00007ff96bde6020 fffffffffffffffe
0x00000095b3dfc628:   64656e6769736e75 000001f7daa10020
0x00000095b3dfc638:   0000000000000009 000000000000000f
0x00000095b3dfc648:   0000000000000000 0000000000001701
0x00000095b3dfc658:   000001f78fe6cb00 000001f7da9f0000
0x00000095b3dfc668:   0000000000000000 000000000000000f
0x00000095b3dfc678:   000001f7dea4d02e 000001f78fe6cb90
0x00000095b3dfc688:   000001f78fe6c600 000000000054494d
0x00000095b3dfc698:   0000000000000000 000000000000000f
0x00000095b3dfc6a8:   00007ff93a00202e 00000095b3dfc688
0x00000095b3dfc6b8:   000001f7a552b2c0 0000000000000003
0x00000095b3dfc6c8:   0000000000000000 000000000000000f 

Instructions: (pc=0x00007ff8cf4c48e0)
0x00007ff8cf4c48c0:   00 00 00 00 ff ff ff ff 00 00 00 00 40 00 00 00
0x00007ff8cf4c48d0:   70 48 41 00 00 00 00 00 00 00 00 00 00 00 00 00
0x00007ff8cf4c48e0:   01 00 00 00 00 00 00 00 00 00 00 00 18 63 53 00
0x00007ff8cf4c48f0:   08 49 41 00 e0 48 41 00 00 00 00 00 00 00 00 00 


Register to memory mapping:

RAX=0x00007ff8cf46f0e0 is an unknown value
RBX=0x000001f78f7c3740 is an unknown value
RCX=0x000001f7a552b2c0 is an unknown value
RDX=0x00000095b3dfc6e8 is pointing into the stack for thread: 0x000001f7fe1ff000
RSP=0x00000095b3dfc5d8 is pointing into the stack for thread: 0x000001f7fe1ff000
RBP=0x0000000000000000 is an unknown value
RSI=0x0000000000000001 is an unknown value
RDI=0x000001f7a554aec0 is an unknown value
R8 =0x0000000000000000 is an unknown value
R9 =0x0000000000000000 is an unknown value
R10=0x00007ff95cd00000 is an unknown value
R11=0x0000000002000080 is an unknown value
R12=0x0000000000000000 is an unknown value
R13=0x000001f7898ff280 is an unknown value
R14=0x000001f7a554b034 is an unknown value
R15=0x000001f7898ff100 is an unknown value


Stack: [0x00000095b3900000,0x00000095b3e00000],  sp=0x00000095b3dfc5d8,  free space=5105k
Native frames: (J=compiled Java code, j=interpreted, Vv=VM code, C=native code)

Java frames: (J=compiled Java code, j=interpreted, Vv=VM code)
J 18584  ui.views.simulator.executive.simulationi.SimulationExecutive_getCodeTooltipValue(JLjava/lang/String;IZ)Ljava/lang/String; (0 bytes) @ 0x000001f7e8bfbc9f [0x000001f7e8bfbc40+0x5f]
J 18588 C1 ui.views.O.a.a(Ljava/awt/event/MouseEvent;Lui/views/d/b;)V (116 bytes) @ 0x000001f7e8c0c2cc [0x000001f7e8c0ae40+0x148c]
J 18581 C1 ui.views.O.d.mouseMoved(Ljava/awt/event/MouseEvent;)V (13 bytes) @ 0x000001f7e8bb3fd4 [0x000001f7e8bb3f00+0xd4]
J 18026 C2 java.awt.AWTEventMulticaster.mouseMoved(Ljava/awt/event/MouseEvent;)V (27 bytes) @ 0x000001f7e5ea9e14 [0x000001f7e5ea9d60+0xb4]
J 18026 C2 java.awt.AWTEventMulticaster.mouseMoved(Ljava/awt/event/MouseEvent;)V (27 bytes) @ 0x000001f7e5ea9dd4 [0x000001f7e5ea9d60+0x74]
J 21995 C2 javax.swing.JComponent.processMouseMotionEvent(Ljava/awt/event/MouseEvent;)V (46 bytes) @ 0x000001f7e7039088 [0x000001f7e7039000+0x88]
J 19482 C2 java.awt.Container.processEvent(Ljava/awt/AWTEvent;)V (22 bytes) @ 0x000001f7e6f33414 [0x000001f7e6f33280+0x194]
J 21525 C2 java.awt.Component.dispatchEventImpl(Ljava/awt/AWTEvent;)V (883 bytes) @ 0x000001f7e918842c [0x000001f7e91874e0+0xf4c]
J 21516 C2 java.awt.Container.dispatchEventImpl(Ljava/awt/AWTEvent;)V (129 bytes) @ 0x000001f7e8f5b278 [0x000001f7e8f5b220+0x58]
J 21436 C2 java.awt.LightweightDispatcher.retargetMouseEvent(Ljava/awt/Component;ILjava/awt/event/MouseEvent;)V (350 bytes) @ 0x000001f7e94a4908 [0x000001f7e94a43e0+0x528]
J 21143 C2 java.awt.LightweightDispatcher.processMouseEvent(Ljava/awt/event/MouseEvent;)Z (286 bytes) @ 0x000001f7e9306cb8 [0x000001f7e9306780+0x538]
J 21516 C2 java.awt.Container.dispatchEventImpl(Ljava/awt/AWTEvent;)V (129 bytes) @ 0x000001f7e8f5b898 [0x000001f7e8f5b220+0x678]
J 18220 C2 java.awt.Window.dispatchEventImpl(Ljava/awt/AWTEvent;)V (23 bytes) @ 0x000001f7e8a76ccc [0x000001f7e8a76c80+0x4c]
J 11843 C2 java.awt.EventQueue$3.run()Ljava/lang/Object; (5 bytes) @ 0x000001f7e59f12f4 [0x000001f7e59f0f00+0x3f4]
v  ~StubRoutines::call_stub
J 2379  java.security.AccessController.doPrivileged(Ljava/security/PrivilegedAction;Ljava/security/AccessControlContext;)Ljava/lang/Object; (0 bytes) @ 0x000001f7e5e2b466 [0x000001f7e5e2b400+0x66]
J 16969 C2 java.awt.EventQueue$4.run()Ljava/lang/Object; (5 bytes) @ 0x000001f7e786fa28 [0x000001f7e786f8a0+0x188]
v  ~StubRoutines::call_stub
J 2379  java.security.AccessController.doPrivileged(Ljava/security/PrivilegedAction;Ljava/security/AccessControlContext;)Ljava/lang/Object; (0 bytes) @ 0x000001f7e5e2b466 [0x000001f7e5e2b400+0x66]
J 11810 C2 ui.frmwork.b.d.dispatchEvent(Ljava/awt/AWTEvent;)V (45 bytes) @ 0x000001f7e79c904c [0x000001f7e79c8da0+0x2ac]
J 21523 C2 java.awt.EventDispatchThread.pumpOneEventForFilters(I)V (295 bytes) @ 0x000001f7e822a84c [0x000001f7e822a480+0x3cc]
J 19674% C2 java.awt.EventDispatchThread.pumpEventsForFilter(ILjava/awt/Conditional;Ljava/awt/EventFilter;)V (47 bytes) @ 0x000001f7e8e9be70 [0x000001f7e8e9bd60+0x110]
j  java.awt.EventDispatchThread.pumpEventsForHierarchy(ILjava/awt/Conditional;Ljava/awt/Component;)V+11
j  java.awt.EventDispatchThread.pumpEvents(ILjava/awt/Conditional;)V+4
j  java.awt.EventDispatchThread.pumpEvents(Ljava/awt/Conditional;)V+3
j  java.awt.EventDispatchThread.run()V+9
v  ~StubRoutines::call_stub

---------------  P R O C E S S  ---------------

Java Threads: ( => current thread )
  0x000001f7828f3800 JavaThread "Relaunch Simulation" [_thread_in_native, id=17188, stack(0x00000095b7900000,0x00000095b7e00000)]
  0x000001f7841c3000 JavaThread "Thread-212" [_thread_in_native, id=16612, stack(0x00000095b2b00000,0x00000095b2c00000)]
  0x000001f7828fc800 JavaThread "Monitor File Timestamp Swing Worker" [_thread_blocked, id=6428, stack(0x00000095b7400000,0x00000095b7900000)]
  0x000001f7828fb000 JavaThread "Timer-2" [_thread_blocked, id=18400, stack(0x00000095b6e00000,0x00000095b7300000)]
  0x000001f7828f9800 JavaThread "Thread-70" [_thread_in_native, id=18092, stack(0x00000095b2c00000,0x00000095b2d00000)]
  0x000001f7828fd000 JavaThread "Thread-69" [_thread_in_native, id=548, stack(0x00000095b2d00000,0x00000095b2e00000)]
  0x000001f7828f2000 JavaThread "Image Animator 0" daemon [_thread_blocked, id=9652, stack(0x00000095b8800000,0x00000095b8d00000)]
  0x000001f7841be000 JavaThread "SyntheticaAnimation 50" daemon [_thread_blocked, id=940, stack(0x00000095b6900000,0x00000095b6e00000)]
  0x000001f7841c4800 JavaThread "Thread-23" [_thread_in_native, id=6148, stack(0x00000095b2a00000,0x00000095b2b00000)]
  0x000001f7841bd000 JavaThread "Thread-22" [_thread_in_native, id=9492, stack(0x00000095b7300000,0x00000095b7400000)]
  0x000001f7841c1000 JavaThread "hw_ila_monitor" [_thread_blocked, id=12820, stack(0x00000095b6400000,0x00000095b6900000)]
  0x000001f7841c0000 JavaThread "Update Runs Swing Worker" [_thread_blocked, id=10704, stack(0x00000095b5200000,0x00000095b5700000)]
  0x000001f7841c2800 JavaThread "Refresh Filesets Swing Worker" [_thread_blocked, id=14404, stack(0x00000095b3e00000,0x00000095b4300000)]
  0x000001f7841bf800 JavaThread "SyntheticaAnimation 70" daemon [_thread_blocked, id=14984, stack(0x00000095b4d00000,0x00000095b5200000)]
  0x000001f7841bc800 JavaThread "SyntheticaAnimation 25" daemon [_thread_blocked, id=8224, stack(0x00000095b5f00000,0x00000095b6400000)]
  0x000001f7ff888800 JavaThread "SyntheticaAnimation 50" daemon [_thread_blocked, id=1128, stack(0x00000095b5a00000,0x00000095b5f00000)]
  0x000001f7ff88c800 JavaThread "SyntheticaCleanerThread" daemon [_thread_blocked, id=12728, stack(0x00000095b4300000,0x00000095b4800000)]
  0x000001f7ff889800 JavaThread "Batik CleanerThread" daemon [_thread_blocked, id=9788, stack(0x00000095b2f00000,0x00000095b3400000)]
=>0x000001f7fe1ff000 JavaThread "AWT-EventQueue-1" [_thread_in_native, id=696, stack(0x00000095b3900000,0x00000095b3e00000)]
  0x000001f7fe1fb000 JavaThread "Process Messages" [_thread_blocked, id=13504, stack(0x00000095b3400000,0x00000095b3900000)]
  0x000001f7fe0f4800 JavaThread "Thread-3" [_thread_in_native, id=13020, stack(0x00000095adc00000,0x00000095af000000)]
  0x000001f7fe063800 JavaThread "AWT-Windows" daemon [_thread_in_native, id=1836, stack(0x00000095b2500000,0x00000095b2a00000)]
  0x000001f7fe06a800 JavaThread "AWT-Shutdown" [_thread_blocked, id=12620, stack(0x00000095b2000000,0x00000095b2500000)]
  0x000001f7fdff5000 JavaThread "Java2D Disposer" daemon [_thread_blocked, id=2984, stack(0x00000095b1b00000,0x00000095b2000000)]
  0x000001f7fdff4000 JavaThread "TimerQueue" daemon [_thread_blocked, id=14724, stack(0x00000095b1600000,0x00000095b1b00000)]
  0x000001f7fc753000 JavaThread "Service Thread" daemon [_thread_blocked, id=3340, stack(0x00000095b1000000,0x00000095b1500000)]
  0x000001f7fc74a000 JavaThread "C1 CompilerThread2" daemon [_thread_blocked, id=9772, stack(0x00000095b0f00000,0x00000095b1000000)]
  0x000001f7fc747000 JavaThread "C2 CompilerThread1" daemon [_thread_blocked, id=8496, stack(0x00000095b0e00000,0x00000095b0f00000)]
  0x000001f7fc745800 JavaThread "C2 CompilerThread0" daemon [_thread_blocked, id=14180, stack(0x00000095b0d00000,0x00000095b0e00000)]
  0x000001f7fc744800 JavaThread "Attach Listener" daemon [_thread_blocked, id=17196, stack(0x00000095b0800000,0x00000095b0d00000)]
  0x000001f7fc743800 JavaThread "Signal Dispatcher" daemon [_thread_blocked, id=13900, stack(0x00000095b0300000,0x00000095b0800000)]
  0x000001f7e566d000 JavaThread "Finalizer" daemon [_thread_blocked, id=10408, stack(0x00000095afe00000,0x00000095b0300000)]
  0x000001f7e5668000 JavaThread "Reference Handler" daemon [_thread_blocked, id=8352, stack(0x00000095af900000,0x00000095afe00000)]
  0x000001f7e5574800 JavaThread "main" [_thread_blocked, id=3912, stack(0x00000095af300000,0x00000095af400000)]

Other Threads:
  0x000001f7fc700000 VMThread [stack: 0x00000095af800000,0x00000095af900000] [id=5612]
  0x000001f7fc770000 WatcherThread [stack: 0x00000095b1500000,0x00000095b1600000] [id=12472]

VM state:not at safepoint (normal execution)

VM Mutex/Monitor currently owned by a thread: None

Heap:
 PSYoungGen      total 59392K, used 54252K [0x00000007bc400000, 0x00000007c0000000, 0x00000007c0000000)
  eden space 57344K, 92% used [0x00000007bc400000,0x00000007bf813188,0x00000007bfc00000)
  from space 2048K, 45% used [0x00000007bfc00000,0x00000007bfce8000,0x00000007bfe00000)
  to   space 2048K, 0% used [0x00000007bfe00000,0x00000007bfe00000,0x00000007c0000000)
 ParOldGen       total 156160K, used 69757K [0x0000000700000000, 0x0000000709880000, 0x00000007bc400000)
  object space 156160K, 44% used [0x0000000700000000,0x000000070441f4a8,0x0000000709880000)
 Metaspace       used 72533K, capacity 73245K, committed 73856K, reserved 1114112K
  class space    used 9694K, capacity 9849K, committed 9856K, reserved 1048576K

Card table byte_map: [0x000001f7f4a30000,0x000001f7f5040000] byte_map_base: 0x000001f7f1230000

Marking Bits: (ParMarkBitMap*) 0x000000006224a6d0
 Begin Bits: [0x000001f7f5630000, 0x000001f7f8630000)
 End Bits:   [0x000001f7f8630000, 0x000001f7fb630000)

Polling page: 0x000001f7dc3d0000

CodeCache: size=245760Kb used=64013Kb max_used=64023Kb free=181746Kb
 bounds [0x000001f7e5670000, 0x000001f7e9580000, 0x000001f7f4670000]
 total_blobs=17365 nmethods=16458 adapters=812
 compilation: enabled

Compilation events (10 events):
Event: 1458.483 Thread 0x000001f7fc74a000 22195       3       javax.swing.plaf.basic.BasicScrollBarUI$TrackListener::mouseMoved (26 bytes)
Event: 1458.484 Thread 0x000001f7fc74a000 nmethod 22195 0x000001f7e6e76910 code [0x000001f7e6e76aa0, 0x000001f7e6e77140]
Event: 1459.839 Thread 0x000001f7fc747000 22196   !   4       com.jidesoft.margin.AbstractMargin::paintComponent (100 bytes)
Event: 1459.839 Thread 0x000001f7fc745800 22197       4       com.jidesoft.margin.AbstractMargin::a (57 bytes)
Event: 1459.846 Thread 0x000001f7fc747000 nmethod 22196 0x000001f7e955db90 code [0x000001f7e955ddc0, 0x000001f7e955e6c0]
Event: 1459.849 Thread 0x000001f7fc745800 nmethod 22197 0x000001f7e956c690 code [0x000001f7e956c8c0, 0x000001f7e956d430]
Event: 1459.864 Thread 0x000001f7fc74a000 22198       3       java.awt.SentEvent::<init> (6 bytes)
Event: 1459.864 Thread 0x000001f7fc74a000 nmethod 22198 0x000001f7e94faa90 code [0x000001f7e94fac00, 0x000001f7e94fae10]
Event: 1459.864 Thread 0x000001f7fc74a000 22199       3       java.awt.SentEvent::<init> (7 bytes)
Event: 1459.865 Thread 0x000001f7fc74a000 nmethod 22199 0x000001f7e8574510 code [0x000001f7e85746c0, 0x000001f7e8574db0]

GC Heap History (10 events):
Event: 1435.870 GC heap before
{Heap before GC invocations=428 (full 104):
 PSYoungGen      total 59392K, used 58944K [0x00000007bc400000, 0x00000007c0000000, 0x00000007c0000000)
  eden space 57856K, 100% used [0x00000007bc400000,0x00000007bfc80000,0x00000007bfc80000)
  from space 1536K, 70% used [0x00000007bfd00000,0x00000007bfe10000,0x00000007bfe80000)
  to   space 1536K, 0% used [0x00000007bfe80000,0x00000007bfe80000,0x00000007c0000000)
 ParOldGen       total 156160K, used 69642K [0x0000000700000000, 0x0000000709880000, 0x00000007bc400000)
  object space 156160K, 44% used [0x0000000700000000,0x0000000704402b80,0x0000000709880000)
 Metaspace       used 72490K, capacity 73213K, committed 73856K, reserved 1114112K
  class space    used 9688K, capacity 9817K, committed 9856K, reserved 1048576K
Event: 1435.874 GC heap after
Heap after GC invocations=428 (full 104):
 PSYoungGen      total 58880K, used 1344K [0x00000007bc400000, 0x00000007c0000000, 0x00000007c0000000)
  eden space 57344K, 0% used [0x00000007bc400000,0x00000007bc400000,0x00000007bfc00000)
  from space 1536K, 87% used [0x00000007bfe80000,0x00000007bffd0000,0x00000007c0000000)
  to   space 2048K, 0% used [0x00000007bfc00000,0x00000007bfc00000,0x00000007bfe00000)
 ParOldGen       total 156160K, used 69642K [0x0000000700000000, 0x0000000709880000, 0x00000007bc400000)
  object space 156160K, 44% used [0x0000000700000000,0x0000000704402b80,0x0000000709880000)
 Metaspace       used 72490K, capacity 73213K, committed 73856K, reserved 1114112K
  class space    used 9688K, capacity 9817K, committed 9856K, reserved 1048576K
}
Event: 1438.267 GC heap before
{Heap before GC invocations=429 (full 104):
 PSYoungGen      total 58880K, used 39816K [0x00000007bc400000, 0x00000007c0000000, 0x00000007c0000000)
  eden space 57344K, 67% used [0x00000007bc400000,0x00000007be992380,0x00000007bfc00000)
  from space 1536K, 87% used [0x00000007bfe80000,0x00000007bffd0000,0x00000007c0000000)
  to   space 2048K, 0% used [0x00000007bfc00000,0x00000007bfc00000,0x00000007bfe00000)
 ParOldGen       total 156160K, used 69642K [0x0000000700000000, 0x0000000709880000, 0x00000007bc400000)
  object space 156160K, 44% used [0x0000000700000000,0x0000000704402b80,0x0000000709880000)
 Metaspace       used 72501K, capacity 73213K, committed 73856K, reserved 1114112K
  class space    used 9688K, capacity 9817K, committed 9856K, reserved 1048576K
Event: 1438.271 GC heap after
Heap after GC invocations=429 (full 104):
 PSYoungGen      total 59392K, used 1152K [0x00000007bc400000, 0x00000007c0000000, 0x00000007c0000000)
  eden space 57344K, 0% used [0x00000007bc400000,0x00000007bc400000,0x00000007bfc00000)
  from space 2048K, 56% used [0x00000007bfc00000,0x00000007bfd20000,0x00000007bfe00000)
  to   space 2048K, 0% used [0x00000007bfe00000,0x00000007bfe00000,0x00000007c0000000)
 ParOldGen       total 156160K, used 69642K [0x0000000700000000, 0x0000000709880000, 0x00000007bc400000)
  object space 156160K, 44% used [0x0000000700000000,0x0000000704402b80,0x0000000709880000)
 Metaspace       used 72501K, capacity 73213K, committed 73856K, reserved 1114112K
  class space    used 9688K, capacity 9817K, committed 9856K, reserved 1048576K
}
Event: 1438.271 GC heap before
{Heap before GC invocations=430 (full 105):
 PSYoungGen      total 59392K, used 1152K [0x00000007bc400000, 0x00000007c0000000, 0x00000007c0000000)
  eden space 57344K, 0% used [0x00000007bc400000,0x00000007bc400000,0x00000007bfc00000)
  from space 2048K, 56% used [0x00000007bfc00000,0x00000007bfd20000,0x00000007bfe00000)
  to   space 2048K, 0% used [0x00000007bfe00000,0x00000007bfe00000,0x00000007c0000000)
 ParOldGen       total 156160K, used 69642K [0x0000000700000000, 0x0000000709880000, 0x00000007bc400000)
  object space 156160K, 44% used [0x0000000700000000,0x0000000704402b80,0x0000000709880000)
 Metaspace       used 72501K, capacity 73213K, committed 73856K, reserved 1114112K
  class space    used 9688K, capacity 9817K, committed 9856K, reserved 1048576K
Event: 1438.450 GC heap after
Heap after GC invocations=430 (full 105):
 PSYoungGen      total 59392K, used 0K [0x00000007bc400000, 0x00000007c0000000, 0x00000007c0000000)
  eden space 57344K, 0% used [0x00000007bc400000,0x00000007bc400000,0x00000007bfc00000)
  from space 2048K, 0% used [0x00000007bfc00000,0x00000007bfc00000,0x00000007bfe00000)
  to   space 2048K, 0% used [0x00000007bfe00000,0x00000007bfe00000,0x00000007c0000000)
 ParOldGen       total 156160K, used 69749K [0x0000000700000000, 0x0000000709880000, 0x00000007bc400000)
  object space 156160K, 44% used [0x0000000700000000,0x000000070441d4a8,0x0000000709880000)
 Metaspace       used 72501K, capacity 73213K, committed 73856K, reserved 1114112K
  class space    used 9688K, capacity 9817K, committed 9856K, reserved 1048576K
}
Event: 1453.754 GC heap before
{Heap before GC invocations=431 (full 105):
 PSYoungGen      total 59392K, used 57344K [0x00000007bc400000, 0x00000007c0000000, 0x00000007c0000000)
  eden space 57344K, 100% used [0x00000007bc400000,0x00000007bfc00000,0x00000007bfc00000)
  from space 2048K, 0% used [0x00000007bfc00000,0x00000007bfc00000,0x00000007bfe00000)
  to   space 2048K, 0% used [0x00000007bfe00000,0x00000007bfe00000,0x00000007c0000000)
 ParOldGen       total 156160K, used 69749K [0x0000000700000000, 0x0000000709880000, 0x00000007bc400000)
  object space 156160K, 44% used [0x0000000700000000,0x000000070441d4a8,0x0000000709880000)
 Metaspace       used 72515K, capacity 73213K, committed 73856K, reserved 1114112K
  class space    used 9688K, capacity 9817K, committed 9856K, reserved 1048576K
Event: 1453.758 GC heap after
Heap after GC invocations=431 (full 105):
 PSYoungGen      total 59392K, used 512K [0x00000007bc400000, 0x00000007c0000000, 0x00000007c0000000)
  eden space 57344K, 0% used [0x00000007bc400000,0x00000007bc400000,0x00000007bfc00000)
  from space 2048K, 25% used [0x00000007bfe00000,0x00000007bfe80000,0x00000007c0000000)
  to   space 2048K, 0% used [0x00000007bfc00000,0x00000007bfc00000,0x00000007bfe00000)
 ParOldGen       total 156160K, used 69757K [0x0000000700000000, 0x0000000709880000, 0x00000007bc400000)
  object space 156160K, 44% used [0x0000000700000000,0x000000070441f4a8,0x0000000709880000)
 Metaspace       used 72515K, capacity 73213K, committed 73856K, reserved 1114112K
  class space    used 9688K, capacity 9817K, committed 9856K, reserved 1048576K
}
Event: 1456.560 GC heap before
{Heap before GC invocations=432 (full 105):
 PSYoungGen      total 59392K, used 57856K [0x00000007bc400000, 0x00000007c0000000, 0x00000007c0000000)
  eden space 57344K, 100% used [0x00000007bc400000,0x00000007bfc00000,0x00000007bfc00000)
  from space 2048K, 25% used [0x00000007bfe00000,0x00000007bfe80000,0x00000007c0000000)
  to   space 2048K, 0% used [0x00000007bfc00000,0x00000007bfc00000,0x00000007bfe00000)
 ParOldGen       total 156160K, used 69757K [0x0000000700000000, 0x0000000709880000, 0x00000007bc400000)
  object space 156160K, 44% used [0x0000000700000000,0x000000070441f4a8,0x0000000709880000)
 Metaspace       used 72518K, capacity 73213K, committed 73856K, reserved 1114112K
  class space    used 9688K, capacity 9817K, committed 9856K, reserved 1048576K
Event: 1456.563 GC heap after
Heap after GC invocations=432 (full 105):
 PSYoungGen      total 59392K, used 928K [0x00000007bc400000, 0x00000007c0000000, 0x00000007c0000000)
  eden space 57344K, 0% used [0x00000007bc400000,0x00000007bc400000,0x00000007bfc00000)
  from space 2048K, 45% used [0x00000007bfc00000,0x00000007bfce8000,0x00000007bfe00000)
  to   space 2048K, 0% used [0x00000007bfe00000,0x00000007bfe00000,0x00000007c0000000)
 ParOldGen       total 156160K, used 69757K [0x0000000700000000, 0x0000000709880000, 0x00000007bc400000)
  object space 156160K, 44% used [0x0000000700000000,0x000000070441f4a8,0x0000000709880000)
 Metaspace       used 72518K, capacity 73213K, committed 73856K, reserved 1114112K
  class space    used 9688K, capacity 9817K, committed 9856K, reserved 1048576K
}

Deoptimization events (10 events):
Event: 1396.966 Thread 0x000001f7fe1ff000 Uncommon trap: reason=unstable_if action=reinterpret pc=0x000001f7e6164c94 method=ui.utils.lnf.k.paintFoldingLine(Ljava/awt/Component;Ljava/awt/Graphics;Lcom/jidesoft/editor/Span;Ljava/awt/Rectangle;I)V @ 3
Event: 1457.099 Thread 0x000001f7fe1ff000 Uncommon trap: reason=unstable_if action=reinterpret pc=0x000001f7e6fec30c method=java.util.regex.Pattern$Dot.isSatisfiedBy(I)Z @ 3
Event: 1457.100 Thread 0x000001f7fe1ff000 Uncommon trap: reason=null_check action=make_not_entrant pc=0x000001f7e7cb1098 method=javax.swing.SwingUtilities.getUIInputMap(Ljavax/swing/JComponent;I)Ljavax/swing/InputMap; @ 17
Event: 1457.102 Thread 0x000001f7fe1ff000 Uncommon trap: reason=bimorphic action=maybe_recompile pc=0x000001f7e7994a68 method=javax.swing.text.FlowView$FlowStrategy.layoutRow(Ljavax/swing/text/FlowView;II)I @ 137
Event: 1457.122 Thread 0x000001f7fe1ff000 Uncommon trap: reason=bimorphic action=maybe_recompile pc=0x000001f7e7994a68 method=javax.swing.text.FlowView$FlowStrategy.layoutRow(Ljavax/swing/text/FlowView;II)I @ 137
Event: 1457.133 Thread 0x000001f7fe1ff000 Uncommon trap: reason=bimorphic action=maybe_recompile pc=0x000001f7e7994a68 method=javax.swing.text.FlowView$FlowStrategy.layoutRow(Ljavax/swing/text/FlowView;II)I @ 137
Event: 1458.303 Thread 0x000001f7fe1ff000 Uncommon trap: reason=speculate_class_check action=maybe_recompile pc=0x000001f7e8ff1290 method=java.awt.Component.dispatchEvent(Ljava/awt/AWTEvent;)V @ 2
Event: 1458.303 Thread 0x000001f7fe1ff000 Uncommon trap: reason=speculate_class_check action=maybe_recompile pc=0x000001f7e8ff1290 method=java.awt.Component.dispatchEvent(Ljava/awt/AWTEvent;)V @ 2
Event: 1458.939 Thread 0x000001f7fe1ff000 Uncommon trap: reason=class_check action=maybe_recompile pc=0x000001f7e82f95fc method=javax.swing.AbstractButton.setEnabled(Z)V @ 21
Event: 1459.861 Thread 0x000001f7fe1ff000 Uncommon trap: reason=class_check action=maybe_recompile pc=0x000001f7e8048dc8 method=javax.swing.plaf.synth.ParsedSynthStyle$DelegatingPainter.paintPanelBackground(Ljavax/swing/plaf/synth/SynthContext;Ljava/awt/Graphics;IIII)V @ 16

Internal exceptions (10 events):
Event: 853.038 Thread 0x000001f7fe1ff000 Implicit null exception at 0x000001f7e8e5f068 to 0x000001f7e8e5f8d9
Event: 981.891 Thread 0x000001f7fe1ff000 Implicit null exception at 0x000001f7e817d683 to 0x000001f7e817d7bf
Event: 981.893 Thread 0x000001f7fe1ff000 Implicit null exception at 0x000001f7e8188d3a to 0x000001f7e8189179
Event: 981.893 Thread 0x000001f7fe1ff000 Implicit null exception at 0x000001f7e7f5222e to 0x000001f7e7f522a2
Event: 1024.599 Thread 0x000001f7841ca000 Exception <a 'java/lang/InterruptedException': sleep interrupted> (0x00000007be709f90) thrown at [C:\re\workspace\8-2-build-windows-amd64-cygwin\jdk8u112\7884\hotspot\src\share\vm\prims\jvm.cpp, line 3228]
Event: 1031.705 Thread 0x000001f7841ca800 Exception <a 'java/lang/InterruptedException': sleep interrupted> (0x00000007bc79ac38) thrown at [C:\re\workspace\8-2-build-windows-amd64-cygwin\jdk8u112\7884\hotspot\src\share\vm\prims\jvm.cpp, line 3180]
Event: 1077.229 Thread 0x000001f7fe1ff000 Implicit null exception at 0x000001f7e6fb36ce to 0x000001f7e6fb41a5
Event: 1106.239 Thread 0x000001f7fe1ff000 Implicit null exception at 0x000001f7e8ab61b8 to 0x000001f7e8ab63ed
Event: 1221.502 Thread 0x000001f7ff88a000 Exception <a 'java/lang/InterruptedException': sleep interrupted> (0x00000007bc8d5370) thrown at [C:\re\workspace\8-2-build-windows-amd64-cygwin\jdk8u112\7884\hotspot\src\share\vm\prims\jvm.cpp, line 3180]
Event: 1457.100 Thread 0x000001f7fe1ff000 Implicit null exception at 0x000001f7e7cb0adc to 0x000001f7e7cb1089

Events (10 events):
Event: 1458.923 Executing VM operation: RevokeBias
Event: 1458.923 Executing VM operation: RevokeBias done
Event: 1458.938 Executing VM operation: BulkRevokeBias
Event: 1458.938 Executing VM operation: BulkRevokeBias done
Event: 1458.939 Thread 0x000001f7fe1ff000 Uncommon trap: trap_request=0xffffffde fr.pc=0x000001f7e82f95fc
Event: 1458.939 Thread 0x000001f7fe1ff000 DEOPT PACKING pc=0x000001f7e82f95fc sp=0x00000095b3dfa6a0
Event: 1458.939 Thread 0x000001f7fe1ff000 DEOPT UNPACKING pc=0x000001f7e56b5832 sp=0x00000095b3dfa650 mode 2
Event: 1459.861 Thread 0x000001f7fe1ff000 Uncommon trap: trap_request=0xffffffde fr.pc=0x000001f7e8048dc8
Event: 1459.861 Thread 0x000001f7fe1ff000 DEOPT PACKING pc=0x000001f7e8048dc8 sp=0x00000095b3dfc980
Event: 1459.861 Thread 0x000001f7fe1ff000 DEOPT UNPACKING pc=0x000001f7e56b5832 sp=0x00000095b3dfc8a0 mode 2


Dynamic libraries:
0x00007ff7e14f0000 - 0x00007ff7e1520000 	C:\Xilinx\Vivado\2018.2\bin\unwrapped\win64.o\vivado.exe
0x00007ff9766f0000 - 0x00007ff9768e5000 	C:\Windows\SYSTEM32\ntdll.dll
0x00007ff974970000 - 0x00007ff974a2d000 	C:\Windows\System32\KERNEL32.DLL
0x00007ff9742e0000 - 0x00007ff9745ad000 	C:\Windows\System32\KERNELBASE.dll
0x00007ff973f10000 - 0x00007ff974010000 	C:\Windows\System32\ucrtbase.dll
0x00007ff95bd10000 - 0x00007ff95bd9d000 	C:\Windows\SYSTEM32\MSVCP140.dll
0x00007ff96bd50000 - 0x00007ff96bd64000 	C:\Xilinx\Vivado\2018.2\lib\win64.o\librdi_commonmain.dll
0x00007ff95cd00000 - 0x00007ff95cd1b000 	C:\Windows\SYSTEM32\VCRUNTIME140.dll
0x00007ff9028e0000 - 0x00007ff9036f9000 	C:\Xilinx\Vivado\2018.2\lib\win64.o\librdi_common.dll
0x00007ff96bd90000 - 0x00007ff96bda4000 	C:\Xilinx\Vivado\2018.2\lib\win64.o\libboost_signals.dll
0x00007ff95ccf0000 - 0x00007ff95ccfc000 	C:\Windows\SYSTEM32\VCRUNTIME140_1.dll
0x00007ff975350000 - 0x00007ff9754f0000 	C:\Windows\System32\USER32.dll
0x00007ff974170000 - 0x00007ff974192000 	C:\Windows\System32\win32u.dll
0x00007ff96a8b0000 - 0x00007ff96a8d6000 	C:\Xilinx\Vivado\2018.2\lib\win64.o\libboost_filesystem.dll
0x00007ff976620000 - 0x00007ff97664a000 	C:\Windows\System32\GDI32.dll
0x00007ff975180000 - 0x00007ff97522e000 	C:\Windows\System32\ADVAPI32.dll
0x00007ff96be00000 - 0x00007ff96be0a000 	C:\Xilinx\Vivado\2018.2\lib\win64.o\librdi_commonversion.dll
0x00007ff973e00000 - 0x00007ff973f0b000 	C:\Windows\System32\gdi32full.dll
0x00007ff975ad0000 - 0x00007ff975b6e000 	C:\Windows\System32\msvcrt.dll
0x00007ff974240000 - 0x00007ff9742dd000 	C:\Windows\System32\msvcp_win.dll
0x00007ff976430000 - 0x00007ff9764cc000 	C:\Windows\System32\sechost.dll
0x00000000622d0000 - 0x00000000623fb000 	C:\Xilinx\Vivado\2018.2\lib\win64.o\tcl85t.dll
0x00007ff974a30000 - 0x00007ff975174000 	C:\Windows\System32\SHELL32.dll
0x00007ff9759a0000 - 0x00007ff975ac5000 	C:\Windows\System32\RPCRT4.dll
0x00007ff975880000 - 0x00007ff9758eb000 	C:\Windows\System32\WS2_32.dll
0x00007ff921cb0000 - 0x00007ff921dd1000 	C:\Xilinx\Vivado\2018.2\lib\win64.o\librdi_commonxillic.dll
0x00007ff96ac30000 - 0x00007ff96ac44000 	C:\Xilinx\Vivado\2018.2\lib\win64.o\libboost_date_time.dll
0x00007ff91b590000 - 0x00007ff91b8fe000 	C:\Xilinx\Vivado\2018.2\lib\win64.o\libCOIN-all.dll
0x00007ff91b900000 - 0x00007ff91bbb5000 	C:\Xilinx\Vivado\2018.2\lib\win64.o\libXil_lmgr11.dll
0x00007ff975b70000 - 0x00007ff975c4b000 	C:\Windows\System32\COMDLG32.dll
0x00007ff9754f0000 - 0x00007ff975844000 	C:\Windows\System32\combase.dll
0x00007ff96bde0000 - 0x00007ff96bdeb000 	C:\Xilinx\Vivado\2018.2\lib\win64.o\libboost_system.dll
0x00007ff964060000 - 0x00007ff9640df000 	C:\Xilinx\Vivado\2018.2\lib\win64.o\libboost_program_options.dll
0x00007ff9758f0000 - 0x00007ff97599d000 	C:\Windows\System32\shcore.dll
0x00007ff974910000 - 0x00007ff974965000 	C:\Windows\System32\SHLWAPI.dll
0x00007ff969370000 - 0x00007ff969391000 	C:\Xilinx\Vivado\2018.2\lib\win64.o\libboost_thread.dll
0x00007ff974740000 - 0x00007ff97480d000 	C:\Windows\System32\OLEAUT32.dll
0x00007ff9764f0000 - 0x00007ff97661a000 	C:\Windows\System32\ole32.dll
0x00007ff9698b0000 - 0x00007ff9698bf000 	C:\Xilinx\Vivado\2018.2\lib\win64.o\libboost_xilinx.dll
0x00007ff92b100000 - 0x00007ff92b182000 	C:\Xilinx\Vivado\2018.2\lib\win64.o\libhdlpsolve.dll
0x00007ff91b470000 - 0x00007ff91b584000 	C:\Xilinx\Vivado\2018.2\lib\win64.o\libboost_regex.dll
0x00007ff9741a0000 - 0x00007ff974208000 	C:\Windows\System32\WINTRUST.dll
0x00007ff974010000 - 0x00007ff974166000 	C:\Windows\System32\CRYPT32.dll
0x00007ff9275f0000 - 0x00007ff927695000 	C:\Xilinx\Vivado\2018.2\lib\win64.o\libhdxml.dll
0x00007ff902020000 - 0x00007ff9028d3c00 	C:\Xilinx\Vivado\2018.2\lib\win64.o\libisl_iostreams.dll
0x00007ff969340000 - 0x00007ff96936e000 	C:\Xilinx\Vivado\2018.2\lib\win64.o\libisl_sysinfo.dll
0x0000000061a30000 - 0x00000000622ca000 	C:\Xilinx\Vivado\2018.2\tps\win64\jre\bin\server\jvm.dll
0x00007ff948840000 - 0x00007ff9488a5000 	C:\Xilinx\Vivado\2018.2\lib\win64.o\liblmx6.0.dll
0x00007ff969450000 - 0x00007ff96946a000 	C:\Xilinx\Vivado\2018.2\lib\win64.o\pthreadVC2.dll
0x00007ff914c20000 - 0x00007ff914d71000 	C:\Xilinx\Vivado\2018.2\lib\win64.o\librdi_curl.dll
0x00007ff9761c0000 - 0x00007ff9761c8000 	C:\Windows\System32\PSAPI.DLL
0x00007ff969270000 - 0x00007ff96928c000 	C:\Xilinx\Vivado\2018.2\lib\win64.o\librdiconfig.dll
0x00007ff963e90000 - 0x00007ff963eb1000 	C:\Xilinx\Vivado\2018.2\lib\win64.o\librdizlib.dll
0x0000000012000000 - 0x0000000012272000 	C:\Xilinx\Vivado\2018.2\lib\win64.o\xerces-c_3_1.dll
0x00007ff96bbe0000 - 0x00007ff96bcea000 	C:\Windows\SYSTEM32\WINHTTP.dll
0x00007ff968090000 - 0x00007ff96827c000 	C:\Windows\SYSTEM32\urlmon.dll
0x00007ff95b830000 - 0x00007ff95bd06000 	C:\Windows\SYSTEM32\WININET.dll
0x00007ff95c9d0000 - 0x00007ff95c9d9000 	C:\Windows\SYSTEM32\WSOCK32.dll
0x00007ff963e60000 - 0x00007ff963e8e000 	C:\Windows\SYSTEM32\VCOMP140.DLL
0x00007ff901180000 - 0x00007ff902011000 	C:\Xilinx\Vivado\2018.2\lib\win64.o\gurobi65.dll
0x00007ff95d500000 - 0x00007ff95d51a000 	C:\Windows\SYSTEM32\NETAPI32.dll
0x00007ff960970000 - 0x00007ff960a20000 	C:\Windows\WinSxS\amd64_microsoft.windows.common-controls_6595b64144ccf1df_5.82.19041.1110_none_792d1c772443f647\COMCTL32.dll
0x00007ff969230000 - 0x00007ff96923d000 	C:\Xilinx\Vivado\2018.2\lib\win64.o\libboost_chrono.dll
0x00007ff96d790000 - 0x00007ff96d7ad000 	C:\Windows\SYSTEM32\dhcpcsvc.DLL
0x00007ff969000000 - 0x00007ff96901b000 	C:\Xilinx\Vivado\2018.2\lib\win64.o\libboost_iostreams.dll
0x00007ff96b200000 - 0x00007ff96b227000 	C:\Windows\SYSTEM32\WINMM.dll
0x00007ff963910000 - 0x00007ff963935000 	C:\Xilinx\Vivado\2018.2\lib\win64.o\libisl_iosutils.dll
0x00007ff96be90000 - 0x00007ff96be9a000 	C:\Windows\SYSTEM32\VERSION.dll
0x0000000061950000 - 0x0000000061a22000 	C:\Windows\SYSTEM32\MSVCR100.dll
0x00007ff9653e0000 - 0x00007ff965691000 	C:\Windows\SYSTEM32\iertutil.dll
0x00007ff96bd10000 - 0x00007ff96bd38000 	C:\Windows\SYSTEM32\srvcli.dll
0x00007ff973330000 - 0x00007ff97333c000 	C:\Windows\SYSTEM32\netutils.dll
0x00007ff975850000 - 0x00007ff975880000 	C:\Windows\System32\IMM32.DLL
0x00007ff9739f0000 - 0x00007ff973a02000 	C:\Windows\SYSTEM32\MSASN1.dll
0x00007ff972670000 - 0x00007ff972682000 	C:\Windows\SYSTEM32\kernel.appcore.dll
0x00007ff908310000 - 0x00007ff90879c000 	C:\Xilinx\Vivado\2018.2\lib\win64.o\librdi_commontasks.dll
0x00007ff900f00000 - 0x00007ff901177000 	C:\Xilinx\Vivado\2018.2\lib\win64.o\librdi_sio.dll
0x00007ff973220000 - 0x00007ff97325b000 	C:\Windows\SYSTEM32\IPHLPAPI.DLL
0x00007ff971ec0000 - 0x00007ff972654000 	C:\Windows\SYSTEM32\windows.storage.dll
0x00007ff973780000 - 0x00007ff9737ac000 	C:\Windows\SYSTEM32\Wldp.dll
0x00007ff8f1b40000 - 0x00007ff8f3d3f000 	C:\Xilinx\Vivado\2018.2\lib\win64.o\librdi_tcltasks.dll
0x00007ff90aac0000 - 0x00007ff90ac3e000 	C:\Xilinx\Vivado\2018.2\lib\win64.o\librdi_board.dll
0x00007ff900b20000 - 0x00007ff900ef5000 	C:\Xilinx\Vivado\2018.2\lib\win64.o\librdi_bitstream.dll
0x00007ff929f60000 - 0x00007ff929fca000 	C:\Xilinx\Vivado\2018.2\lib\win64.o\librdi_boarddep.dll
0x00007ff9008d0000 - 0x00007ff900b17000 	C:\Xilinx\Vivado\2018.2\lib\win64.o\librdi_chipscope.dll
0x00007ff9196c0000 - 0x00007ff9197e8000 	C:\Xilinx\Vivado\2018.2\lib\win64.o\librdi_containers.dll
0x00007ff8f02e0000 - 0x00007ff8f1b39000 	C:\Xilinx\Vivado\2018.2\lib\win64.o\librdi_constraints.dll
0x00007ff8ee5c0000 - 0x00007ff8f02d1000 	C:\Xilinx\Vivado\2018.2\lib\win64.o\librdi_coregen.dll
0x00007ff9001f0000 - 0x00007ff9008c9000 	C:\Xilinx\Vivado\2018.2\lib\win64.o\librdi_coregenipxact.dll
0x00007ff8e9fe0000 - 0x00007ff8ea521000 	C:\Xilinx\Vivado\2018.2\lib\win64.o\librdi_drc.dll
0x00007ff8ea530000 - 0x00007ff8ea848000 	C:\Xilinx\Vivado\2018.2\lib\win64.o\librdi_dlyest.dll
0x00007ff8ea850000 - 0x00007ff8ee5b2000 	C:\Xilinx\Vivado\2018.2\lib\win64.o\librdi_designutils.dll
0x00007ff921be0000 - 0x00007ff921ca2000 	C:\Xilinx\Vivado\2018.2\lib\win64.o\librdi_dsp.dll
0x00007ff8daec0000 - 0x00007ff8db191000 	C:\Xilinx\Vivado\2018.2\lib\win64.o\librdi_guitools.dll
0x00007ff91b410000 - 0x00007ff91b468000 	C:\Xilinx\Vivado\2018.2\lib\win64.o\librdi_hdf.dll
0x00007ff8e99a0000 - 0x00007ff8e9fd1000 	C:\Xilinx\Vivado\2018.2\lib\win64.o\librdi_filemgmt.dll
0x00007ff8d9620000 - 0x00007ff8d9c71000 	C:\Xilinx\Vivado\2018.2\lib\win64.o\librdi_memdata.dll
0x00007ff8d9c80000 - 0x00007ff8daeb4000 	C:\Xilinx\Vivado\2018.2\lib\win64.o\librdi_implflow.dll
0x00007ff936e10000 - 0x00007ff936e59000 	C:\Xilinx\Vivado\2018.2\lib\win64.o\librdi_pfi.dll
0x00007ff8d5960000 - 0x00007ff8d5e02000 	C:\Xilinx\Vivado\2018.2\lib\win64.o\librdi_netlist.dll
0x00007ff8d3330000 - 0x00007ff8d35ba000 	C:\Xilinx\Vivado\2018.2\lib\win64.o\librdi_platform.dll
0x00007ff8d2c40000 - 0x00007ff8d332c000 	C:\Xilinx\Vivado\2018.2\lib\win64.o\librdi_power.dll
0x00007ff8d2700000 - 0x00007ff8d2c3d000 	C:\Xilinx\Vivado\2018.2\lib\win64.o\librdi_project.dll
0x00007ff8d35c0000 - 0x00007ff8d595e000 	C:\Xilinx\Vivado\2018.2\lib\win64.o\librdi_place.dll
0x00007ff8d2010000 - 0x00007ff8d26f1000 	C:\Xilinx\Vivado\2018.2\lib\win64.o\librdi_psta.dll
0x00007ff8d19d0000 - 0x00007ff8d200e000 	C:\Xilinx\Vivado\2018.2\lib\win64.o\librdi_rsb.dll
0x00007ff8d1600000 - 0x00007ff8d19c3000 	C:\Xilinx\Vivado\2018.2\lib\win64.o\librdi_runs.dll
0x00007ff90cc40000 - 0x00007ff90cd17000 	C:\Xilinx\Vivado\2018.2\lib\win64.o\librdi_runsbase.dll
0x00007ff8d13d0000 - 0x00007ff8d15f6000 	C:\Xilinx\Vivado\2018.2\lib\win64.o\librdi_simdata.dll
0x00007ff8db1a0000 - 0x00007ff8e9998000 	C:\Xilinx\Vivado\2018.2\lib\win64.o\librdi_device.dll
0x00007ff9138b0000 - 0x00007ff91397b000 	C:\Xilinx\Vivado\2018.2\lib\win64.o\librdi_xhub.dll
0x00007ff8d06b0000 - 0x00007ff8d13cd000 	C:\Xilinx\Vivado\2018.2\lib\win64.o\librdi_timing.dll
0x00007ff8d5e10000 - 0x00007ff8d961a000 	C:\Xilinx\Vivado\2018.2\lib\win64.o\librdi_mig.dll
0x00007ff92f950000 - 0x00007ff92f99c000 	C:\Xilinx\Vivado\2018.2\lib\win64.o\libboost_serialization.dll
0x00007ff91b2b0000 - 0x00007ff91b35f000 	C:\Xilinx\Vivado\2018.2\lib\win64.o\librdi_hip_devdesign.dll
0x00007ff91b3a0000 - 0x00007ff91b406000 	C:\Xilinx\Vivado\2018.2\lib\win64.o\librdi_ipconfig_readwrite.dll
0x00007ff93aab0000 - 0x00007ff93aae8000 	C:\Xilinx\Vivado\2018.2\lib\win64.o\librdi_noc_frameworks.dll
0x00007ff8cfbb0000 - 0x00007ff8d06a3000 	C:\Xilinx\Vivado\2018.2\lib\win64.o\libverific.dll
0x00007ff91a740000 - 0x00007ff91a7de000 	C:\Xilinx\Vivado\2018.2\lib\win64.o\libise.dll
0x00007ff90aa30000 - 0x00007ff90aab8000 	C:\Xilinx\Vivado\2018.2\lib\win64.o\librdi_hip_config.dll
0x00007ff8cf660000 - 0x00007ff8cfbae000 	C:\Xilinx\Vivado\2018.2\lib\win64.o\librdi_xdm.dll
0x00007ff8cf0b0000 - 0x00007ff8cf651000 	C:\Xilinx\Vivado\2018.2\lib\win64.o\librdi_wavedata.dll
0x00007ff91a260000 - 0x00007ff91a2a9000 	C:\Xilinx\Vivado\2018.2\lib\win64.o\librdi_wavedata_SimpleApi.dll
0x00007ff8ce1b0000 - 0x00007ff8cf0a1000 	C:\Xilinx\Vivado\2018.2\lib\win64.o\librdi_route.dll
0x00007ff8cc170000 - 0x00007ff8cc3b3000 	C:\Xilinx\Vivado\2018.2\lib\win64.o\librdi_hsm.dll
0x00007ff8cba00000 - 0x00007ff8cc16e000 	C:\Xilinx\Vivado\2018.2\lib\win64.o\librdi_labtools.dll
0x00007ff8cc3c0000 - 0x00007ff8ce1a2000 	C:\Xilinx\Vivado\2018.2\lib\win64.o\librdi_synth.dll
0x00007ff913c50000 - 0x00007ff913ca2000 	C:\Xilinx\Vivado\2018.2\lib\win64.o\librdi_projectbase.dll

VM Arguments:
jvm_args: -Dsun.java2d.pmoffscreen=false -Dsun.java2d.xrender=false -Dsun.java2d.d3d=false -Dsun.awt.nopixfmt=true -Xverify:none -Dswing.aatext=true -XX:-UsePerfData -Djdk.map.althashing.threshold=512 -XX:StringTableSize=4072 -XX:NewSize=60m -XX:MaxNewSize=60m -Xms128m -Xmx3072m -Xss5m 
java_command: <unknown>
java_class_path (initial): C:/Xilinx/Vivado/2018.2\lib\classes\alloy.jar;C:/Xilinx/Vivado/2018.2\lib\classes\autopilot.scelaborator.jar;C:/Xilinx/Vivado/2018.2\lib\classes\autopilot.sourceprocessor.jar;C:/Xilinx/Vivado/2018.2\lib\classes\autopilot.tbprocessor.jar;C:/Xilinx/Vivado/2018.2\lib\classes\batik-anim.jar;C:/Xilinx/Vivado/2018.2\lib\classes\batik-awt-util.jar;C:/Xilinx/Vivado/2018.2\lib\classes\batik-bridge.jar;C:/Xilinx/Vivado/2018.2\lib\classes\batik-codec.jar;C:/Xilinx/Vivado/2018.2\lib\classes\batik-css.jar;C:/Xilinx/Vivado/2018.2\lib\classes\batik-dom.jar;C:/Xilinx/Vivado/2018.2\lib\classes\batik-ext.jar;C:/Xilinx/Vivado/2018.2\lib\classes\batik-gui-util.jar;C:/Xilinx/Vivado/2018.2\lib\classes\batik-gvt.jar;C:/Xilinx/Vivado/2018.2\lib\classes\batik-parser.jar;C:/Xilinx/Vivado/2018.2\lib\classes\batik-script.jar;C:/Xilinx/Vivado/2018.2\lib\classes\batik-svg-dom.jar;C:/Xilinx/Vivado/2018.2\lib\classes\batik-swing.jar;C:/Xilinx/Vivado/2018.2\lib\classes\batik-transcoder.jar;C:/Xilinx/Vivado/2018.2\lib\classes\batik-util.jar;C:/Xilinx/Vivado/2018.2\lib\classes\batik-xml.jar;C:/Xilinx/Vivado/2018.2\lib\classes\com.ibm.icu_4.4.2.v20110208.jar;C:/Xilinx/Vivado/2018.2\lib\classes\commons-collections4-4.1.jar;C:/Xilinx/Vivado/2018.2\lib\classes\commons-math-2.2.jar;C:/Xilinx/Vivado/2018.2\lib\classes\dom4j-1.6.1.jar;C:/Xilinx/Vivado/2018.2\lib\classes\guava-18.0.jar;C:/Xilinx/Vivado/2018.2\lib\classes\help.jar;C:/Xilinx/Vivado/2018.2\lib\classes\hsqldb.jar;C:/Xilinx/Vivado/2018.2\lib\classes\jargs.jar;C:/Xilinx/Vivado/2018.2\lib\classes\jh.jar;C:/Xilinx/Vivado/2018.2\lib\classes\jide-action.jar;C:/Xilinx/Vivado/2018.2\lib\classes\jide-charts.jar;C:/Xilinx/Vivado/2018.2\lib\classes\jide-common.jar;C:/Xilinx/Vivado/2018.2\lib\classes\jide-components.jar;C:/Xilinx/Vivado/2018.2\lib\classes\jide-dashboard.jar;C:/Xilinx/Vivado/2018.2\lib\classes\jide-data.jar;C:/Xilinx/Vivado/2018.2\lib\classes\jide-dialogs.jar;C:/Xilinx/Vivado/2018.2\lib\classes\jide-diff.jar;C:/X
Launcher Type: generic

Environment Variables:
PATH=C:/Xilinx/Vivado/2018.2/bin;C:/Xilinx/Vivado/2018.2/lib/win64.o;C:/Xilinx/Vivado/2018.2/tps/win64/jre/bin/server;C:/Xilinx/Vivado/2018.2/tps/win64/jre/bin;C:/Xilinx/SDK/2018.2/bin;C:/Xilinx/Vivado/2018.2/ids_lite/ISE/bin/nt64;C:/Xilinx/Vivado/2018.2/ids_lite/ISE/lib/nt64;C:\Program Files\NVIDIA GPU Computing Toolkit\CUDA\v11.6\bin;C:\Program Files\NVIDIA GPU Computing Toolkit\CUDA\v11.6\libnvvp;C:\Program Files (x86)\VMware\VMware Player\bin\;C:\Program Files (x86)\Common Files\Oracle\Java\javapath;C:\Windows\system32;C:\Windows;C:\Windows\System32\Wbem;C:\Windows\System32\WindowsPowerShell\v1.0\;C:\Windows\System32\OpenSSH\;C:\Program Files (x86)\NVIDIA Corporation\PhysX\Common;C:\Program Files\NVIDIA Corporation\NVIDIA NvDLISR;C:\Program Files (x86)\Microsoft SQL Server\150\DTS\Binn\;C:\Program Files\Microsoft SQL Server\Client SDK\ODBC\130\Tools\Binn\;C:\Program Files (x86)\Microsoft SQL Server\140\Tools\Binn\;C:\Program Files\Microsoft SQL Server\140\Tools\Binn\;C:\Program Files\Microsoft SQL Server\140\DTS\Binn\;C:\Program Files\Microsoft SQL Server\130\Tools\Binn\;C:\Program Files\MATLAB\R2018a\runtime\win64;C:\Program Files\MATLAB\R2018a\bin;C:\Program Files\NVIDIA Corporation\Nsight Compute 2022.1.0\;C:\Users\Ahmed\AppData\Local\Programs\Python\Python310\Scripts\;C:\Users\Ahmed\AppData\Local\Programs\Python\Python310\;C:\Users\Ahmed\AppData\Local\Microsoft\WindowsApps;C:\intelFPGA_lite\18.0\modelsim_ase\win32aloem;C:\Users\Ahmed\AppData\Local\GitHubDesktop\bin;C:\Modeltech_pe_edu_10.4a\win32pe_edu;C:\Program Files (x86)\Arduino;C:\Users\Ahmed\AppData\Local\Programs\Microsoft VS Code\bin;C:\Program Files (x86)\FreeArc\bin;C:\msys64\mingw64\bin;C:/Xilinx/Vivado/2018.2\tps\mingw\6.2.0\win64.o\nt\bin;C:/Xilinx/Vivado/2018.2\tps\mingw\6.2.0\win64.o\nt\libexec\gcc\x86_64-w64-mingw32\6.2.0
USERNAME=Ahmed
OS=Windows_NT
PROCESSOR_IDENTIFIER=AMD64 Family 23 Model 1 Stepping 1, AuthenticAMD



---------------  S Y S T E M  ---------------

OS: Windows 10.0 , 64 bit Build 19041 (10.0.19041.1706)

CPU:total 4 (4 cores per cpu, 1 threads per core) family 23 model 1 stepping 1, cmov, cx8, fxsr, mmx, sse, sse2, sse3, ssse3, sse4.1, sse4.2, popcnt, avx, avx2, aes, clmul, mmxext, 3dnowpref, lzcnt, sse4a, tsc, tscinvbit, tscinv, bmi1

Memory: 4k page, physical 16728848k(6445504k free), swap 21447440k(2366048k free)

vm_info: Java HotSpot(TM) 64-Bit Server VM (25.112-b15) for windows-amd64 JRE (1.8.0_112-b15), built on Sep 22 2016 21:31:56 by "java_re" with MS VC++ 10.0 (VS2010)

time: Tue May 31 17:07:05 2022
elapsed time: 1460 seconds (0d 0h 24m 20s)

