#
# A fatal error has been detected by the Java Runtime Environment:
#
#  EXCEPTION_ACCESS_VIOLATION (0xc0000005) at pc=0x00007ff902a5173f, pid=5988, tid=0x0000000000004484
#
# JRE version: Java(TM) SE Runtime Environment (8.0_112-b15) (build 1.8.0_112-b15)
# Java VM: Java HotSpot(TM) 64-Bit Server VM (25.112-b15 mixed mode windows-amd64 compressed oops)
# Problematic frame:
# C  [librdi_common.dll+0x17173f]
#
# Failed to write core dump. Minidumps are not enabled by default on client versions of Windows
#
# If you would like to submit a bug report, please visit:
#   http://bugreport.java.com/bugreport/crash.jsp
# The crash happened outside the Java Virtual Machine in native code.
# See problematic frame for where to report the bug.
#

---------------  T H R E A D  ---------------

Current thread (0x000002529f92c000):  JavaThread "AWT-EventQueue-1" [_thread_in_native, id=17540, stack(0x0000007a3d800000,0x0000007a3dd00000)]

siginfo: ExceptionCode=0xc0000005, reading address 0xffffffffffffffff

Registers:
RAX=0x00000252fc59d201, RBX=0x0000007a3dcfcde0, RCX=0x00000252fc59d240, RDX=0x9006dd00cae2d685
RSP=0x0000007a3dcfcd20, RBP=0x0000000000000000, RSI=0x0000000000000000, RDI=0x9006dd00cae2d685
R8 =0x0000007a3dcfcf20, R9 =0x0000000000000000, R10=0x00007ff95cd00000, R11=0x0000007a3dcfcda8
R12=0x0000000000000000, R13=0x0000007a3dcfd100, R14=0x0000007a3dcfcf20, R15=0x00000252b11d8350
RIP=0x00007ff902a5173f, EFLAGS=0x0000000000010202

Top of Stack: (sp=0x0000007a3dcfcd20)
0x0000007a3dcfcd20:   0000000000000000 0000000000000000
0x0000007a3dcfcd30:   0000000703320f90 0000007a3dcfcde0
0x0000007a3dcfcd40:   0000007a00000000 fffffffffffffffe
0x0000007a3dcfcd50:   00000007c00cbe00 0000025288ded768
0x0000007a3dcfcd60:   0000000000000000 000000000000000f
0x0000007a3dcfcd70:   00000252ae9ae9f0 0000000000000000
0x0000007a3dcfcd80:   00000007beb9f400 0000025289df45d0
0x0000007a3dcfcd90:   00001e9fbf99cc5b 00007ff8cf15bada
0x0000007a3dcfcda0:   00000252b5aa23f8 00007ff902958e1d
0x0000007a3dcfcdb0:   00000007c00cbeb0 0000025288ded768
0x0000007a3dcfcdc0:   00000252ceaa4d00 0000007a3dcfcf20
0x0000007a3dcfcdd0:   00000252ceaa4d00 fffffffffffffffe
0x0000007a3dcfcde0:   00000007beb9fde0 0000025289df45d0
0x0000007a3dcfcdf0:   00000252ae9ae9f0 0000000000000000
0x0000007a3dcfce00:   00001e9fbf99cccb 00007ff8cf15a7d0
0x0000007a3dcfce10:   00000252b11d8350 00007ff8cf1bec96 

Instructions: (pc=0x00007ff902a5173f)
0x00007ff902a5171f:   6b 00 cc 48 83 f9 27 76 07 ff 15 32 45 6b 00 cc
0x00007ff902a5172f:   48 8b c8 e8 59 fa 57 00 48 8b c3 e9 1c 01 00 00
0x00007ff902a5173f:   48 8b 4f 50 48 85 c9 0f 84 ff 00 00 00 48 8d 54
0x00007ff902a5174f:   24 50 e8 7a e0 04 00 48 8b d0 48 8d 4c 24 30 e8 


Register to memory mapping:

RAX=0x00000252fc59d201 is an unknown value
RBX=0x0000007a3dcfcde0 is pointing into the stack for thread: 0x000002529f92c000
RCX=0x00000252fc59d240 is an unknown value
RDX=0x9006dd00cae2d685 is an unknown value
RSP=0x0000007a3dcfcd20 is pointing into the stack for thread: 0x000002529f92c000
RBP=0x0000000000000000 is an unknown value
RSI=0x0000000000000000 is an unknown value
RDI=0x9006dd00cae2d685 is an unknown value
R8 =0x0000007a3dcfcf20 is pointing into the stack for thread: 0x000002529f92c000
R9 =0x0000000000000000 is an unknown value
R10=0x00007ff95cd00000 is an unknown value
R11=0x0000007a3dcfcda8 is pointing into the stack for thread: 0x000002529f92c000
R12=0x0000000000000000 is an unknown value
R13=0x0000007a3dcfd100 is pointing into the stack for thread: 0x000002529f92c000
R14=0x0000007a3dcfcf20 is pointing into the stack for thread: 0x000002529f92c000
R15=0x00000252b11d8350 is an unknown value


Stack: [0x0000007a3d800000,0x0000007a3dd00000],  sp=0x0000007a3dcfcd20,  free space=5107k
Native frames: (J=compiled Java code, j=interpreted, Vv=VM code, C=native code)

Java frames: (J=compiled Java code, j=interpreted, Vv=VM code)
J 19147  ui.views.simulator.executive.simulationi.SimulationExecutive_getCodeTooltipValue(JLjava/lang/String;IZ)Ljava/lang/String; (0 bytes) @ 0x000002528a574adf [0x000002528a574a80+0x5f]
J 16144 C1 ui.views.O.a.a(Ljava/awt/event/MouseEvent;Lui/views/d/b;)V (116 bytes) @ 0x00000252886357cc [0x0000025288634340+0x148c]
J 16103 C1 ui.views.O.d.mouseMoved(Ljava/awt/event/MouseEvent;)V (13 bytes) @ 0x0000025287363014 [0x0000025287362f40+0xd4]
J 17169 C2 java.awt.AWTEventMulticaster.mouseMoved(Ljava/awt/event/MouseEvent;)V (27 bytes) @ 0x0000025289fe8d14 [0x0000025289fe8c60+0xb4]
J 17169 C2 java.awt.AWTEventMulticaster.mouseMoved(Ljava/awt/event/MouseEvent;)V (27 bytes) @ 0x0000025289fe8cd4 [0x0000025289fe8c60+0x74]
J 19176 C2 java.awt.Component.processMouseMotionEvent(Ljava/awt/event/MouseEvent;)V (58 bytes) @ 0x000002528a5a3260 [0x000002528a5a3120+0x140]
J 18886 C1 javax.swing.JComponent.processMouseMotionEvent(Ljava/awt/event/MouseEvent;)V (46 bytes) @ 0x0000025289e9fa0c [0x0000025289e9f420+0x5ec]
J 10583 C2 java.awt.Container.processEvent(Ljava/awt/AWTEvent;)V (22 bytes) @ 0x0000025288da5d94 [0x0000025288da5c20+0x174]
J 18160 C2 java.awt.Component.dispatchEventImpl(Ljava/awt/AWTEvent;)V (883 bytes) @ 0x000002528934f644 [0x000002528934eea0+0x7a4]
J 17151 C2 java.awt.Container.dispatchEventImpl(Ljava/awt/AWTEvent;)V (129 bytes) @ 0x0000025289fe2178 [0x0000025289fe2120+0x58]
J 16169 C2 java.awt.LightweightDispatcher.retargetMouseEvent(Ljava/awt/Component;ILjava/awt/event/MouseEvent;)V (350 bytes) @ 0x0000025288e98220 [0x0000025288e97c40+0x5e0]
J 17811 C2 java.awt.LightweightDispatcher.processMouseEvent(Ljava/awt/event/MouseEvent;)Z (286 bytes) @ 0x0000025288187d5c [0x0000025288187840+0x51c]
J 17151 C2 java.awt.Container.dispatchEventImpl(Ljava/awt/AWTEvent;)V (129 bytes) @ 0x0000025289fe2444 [0x0000025289fe2120+0x324]
J 17744 C2 java.awt.Window.dispatchEventImpl(Ljava/awt/AWTEvent;)V (23 bytes) @ 0x000002528974410c [0x00000252897440c0+0x4c]
J 12037 C2 java.awt.EventQueue$3.run()Ljava/lang/Object; (5 bytes) @ 0x0000025289184a24 [0x0000025289184620+0x404]
v  ~StubRoutines::call_stub
J 2389  java.security.AccessController.doPrivileged(Ljava/security/PrivilegedAction;Ljava/security/AccessControlContext;)Ljava/lang/Object; (0 bytes) @ 0x0000025287594b26 [0x0000025287594ac0+0x66]
J 16701 C2 java.awt.EventQueue$4.run()Ljava/lang/Object; (5 bytes) @ 0x00000252877fd128 [0x00000252877fcfa0+0x188]
v  ~StubRoutines::call_stub
J 2389  java.security.AccessController.doPrivileged(Ljava/security/PrivilegedAction;Ljava/security/AccessControlContext;)Ljava/lang/Object; (0 bytes) @ 0x0000025287594b26 [0x0000025287594ac0+0x66]
J 12153 C2 ui.frmwork.b.d.dispatchEvent(Ljava/awt/AWTEvent;)V (45 bytes) @ 0x000002528924460c [0x0000025289244360+0x2ac]
J 13586 C2 java.awt.EventDispatchThread.pumpOneEventForFilters(I)V (295 bytes) @ 0x0000025287d78524 [0x0000025287d78160+0x3c4]
J 17752% C1 java.awt.EventDispatchThread.pumpEventsForFilter(ILjava/awt/Conditional;Ljava/awt/EventFilter;)V (47 bytes) @ 0x0000025288c05df4 [0x0000025288c05aa0+0x354]
j  java.awt.EventDispatchThread.pumpEventsForHierarchy(ILjava/awt/Conditional;Ljava/awt/Component;)V+11
j  java.awt.EventDispatchThread.pumpEvents(ILjava/awt/Conditional;)V+4
j  java.awt.EventDispatchThread.pumpEvents(Ljava/awt/Conditional;)V+3
j  java.awt.EventDispatchThread.run()V+9
v  ~StubRoutines::call_stub

---------------  P R O C E S S  ---------------

Java Threads: ( => current thread )
  0x00000252a104b000 JavaThread "Relaunch Simulation" [_thread_in_native, id=16268, stack(0x0000007a40800000,0x0000007a40d00000)]
  0x00000252a43d0000 JavaThread "Thread-86" [_thread_in_native, id=4724, stack(0x0000007a3c900000,0x0000007a3ca00000)]
  0x00000252a43c4000 JavaThread "Thread-85" [_thread_in_native, id=1196, stack(0x0000007a3ca00000,0x0000007a3cb00000)]
  0x00000252a43c2800 JavaThread "SyntheticaAnimation 50" daemon [_thread_blocked, id=18076, stack(0x0000007a41c00000,0x0000007a42100000)]
  0x00000252a43c3000 JavaThread "Image Animator 3" daemon [_thread_blocked, id=13952, stack(0x0000007a40d00000,0x0000007a41200000)]
  0x00000252a43c6000 JavaThread "Thread-23" [_thread_in_native, id=4660, stack(0x0000007a3cf00000,0x0000007a3d000000)]
  0x00000252a43ca000 JavaThread "Thread-22" [_thread_in_native, id=16556, stack(0x0000007a3ce00000,0x0000007a3cf00000)]
  0x00000252a1049800 JavaThread "hw_ila_monitor" [_thread_blocked, id=18400, stack(0x0000007a40300000,0x0000007a40800000)]
  0x00000252a1048800 JavaThread "Update Runs Swing Worker" [_thread_blocked, id=2624, stack(0x0000007a3fe00000,0x0000007a40300000)]
  0x00000252a1047000 JavaThread "Refresh Filesets Swing Worker" [_thread_blocked, id=8104, stack(0x0000007a3e700000,0x0000007a3ec00000)]
  0x00000252a1048000 JavaThread "SyntheticaAnimation 70" daemon [_thread_blocked, id=952, stack(0x0000007a3ec00000,0x0000007a3f100000)]
  0x00000252a104a000 JavaThread "SyntheticaAnimation 25" daemon [_thread_blocked, id=12140, stack(0x0000007a3f900000,0x0000007a3fe00000)]
  0x00000252a1044000 JavaThread "SyntheticaAnimation 50" daemon [_thread_blocked, id=828, stack(0x0000007a3f400000,0x0000007a3f900000)]
  0x00000252a1045000 JavaThread "SyntheticaCleanerThread" daemon [_thread_blocked, id=10476, stack(0x0000007a3e200000,0x0000007a3e700000)]
  0x000002529f8dc800 JavaThread "Batik CleanerThread" daemon [_thread_blocked, id=1460, stack(0x0000007a3dd00000,0x0000007a3e200000)]
=>0x000002529f92c000 JavaThread "AWT-EventQueue-1" [_thread_in_native, id=17540, stack(0x0000007a3d800000,0x0000007a3dd00000)]
  0x000002529f934000 JavaThread "Process Messages" [_thread_blocked, id=17264, stack(0x0000007a3d300000,0x0000007a3d800000)]
  0x000002529f8d9000 JavaThread "Thread-3" [_thread_in_native, id=15824, stack(0x0000007a37b00000,0x0000007a38f00000)]
  0x000002529f7ea800 JavaThread "AWT-Windows" daemon [_thread_in_native, id=18104, stack(0x0000007a3c400000,0x0000007a3c900000)]
  0x000002529f768000 JavaThread "AWT-Shutdown" [_thread_blocked, id=17596, stack(0x0000007a3bf00000,0x0000007a3c400000)]
  0x000002529f767000 JavaThread "Java2D Disposer" daemon [_thread_blocked, id=11780, stack(0x0000007a3ba00000,0x0000007a3bf00000)]
  0x000002529f73f800 JavaThread "TimerQueue" daemon [_thread_blocked, id=10596, stack(0x0000007a3b500000,0x0000007a3ba00000)]
  0x000002529def4800 JavaThread "Service Thread" daemon [_thread_blocked, id=8088, stack(0x0000007a3af00000,0x0000007a3b400000)]
  0x000002529dee9800 JavaThread "C1 CompilerThread2" daemon [_thread_blocked, id=796, stack(0x0000007a3ae00000,0x0000007a3af00000)]
  0x000002529dee6000 JavaThread "C2 CompilerThread1" daemon [_thread_blocked, id=18224, stack(0x0000007a3ad00000,0x0000007a3ae00000)]
  0x000002529dee4800 JavaThread "C2 CompilerThread0" daemon [_thread_blocked, id=9652, stack(0x0000007a3ac00000,0x0000007a3ad00000)]
  0x000002529dee2800 JavaThread "Attach Listener" daemon [_thread_blocked, id=4888, stack(0x0000007a3a700000,0x0000007a3ac00000)]
  0x000002529dee1000 JavaThread "Signal Dispatcher" daemon [_thread_blocked, id=11768, stack(0x0000007a3a200000,0x0000007a3a700000)]
  0x0000025286dcb000 JavaThread "Finalizer" daemon [_thread_blocked, id=18060, stack(0x0000007a39d00000,0x0000007a3a200000)]
  0x0000025286dc6000 JavaThread "Reference Handler" daemon [_thread_blocked, id=12256, stack(0x0000007a39800000,0x0000007a39d00000)]
  0x0000025286cd4800 JavaThread "main" [_thread_blocked, id=80, stack(0x0000007a39200000,0x0000007a39300000)]

Other Threads:
  0x000002529de9f800 VMThread [stack: 0x0000007a39700000,0x0000007a39800000] [id=9660]
  0x000002529df11000 WatcherThread [stack: 0x0000007a3b400000,0x0000007a3b500000] [id=17252]

VM state:not at safepoint (normal execution)

VM Mutex/Monitor currently owned by a thread: None

Heap:
 PSYoungGen      total 51712K, used 43693K [0x00000007bc400000, 0x00000007c0000000, 0x00000007c0000000)
  eden space 41984K, 98% used [0x00000007bc400000,0x00000007bec3de00,0x00000007bed00000)
  from space 9728K, 25% used [0x00000007bed00000,0x00000007bef6d750,0x00000007bf680000)
  to   space 9728K, 0% used [0x00000007bf680000,0x00000007bf680000,0x00000007c0000000)
 ParOldGen       total 153600K, used 62678K [0x0000000700000000, 0x0000000709600000, 0x00000007bc400000)
  object space 153600K, 40% used [0x0000000700000000,0x0000000703d35968,0x0000000709600000)
 Metaspace       used 70235K, capacity 70873K, committed 71552K, reserved 1112064K
  class space    used 9608K, capacity 9731K, committed 9856K, reserved 1048576K

Card table byte_map: [0x0000025296190000,0x00000252967a0000] byte_map_base: 0x0000025292990000

Marking Bits: (ParMarkBitMap*) 0x000000006224a6d0
 Begin Bits: [0x0000025296d90000, 0x0000025299d90000)
 End Bits:   [0x0000025299d90000, 0x000002529cd90000)

Polling page: 0x0000025280910000

CodeCache: size=245760Kb used=56969Kb max_used=57281Kb free=188790Kb
 bounds [0x0000025286dd0000, 0x000002528a640000, 0x0000025295dd0000]
 total_blobs=15228 nmethods=14327 adapters=807
 compilation: enabled

Compilation events (10 events):
Event: 799.681 Thread 0x000002529dee9800 19361       3       ui.b.c.bx::vS (398 bytes)
Event: 799.691 Thread 0x000002529dee9800 nmethod 19361 0x00000252895cc210 code [0x00000252895cc9e0, 0x00000252895d2680]
Event: 800.536 Thread 0x000002529dee9800 19362       1       sun.awt.util.IdentityArrayList::size (5 bytes)
Event: 800.536 Thread 0x000002529dee9800 nmethod 19362 0x00000252878af890 code [0x00000252878af9e0, 0x00000252878afaf8]
Event: 800.590 Thread 0x000002529dee9800 19363       3       sun.java2d.SunGraphics2D::checkFontInfo (721 bytes)
Event: 800.592 Thread 0x000002529dee9800 nmethod 19363 0x0000025288fd1f90 code [0x0000025288fd23e0, 0x0000025288fd4bf0]
Event: 800.606 Thread 0x000002529dee9800 19364       3       de.javasoft.plaf.synthetica.painter.ComboBoxPainter::hasFocus (41 bytes)
Event: 800.607 Thread 0x000002529dee9800 nmethod 19364 0x00000252888cdb50 code [0x00000252888cdd60, 0x00000252888ce750]
Event: 800.610 Thread 0x000002529dee9800 19365       3       java.awt.Window::processEvent (101 bytes)
Event: 800.610 Thread 0x000002529dee9800 nmethod 19365 0x0000025288b90710 code [0x0000025288b90900, 0x0000025288b914d0]

GC Heap History (10 events):
Event: 753.453 GC heap before
{Heap before GC invocations=132 (full 7):
 PSYoungGen      total 51712K, used 50341K [0x00000007bc400000, 0x00000007c0000000, 0x00000007c0000000)
  eden space 43008K, 100% used [0x00000007bc400000,0x00000007bee00000,0x00000007bee00000)
  from space 8704K, 84% used [0x00000007bf780000,0x00000007bfea9680,0x00000007c0000000)
  to   space 9216K, 0% used [0x00000007bee00000,0x00000007bee00000,0x00000007bf700000)
 ParOldGen       total 153600K, used 59293K [0x0000000700000000, 0x0000000709600000, 0x00000007bc400000)
  object space 153600K, 38% used [0x0000000700000000,0x00000007039e7640,0x0000000709600000)
 Metaspace       used 70110K, capacity 70745K, committed 71296K, reserved 1110016K
  class space    used 9600K, capacity 9731K, committed 9856K, reserved 1048576K
Event: 753.458 GC heap after
Heap after GC invocations=132 (full 7):
 PSYoungGen      total 50688K, used 8164K [0x00000007bc400000, 0x00000007c0000000, 0x00000007c0000000)
  eden space 42496K, 0% used [0x00000007bc400000,0x00000007bc400000,0x00000007bed80000)
  from space 8192K, 99% used [0x00000007bee00000,0x00000007bf5f9148,0x00000007bf600000)
  to   space 9728K, 0% used [0x00000007bf680000,0x00000007bf680000,0x00000007c0000000)
 ParOldGen       total 153600K, used 59293K [0x0000000700000000, 0x0000000709600000, 0x00000007bc400000)
  object space 153600K, 38% used [0x0000000700000000,0x00000007039e7640,0x0000000709600000)
 Metaspace       used 70110K, capacity 70745K, committed 71296K, reserved 1110016K
  class space    used 9600K, capacity 9731K, committed 9856K, reserved 1048576K
}
Event: 768.852 GC heap before
{Heap before GC invocations=133 (full 7):
 PSYoungGen      total 50688K, used 50660K [0x00000007bc400000, 0x00000007c0000000, 0x00000007c0000000)
  eden space 42496K, 100% used [0x00000007bc400000,0x00000007bed80000,0x00000007bed80000)
  from space 8192K, 99% used [0x00000007bee00000,0x00000007bf5f9148,0x00000007bf600000)
  to   space 9728K, 0% used [0x00000007bf680000,0x00000007bf680000,0x00000007c0000000)
 ParOldGen       total 153600K, used 59293K [0x0000000700000000, 0x0000000709600000, 0x00000007bc400000)
  object space 153600K, 38% used [0x0000000700000000,0x00000007039e7640,0x0000000709600000)
 Metaspace       used 70139K, capacity 70809K, committed 71552K, reserved 1112064K
  class space    used 9600K, capacity 9731K, committed 9856K, reserved 1048576K
Event: 768.857 GC heap after
Heap after GC invocations=133 (full 7):
 PSYoungGen      total 51712K, used 5047K [0x00000007bc400000, 0x00000007c0000000, 0x00000007c0000000)
  eden space 41984K, 0% used [0x00000007bc400000,0x00000007bc400000,0x00000007bed00000)
  from space 9728K, 51% used [0x00000007bf680000,0x00000007bfb6dfc8,0x00000007c0000000)
  to   space 9728K, 0% used [0x00000007bed00000,0x00000007bed00000,0x00000007bf680000)
 ParOldGen       total 153600K, used 59293K [0x0000000700000000, 0x0000000709600000, 0x00000007bc400000)
  object space 153600K, 38% used [0x0000000700000000,0x00000007039e7640,0x0000000709600000)
 Metaspace       used 70139K, capacity 70809K, committed 71552K, reserved 1112064K
  class space    used 9600K, capacity 9731K, committed 9856K, reserved 1048576K
}
Event: 792.122 GC heap before
{Heap before GC invocations=134 (full 7):
 PSYoungGen      total 51712K, used 47031K [0x00000007bc400000, 0x00000007c0000000, 0x00000007c0000000)
  eden space 41984K, 100% used [0x00000007bc400000,0x00000007bed00000,0x00000007bed00000)
  from space 9728K, 51% used [0x00000007bf680000,0x00000007bfb6dfc8,0x00000007c0000000)
  to   space 9728K, 0% used [0x00000007bed00000,0x00000007bed00000,0x00000007bf680000)
 ParOldGen       total 153600K, used 59293K [0x0000000700000000, 0x0000000709600000, 0x00000007bc400000)
  object space 153600K, 38% used [0x0000000700000000,0x00000007039e7640,0x0000000709600000)
 Metaspace       used 70189K, capacity 70809K, committed 71552K, reserved 1112064K
  class space    used 9600K, capacity 9731K, committed 9856K, reserved 1048576K
Event: 792.127 GC heap after
Heap after GC invocations=134 (full 7):
 PSYoungGen      total 51712K, used 6393K [0x00000007bc400000, 0x00000007c0000000, 0x00000007c0000000)
  eden space 41984K, 0% used [0x00000007bc400000,0x00000007bc400000,0x00000007bed00000)
  from space 9728K, 65% used [0x00000007bed00000,0x00000007bf33e720,0x00000007bf680000)
  to   space 9728K, 0% used [0x00000007bf680000,0x00000007bf680000,0x00000007c0000000)
 ParOldGen       total 153600K, used 61391K [0x0000000700000000, 0x0000000709600000, 0x00000007bc400000)
  object space 153600K, 39% used [0x0000000700000000,0x0000000703bf3c40,0x0000000709600000)
 Metaspace       used 70189K, capacity 70809K, committed 71552K, reserved 1112064K
  class space    used 9600K, capacity 9731K, committed 9856K, reserved 1048576K
}
Event: 798.121 GC heap before
{Heap before GC invocations=135 (full 7):
 PSYoungGen      total 51712K, used 48377K [0x00000007bc400000, 0x00000007c0000000, 0x00000007c0000000)
  eden space 41984K, 100% used [0x00000007bc400000,0x00000007bed00000,0x00000007bed00000)
  from space 9728K, 65% used [0x00000007bed00000,0x00000007bf33e720,0x00000007bf680000)
  to   space 9728K, 0% used [0x00000007bf680000,0x00000007bf680000,0x00000007c0000000)
 ParOldGen       total 153600K, used 61391K [0x0000000700000000, 0x0000000709600000, 0x00000007bc400000)
  object space 153600K, 39% used [0x0000000700000000,0x0000000703bf3c40,0x0000000709600000)
 Metaspace       used 70204K, capacity 70809K, committed 71552K, reserved 1112064K
  class space    used 9601K, capacity 9731K, committed 9856K, reserved 1048576K
Event: 798.126 GC heap after
Heap after GC invocations=135 (full 7):
 PSYoungGen      total 51712K, used 2517K [0x00000007bc400000, 0x00000007c0000000, 0x00000007c0000000)
  eden space 41984K, 0% used [0x00000007bc400000,0x00000007bc400000,0x00000007bed00000)
  from space 9728K, 25% used [0x00000007bf680000,0x00000007bf8f5750,0x00000007c0000000)
  to   space 9728K, 0% used [0x00000007bed00000,0x00000007bed00000,0x00000007bf680000)
 ParOldGen       total 153600K, used 62614K [0x0000000700000000, 0x0000000709600000, 0x00000007bc400000)
  object space 153600K, 40% used [0x0000000700000000,0x0000000703d25968,0x0000000709600000)
 Metaspace       used 70204K, capacity 70809K, committed 71552K, reserved 1112064K
  class space    used 9601K, capacity 9731K, committed 9856K, reserved 1048576K
}
Event: 798.482 GC heap before
{Heap before GC invocations=136 (full 7):
 PSYoungGen      total 51712K, used 44501K [0x00000007bc400000, 0x00000007c0000000, 0x00000007c0000000)
  eden space 41984K, 100% used [0x00000007bc400000,0x00000007bed00000,0x00000007bed00000)
  from space 9728K, 25% used [0x00000007bf680000,0x00000007bf8f5750,0x00000007c0000000)
  to   space 9728K, 0% used [0x00000007bed00000,0x00000007bed00000,0x00000007bf680000)
 ParOldGen       total 153600K, used 62614K [0x0000000700000000, 0x0000000709600000, 0x00000007bc400000)
  object space 153600K, 40% used [0x0000000700000000,0x0000000703d25968,0x0000000709600000)
 Metaspace       used 70212K, capacity 70809K, committed 71552K, reserved 1112064K
  class space    used 9601K, capacity 9731K, committed 9856K, reserved 1048576K
Event: 798.487 GC heap after
Heap after GC invocations=136 (full 7):
 PSYoungGen      total 51712K, used 2485K [0x00000007bc400000, 0x00000007c0000000, 0x00000007c0000000)
  eden space 41984K, 0% used [0x00000007bc400000,0x00000007bc400000,0x00000007bed00000)
  from space 9728K, 25% used [0x00000007bed00000,0x00000007bef6d750,0x00000007bf680000)
  to   space 9728K, 0% used [0x00000007bf680000,0x00000007bf680000,0x00000007c0000000)
 ParOldGen       total 153600K, used 62678K [0x0000000700000000, 0x0000000709600000, 0x00000007bc400000)
  object space 153600K, 40% used [0x0000000700000000,0x0000000703d35968,0x0000000709600000)
 Metaspace       used 70212K, capacity 70809K, committed 71552K, reserved 1112064K
  class space    used 9601K, capacity 9731K, committed 9856K, reserved 1048576K
}

Deoptimization events (10 events):
Event: 799.715 Thread 0x000002529f92c000 Uncommon trap: reason=class_check action=maybe_recompile pc=0x0000025289735350 method=javax.swing.AbstractButton.setEnabled(Z)V @ 21
Event: 800.495 Thread 0x000002529f92c000 Uncommon trap: reason=bimorphic action=maybe_recompile pc=0x000002528a460624 method=java.awt.LightweightDispatcher.eventDispatched(Ljava/awt/AWTEvent;)V @ 70
Event: 800.495 Thread 0x000002529f92c000 Uncommon trap: reason=bimorphic action=maybe_recompile pc=0x000002528a460624 method=java.awt.LightweightDispatcher.eventDispatched(Ljava/awt/AWTEvent;)V @ 70
Event: 800.495 Thread 0x000002529f92c000 Uncommon trap: reason=class_check action=maybe_recompile pc=0x0000025289fab71c method=java.awt.Component.getLocationOnScreen_NoTreeLock()Ljava/awt/Point; @ 33
Event: 800.495 Thread 0x000002529f92c000 Uncommon trap: reason=class_check action=maybe_recompile pc=0x0000025289fab734 method=java.awt.Component.getLocationOnScreen_NoTreeLock()Ljava/awt/Point; @ 86
Event: 800.495 Thread 0x000002529f92c000 Uncommon trap: reason=bimorphic action=maybe_recompile pc=0x000002528a5a3314 method=java.awt.Component.processMouseMotionEvent(Ljava/awt/event/MouseEvent;)V @ 52
Event: 800.584 Thread 0x000002529f92c000 Uncommon trap: reason=unstable_if action=reinterpret pc=0x00000252885b78c8 method=com.jidesoft.swing.JideSwingUtilities.getButtonState(Ljavax/swing/AbstractButton;)I @ 102
Event: 800.584 Thread 0x000002529f92c000 Uncommon trap: reason=unstable_if action=reinterpret pc=0x0000025288df76d4 method=com.jidesoft.plaf.basic.BasicJideButtonUI.getIcon(Ljavax/swing/AbstractButton;)Ljavax/swing/Icon; @ 166
Event: 800.603 Thread 0x00000252a43c2800 Uncommon trap: reason=unstable_if action=reinterpret pc=0x000002528a58f900 method=ui.utils.lnf.b.run()V @ 316
Event: 800.606 Thread 0x000002529f92c000 Uncommon trap: reason=class_check action=maybe_recompile pc=0x000002528971a248 method=javax.swing.plaf.synth.ParsedSynthStyle$DelegatingPainter.paintPanelBackground(Ljavax/swing/plaf/synth/SynthContext;Ljava/awt/Graphics;IIII)V @ 16

Internal exceptions (10 events):
Event: 432.498 Thread 0x000002529f92c000 Implicit null exception at 0x0000025289d38609 to 0x0000025289d39e8d
Event: 432.512 Thread 0x000002529f92c000 Implicit null exception at 0x0000025289d2dd61 to 0x0000025289d2e6ad
Event: 434.530 Thread 0x000002529f92c000 Implicit null exception at 0x00000252888218d3 to 0x0000025288821b61
Event: 475.999 Thread 0x00000252a43c9000 Exception <a 'java/lang/InterruptedException': sleep interrupted> (0x00000007bc5e3b30) thrown at [C:\re\workspace\8-2-build-windows-amd64-cygwin\jdk8u112\7884\hotspot\src\share\vm\prims\jvm.cpp, line 3228]
Event: 488.400 Thread 0x00000252a43ca800 Exception <a 'ui/frmwork/CommandFailedException'> (0x00000007bc7c4a60) thrown at [C:\re\workspace\8-2-build-windows-amd64-cygwin\jdk8u112\7884\hotspot\src\share\vm\prims\jni.cpp, line 709]
Event: 490.045 Thread 0x00000252a43cf000 Exception <a 'java/lang/InterruptedException': sleep interrupted> (0x00000007bc5e2c78) thrown at [C:\re\workspace\8-2-build-windows-amd64-cygwin\jdk8u112\7884\hotspot\src\share\vm\prims\jvm.cpp, line 3180]
Event: 542.538 Thread 0x000002529f92c000 Implicit null exception at 0x000002528839b795 to 0x000002528839bd01
Event: 542.903 Thread 0x00000252a43ca800 Exception <a 'java/lang/InterruptedException': sleep interrupted> (0x00000007bc6ddc48) thrown at [C:\re\workspace\8-2-build-windows-amd64-cygwin\jdk8u112\7884\hotspot\src\share\vm\prims\jvm.cpp, line 3180]
Event: 729.362 Thread 0x000002529f92c000 Implicit null exception at 0x000002528857b4f7 to 0x000002528857b9e5
Event: 734.893 Thread 0x00000252a43c2800 Implicit null exception at 0x000002528834a34a to 0x000002528834bce1

Events (10 events):
Event: 800.584 Thread 0x000002529f92c000 DEOPT PACKING pc=0x0000025288df76d4 sp=0x0000007a3dcfacd0
Event: 800.584 Thread 0x000002529f92c000 DEOPT UNPACKING pc=0x0000025286e15832 sp=0x0000007a3dcfac28 mode 2
Event: 800.603 Thread 0x00000252a43c2800 Uncommon trap: trap_request=0xffffff65 fr.pc=0x000002528a58f900
Event: 800.603 Thread 0x00000252a43c2800 DEOPT PACKING pc=0x000002528a58f900 sp=0x0000007a420ff510
Event: 800.603 Thread 0x00000252a43c2800 DEOPT UNPACKING pc=0x0000025286e15832 sp=0x0000007a420ff4e8 mode 2
Event: 800.606 Thread 0x000002529f92c000 Uncommon trap: trap_request=0xffffffde fr.pc=0x000002528971a248
Event: 800.606 Thread 0x000002529f92c000 DEOPT PACKING pc=0x000002528971a248 sp=0x0000007a3dcfcdb0
Event: 800.606 Thread 0x000002529f92c000 DEOPT UNPACKING pc=0x0000025286e15832 sp=0x0000007a3dcfccd0 mode 2
Event: 800.609 Executing VM operation: BulkRevokeBias
Event: 800.609 Executing VM operation: BulkRevokeBias done


Dynamic libraries:
0x00007ff7e14f0000 - 0x00007ff7e1520000 	C:\Xilinx\Vivado\2018.2\bin\unwrapped\win64.o\vivado.exe
0x00007ff9766f0000 - 0x00007ff9768e5000 	C:\Windows\SYSTEM32\ntdll.dll
0x00007ff974970000 - 0x00007ff974a2d000 	C:\Windows\System32\KERNEL32.DLL
0x00007ff9742e0000 - 0x00007ff9745ad000 	C:\Windows\System32\KERNELBASE.dll
0x00007ff973f10000 - 0x00007ff974010000 	C:\Windows\System32\ucrtbase.dll
0x00007ff9028e0000 - 0x00007ff9036f9000 	C:\Xilinx\Vivado\2018.2\lib\win64.o\librdi_common.dll
0x00007ff96bd90000 - 0x00007ff96bda4000 	C:\Xilinx\Vivado\2018.2\lib\win64.o\librdi_commonmain.dll
0x00007ff975350000 - 0x00007ff9754f0000 	C:\Windows\System32\USER32.dll
0x00007ff96bd50000 - 0x00007ff96bd64000 	C:\Xilinx\Vivado\2018.2\lib\win64.o\libboost_signals.dll
0x00007ff95cd00000 - 0x00007ff95cd1b000 	C:\Windows\SYSTEM32\VCRUNTIME140.dll
0x00007ff974170000 - 0x00007ff974192000 	C:\Windows\System32\win32u.dll
0x00007ff976620000 - 0x00007ff97664a000 	C:\Windows\System32\GDI32.dll
0x00007ff973e00000 - 0x00007ff973f0b000 	C:\Windows\System32\gdi32full.dll
0x00007ff96be00000 - 0x00007ff96be0a000 	C:\Xilinx\Vivado\2018.2\lib\win64.o\librdi_commonversion.dll
0x00007ff96a8f0000 - 0x00007ff96a916000 	C:\Xilinx\Vivado\2018.2\lib\win64.o\libboost_filesystem.dll
0x00007ff974240000 - 0x00007ff9742dd000 	C:\Windows\System32\msvcp_win.dll
0x00007ff95bd10000 - 0x00007ff95bd9d000 	C:\Windows\SYSTEM32\MSVCP140.dll
0x00007ff975180000 - 0x00007ff97522e000 	C:\Windows\System32\ADVAPI32.dll
0x00007ff975ad0000 - 0x00007ff975b6e000 	C:\Windows\System32\msvcrt.dll
0x00007ff921cb0000 - 0x00007ff921dd1000 	C:\Xilinx\Vivado\2018.2\lib\win64.o\librdi_commonxillic.dll
0x00007ff974a30000 - 0x00007ff975174000 	C:\Windows\System32\SHELL32.dll
0x00007ff976430000 - 0x00007ff9764cc000 	C:\Windows\System32\sechost.dll
0x00000000622d0000 - 0x00000000623fb000 	C:\Xilinx\Vivado\2018.2\lib\win64.o\tcl85t.dll
0x00007ff9759a0000 - 0x00007ff975ac5000 	C:\Windows\System32\RPCRT4.dll
0x00007ff975880000 - 0x00007ff9758eb000 	C:\Windows\System32\WS2_32.dll
0x00007ff91b850000 - 0x00007ff91bbbe000 	C:\Xilinx\Vivado\2018.2\lib\win64.o\libCOIN-all.dll
0x00007ff91b590000 - 0x00007ff91b845000 	C:\Xilinx\Vivado\2018.2\lib\win64.o\libXil_lmgr11.dll
0x00007ff975b70000 - 0x00007ff975c4b000 	C:\Windows\System32\COMDLG32.dll
0x00007ff96ac30000 - 0x00007ff96ac44000 	C:\Xilinx\Vivado\2018.2\lib\win64.o\libboost_date_time.dll
0x00007ff9754f0000 - 0x00007ff975844000 	C:\Windows\System32\combase.dll
0x00007ff964060000 - 0x00007ff9640df000 	C:\Xilinx\Vivado\2018.2\lib\win64.o\libboost_program_options.dll
0x00007ff9758f0000 - 0x00007ff97599d000 	C:\Windows\System32\shcore.dll
0x00007ff9196d0000 - 0x00007ff9197e4000 	C:\Xilinx\Vivado\2018.2\lib\win64.o\libboost_regex.dll
0x00007ff974910000 - 0x00007ff974965000 	C:\Windows\System32\SHLWAPI.dll
0x00007ff974740000 - 0x00007ff97480d000 	C:\Windows\System32\OLEAUT32.dll
0x00007ff96a8c0000 - 0x00007ff96a8e1000 	C:\Xilinx\Vivado\2018.2\lib\win64.o\libboost_thread.dll
0x00007ff96a8b0000 - 0x00007ff96a8bf000 	C:\Xilinx\Vivado\2018.2\lib\win64.o\libboost_xilinx.dll
0x00007ff96bde0000 - 0x00007ff96bdeb000 	C:\Xilinx\Vivado\2018.2\lib\win64.o\libboost_system.dll
0x00007ff9764f0000 - 0x00007ff97661a000 	C:\Windows\System32\ole32.dll
0x00007ff9741a0000 - 0x00007ff974208000 	C:\Windows\System32\WINTRUST.dll
0x00007ff974010000 - 0x00007ff974166000 	C:\Windows\System32\CRYPT32.dll
0x00007ff92b100000 - 0x00007ff92b182000 	C:\Xilinx\Vivado\2018.2\lib\win64.o\libhdlpsolve.dll
0x00007ff9275f0000 - 0x00007ff927695000 	C:\Xilinx\Vivado\2018.2\lib\win64.o\libhdxml.dll
0x00007ff902020000 - 0x00007ff9028d3c00 	C:\Xilinx\Vivado\2018.2\lib\win64.o\libisl_iostreams.dll
0x00007ff969580000 - 0x00007ff9695ae000 	C:\Xilinx\Vivado\2018.2\lib\win64.o\libisl_sysinfo.dll
0x0000000061a30000 - 0x00000000622ca000 	C:\Xilinx\Vivado\2018.2\tps\win64\jre\bin\server\jvm.dll
0x00007ff948840000 - 0x00007ff9488a5000 	C:\Xilinx\Vivado\2018.2\lib\win64.o\liblmx6.0.dll
0x00007ff914c20000 - 0x00007ff914d71000 	C:\Xilinx\Vivado\2018.2\lib\win64.o\librdi_curl.dll
0x00007ff969500000 - 0x00007ff96951c000 	C:\Xilinx\Vivado\2018.2\lib\win64.o\librdiconfig.dll
0x00007ff963e90000 - 0x00007ff963eb1000 	C:\Xilinx\Vivado\2018.2\lib\win64.o\librdizlib.dll
0x00007ff9761c0000 - 0x00007ff9761c8000 	C:\Windows\System32\PSAPI.DLL
0x0000000012000000 - 0x0000000012272000 	C:\Xilinx\Vivado\2018.2\lib\win64.o\xerces-c_3_1.dll
0x00007ff95ccf0000 - 0x00007ff95ccfc000 	C:\Windows\SYSTEM32\VCRUNTIME140_1.dll
0x00007ff95b830000 - 0x00007ff95bd06000 	C:\Windows\SYSTEM32\WININET.dll
0x00007ff96bbe0000 - 0x00007ff96bcea000 	C:\Windows\SYSTEM32\WINHTTP.dll
0x00007ff968090000 - 0x00007ff96827c000 	C:\Windows\SYSTEM32\urlmon.dll
0x00007ff95c9d0000 - 0x00007ff95c9d9000 	C:\Windows\SYSTEM32\WSOCK32.dll
0x00007ff901180000 - 0x00007ff902011000 	C:\Xilinx\Vivado\2018.2\lib\win64.o\gurobi65.dll
0x00007ff963e60000 - 0x00007ff963e8e000 	C:\Windows\SYSTEM32\VCOMP140.DLL
0x00007ff95d500000 - 0x00007ff95d51a000 	C:\Windows\SYSTEM32\NETAPI32.dll
0x00007ff960970000 - 0x00007ff960a20000 	C:\Windows\WinSxS\amd64_microsoft.windows.common-controls_6595b64144ccf1df_5.82.19041.1110_none_792d1c772443f647\COMCTL32.dll
0x00007ff9698b0000 - 0x00007ff9698bd000 	C:\Xilinx\Vivado\2018.2\lib\win64.o\libboost_chrono.dll
0x00007ff969270000 - 0x00007ff96928b000 	C:\Xilinx\Vivado\2018.2\lib\win64.o\libboost_iostreams.dll
0x00007ff963910000 - 0x00007ff963935000 	C:\Xilinx\Vivado\2018.2\lib\win64.o\libisl_iosutils.dll
0x00007ff96b200000 - 0x00007ff96b227000 	C:\Windows\SYSTEM32\WINMM.dll
0x00007ff96be90000 - 0x00007ff96be9a000 	C:\Windows\SYSTEM32\VERSION.dll
0x0000000061950000 - 0x0000000061a22000 	C:\Windows\SYSTEM32\MSVCR100.dll
0x00007ff9653e0000 - 0x00007ff965691000 	C:\Windows\SYSTEM32\iertutil.dll
0x00007ff969220000 - 0x00007ff96923a000 	C:\Xilinx\Vivado\2018.2\lib\win64.o\pthreadVC2.dll
0x00007ff973330000 - 0x00007ff97333c000 	C:\Windows\SYSTEM32\netutils.dll
0x00007ff96d790000 - 0x00007ff96d7ad000 	C:\Windows\SYSTEM32\dhcpcsvc.DLL
0x00007ff96bd10000 - 0x00007ff96bd38000 	C:\Windows\SYSTEM32\srvcli.dll
0x00007ff975850000 - 0x00007ff975880000 	C:\Windows\System32\IMM32.DLL
0x00007ff9739f0000 - 0x00007ff973a02000 	C:\Windows\SYSTEM32\MSASN1.dll
0x00007ff972670000 - 0x00007ff972682000 	C:\Windows\SYSTEM32\kernel.appcore.dll
0x00007ff908310000 - 0x00007ff90879c000 	C:\Xilinx\Vivado\2018.2\lib\win64.o\librdi_commontasks.dll
0x00007ff900f00000 - 0x00007ff901177000 	C:\Xilinx\Vivado\2018.2\lib\win64.o\librdi_sio.dll
0x00007ff973220000 - 0x00007ff97325b000 	C:\Windows\SYSTEM32\IPHLPAPI.DLL
0x00007ff971ec0000 - 0x00007ff972654000 	C:\Windows\SYSTEM32\windows.storage.dll
0x00007ff973780000 - 0x00007ff9737ac000 	C:\Windows\SYSTEM32\Wldp.dll
0x00007ff8f1b40000 - 0x00007ff8f3d3f000 	C:\Xilinx\Vivado\2018.2\lib\win64.o\librdi_tcltasks.dll
0x00007ff900b20000 - 0x00007ff900ef5000 	C:\Xilinx\Vivado\2018.2\lib\win64.o\librdi_bitstream.dll
0x00007ff90aac0000 - 0x00007ff90ac3e000 	C:\Xilinx\Vivado\2018.2\lib\win64.o\librdi_board.dll
0x00007ff9008d0000 - 0x00007ff900b17000 	C:\Xilinx\Vivado\2018.2\lib\win64.o\librdi_chipscope.dll
0x00007ff929f60000 - 0x00007ff929fca000 	C:\Xilinx\Vivado\2018.2\lib\win64.o\librdi_boarddep.dll
0x00007ff8f02e0000 - 0x00007ff8f1b39000 	C:\Xilinx\Vivado\2018.2\lib\win64.o\librdi_constraints.dll
0x00007ff90cbf0000 - 0x00007ff90cd18000 	C:\Xilinx\Vivado\2018.2\lib\win64.o\librdi_containers.dll
0x00007ff8ee5c0000 - 0x00007ff8f02d1000 	C:\Xilinx\Vivado\2018.2\lib\win64.o\librdi_coregen.dll
0x00007ff9001f0000 - 0x00007ff9008c9000 	C:\Xilinx\Vivado\2018.2\lib\win64.o\librdi_coregenipxact.dll
0x00007ff8ea850000 - 0x00007ff8ee5b2000 	C:\Xilinx\Vivado\2018.2\lib\win64.o\librdi_designutils.dll
0x00007ff921be0000 - 0x00007ff921ca2000 	C:\Xilinx\Vivado\2018.2\lib\win64.o\librdi_dsp.dll
0x00007ff8dbd30000 - 0x00007ff8dc048000 	C:\Xilinx\Vivado\2018.2\lib\win64.o\librdi_dlyest.dll
0x00007ff8db7e0000 - 0x00007ff8dbd21000 	C:\Xilinx\Vivado\2018.2\lib\win64.o\librdi_drc.dll
0x00007ff8dc050000 - 0x00007ff8ea848000 	C:\Xilinx\Vivado\2018.2\lib\win64.o\librdi_device.dll
0x00007ff8db1a0000 - 0x00007ff8db7d1000 	C:\Xilinx\Vivado\2018.2\lib\win64.o\librdi_filemgmt.dll
0x00007ff91b530000 - 0x00007ff91b588000 	C:\Xilinx\Vivado\2018.2\lib\win64.o\librdi_hdf.dll
0x00007ff8d9f60000 - 0x00007ff8db194000 	C:\Xilinx\Vivado\2018.2\lib\win64.o\librdi_implflow.dll
0x00007ff8d60f0000 - 0x00007ff8d6741000 	C:\Xilinx\Vivado\2018.2\lib\win64.o\librdi_memdata.dll
0x00007ff8d5c40000 - 0x00007ff8d60e2000 	C:\Xilinx\Vivado\2018.2\lib\win64.o\librdi_netlist.dll
0x00007ff92f950000 - 0x00007ff92f999000 	C:\Xilinx\Vivado\2018.2\lib\win64.o\librdi_pfi.dll
0x00007ff8d3610000 - 0x00007ff8d389a000 	C:\Xilinx\Vivado\2018.2\lib\win64.o\librdi_platform.dll
0x00007ff8d3330000 - 0x00007ff8d3601000 	C:\Xilinx\Vivado\2018.2\lib\win64.o\librdi_guitools.dll
0x00007ff8d2c40000 - 0x00007ff8d332c000 	C:\Xilinx\Vivado\2018.2\lib\win64.o\librdi_power.dll
0x00007ff8d2700000 - 0x00007ff8d2c3d000 	C:\Xilinx\Vivado\2018.2\lib\win64.o\librdi_project.dll
0x00007ff8d38a0000 - 0x00007ff8d5c3e000 	C:\Xilinx\Vivado\2018.2\lib\win64.o\librdi_place.dll
0x00007ff8d6750000 - 0x00007ff8d9f5a000 	C:\Xilinx\Vivado\2018.2\lib\win64.o\librdi_mig.dll
0x00007ff8d19d0000 - 0x00007ff8d200e000 	C:\Xilinx\Vivado\2018.2\lib\win64.o\librdi_rsb.dll
0x00007ff8d1600000 - 0x00007ff8d19c3000 	C:\Xilinx\Vivado\2018.2\lib\win64.o\librdi_runs.dll
0x00007ff909240000 - 0x00007ff909317000 	C:\Xilinx\Vivado\2018.2\lib\win64.o\librdi_runsbase.dll
0x00007ff8d2010000 - 0x00007ff8d26f1000 	C:\Xilinx\Vivado\2018.2\lib\win64.o\librdi_psta.dll
0x00007ff9138b0000 - 0x00007ff91397b000 	C:\Xilinx\Vivado\2018.2\lib\win64.o\librdi_xhub.dll
0x00007ff8d13d0000 - 0x00007ff8d15f6000 	C:\Xilinx\Vivado\2018.2\lib\win64.o\librdi_simdata.dll
0x00007ff8d06b0000 - 0x00007ff8d13cd000 	C:\Xilinx\Vivado\2018.2\lib\win64.o\librdi_timing.dll
0x00007ff91b4e0000 - 0x00007ff91b52c000 	C:\Xilinx\Vivado\2018.2\lib\win64.o\libboost_serialization.dll
0x00007ff91b2b0000 - 0x00007ff91b35f000 	C:\Xilinx\Vivado\2018.2\lib\win64.o\librdi_hip_devdesign.dll
0x00007ff91a770000 - 0x00007ff91a7d6000 	C:\Xilinx\Vivado\2018.2\lib\win64.o\librdi_ipconfig_readwrite.dll
0x00007ff93aab0000 - 0x00007ff93aae8000 	C:\Xilinx\Vivado\2018.2\lib\win64.o\librdi_noc_frameworks.dll
0x00007ff8cfbb0000 - 0x00007ff8d06a3000 	C:\Xilinx\Vivado\2018.2\lib\win64.o\libverific.dll
0x00007ff8cf660000 - 0x00007ff8cfbae000 	C:\Xilinx\Vivado\2018.2\lib\win64.o\librdi_xdm.dll
0x00007ff91a260000 - 0x00007ff91a2a9000 	C:\Xilinx\Vivado\2018.2\lib\win64.o\librdi_wavedata_SimpleApi.dll
0x00007ff90aa30000 - 0x00007ff90aab8000 	C:\Xilinx\Vivado\2018.2\lib\win64.o\librdi_hip_config.dll
0x00007ff8cf0b0000 - 0x00007ff8cf651000 	C:\Xilinx\Vivado\2018.2\lib\win64.o\librdi_wavedata.dll
0x00007ff90a630000 - 0x00007ff90a6ce000 	C:\Xilinx\Vivado\2018.2\lib\win64.o\libise.dll
0x00007ff8cd070000 - 0x00007ff8cd2b3000 	C:\Xilinx\Vivado\2018.2\lib\win64.o\librdi_hsm.dll
0x00007ff8cd2c0000 - 0x00007ff8cf0a2000 	C:\Xilinx\Vivado\2018.2\lib\win64.o\librdi_synth.dll
0x00007ff8cba00000 - 0x00007ff8cc16e000 	C:\Xilinx\Vivado\2018.2\lib\win64.o\librdi_labtools.dll
0x00007ff8cc170000 - 0x00007ff8cd061000 	C:\Xilinx\Vivado\2018.2\lib\win64.o\librdi_route.dll
0x00007ff913c50000 - 0x00007ff913ca2000 	C:\Xilinx\Vivado\2018.2\lib\win64.o\librdi_projectbase.dll

VM Arguments:
jvm_args: -Dsun.java2d.pmoffscreen=false -Dsun.java2d.xrender=false -Dsun.java2d.d3d=false -Dsun.awt.nopixfmt=true -Xverify:none -Dswing.aatext=true -XX:-UsePerfData -Djdk.map.althashing.threshold=512 -XX:StringTableSize=4072 -XX:NewSize=60m -XX:MaxNewSize=60m -Xms128m -Xmx3072m -Xss5m 
java_command: <unknown>
java_class_path (initial): C:/Xilinx/Vivado/2018.2\lib\classes\alloy.jar;C:/Xilinx/Vivado/2018.2\lib\classes\autopilot.scelaborator.jar;C:/Xilinx/Vivado/2018.2\lib\classes\autopilot.sourceprocessor.jar;C:/Xilinx/Vivado/2018.2\lib\classes\autopilot.tbprocessor.jar;C:/Xilinx/Vivado/2018.2\lib\classes\batik-anim.jar;C:/Xilinx/Vivado/2018.2\lib\classes\batik-awt-util.jar;C:/Xilinx/Vivado/2018.2\lib\classes\batik-bridge.jar;C:/Xilinx/Vivado/2018.2\lib\classes\batik-codec.jar;C:/Xilinx/Vivado/2018.2\lib\classes\batik-css.jar;C:/Xilinx/Vivado/2018.2\lib\classes\batik-dom.jar;C:/Xilinx/Vivado/2018.2\lib\classes\batik-ext.jar;C:/Xilinx/Vivado/2018.2\lib\classes\batik-gui-util.jar;C:/Xilinx/Vivado/2018.2\lib\classes\batik-gvt.jar;C:/Xilinx/Vivado/2018.2\lib\classes\batik-parser.jar;C:/Xilinx/Vivado/2018.2\lib\classes\batik-script.jar;C:/Xilinx/Vivado/2018.2\lib\classes\batik-svg-dom.jar;C:/Xilinx/Vivado/2018.2\lib\classes\batik-swing.jar;C:/Xilinx/Vivado/2018.2\lib\classes\batik-transcoder.jar;C:/Xilinx/Vivado/2018.2\lib\classes\batik-util.jar;C:/Xilinx/Vivado/2018.2\lib\classes\batik-xml.jar;C:/Xilinx/Vivado/2018.2\lib\classes\com.ibm.icu_4.4.2.v20110208.jar;C:/Xilinx/Vivado/2018.2\lib\classes\commons-collections4-4.1.jar;C:/Xilinx/Vivado/2018.2\lib\classes\commons-math-2.2.jar;C:/Xilinx/Vivado/2018.2\lib\classes\dom4j-1.6.1.jar;C:/Xilinx/Vivado/2018.2\lib\classes\guava-18.0.jar;C:/Xilinx/Vivado/2018.2\lib\classes\help.jar;C:/Xilinx/Vivado/2018.2\lib\classes\hsqldb.jar;C:/Xilinx/Vivado/2018.2\lib\classes\jargs.jar;C:/Xilinx/Vivado/2018.2\lib\classes\jh.jar;C:/Xilinx/Vivado/2018.2\lib\classes\jide-action.jar;C:/Xilinx/Vivado/2018.2\lib\classes\jide-charts.jar;C:/Xilinx/Vivado/2018.2\lib\classes\jide-common.jar;C:/Xilinx/Vivado/2018.2\lib\classes\jide-components.jar;C:/Xilinx/Vivado/2018.2\lib\classes\jide-dashboard.jar;C:/Xilinx/Vivado/2018.2\lib\classes\jide-data.jar;C:/Xilinx/Vivado/2018.2\lib\classes\jide-dialogs.jar;C:/Xilinx/Vivado/2018.2\lib\classes\jide-diff.jar;C:/X
Launcher Type: generic

Environment Variables:
PATH=C:/Xilinx/Vivado/2018.2/bin;C:/Xilinx/Vivado/2018.2/lib/win64.o;C:/Xilinx/Vivado/2018.2/tps/win64/jre/bin/server;C:/Xilinx/Vivado/2018.2/tps/win64/jre/bin;C:/Xilinx/SDK/2018.2/bin;C:/Xilinx/Vivado/2018.2/ids_lite/ISE/bin/nt64;C:/Xilinx/Vivado/2018.2/ids_lite/ISE/lib/nt64;C:\Program Files\NVIDIA GPU Computing Toolkit\CUDA\v11.6\bin;C:\Program Files\NVIDIA GPU Computing Toolkit\CUDA\v11.6\libnvvp;C:\Program Files (x86)\VMware\VMware Player\bin\;C:\Program Files (x86)\Common Files\Oracle\Java\javapath;C:\Windows\system32;C:\Windows;C:\Windows\System32\Wbem;C:\Windows\System32\WindowsPowerShell\v1.0\;C:\Windows\System32\OpenSSH\;C:\Program Files (x86)\NVIDIA Corporation\PhysX\Common;C:\Program Files\NVIDIA Corporation\NVIDIA NvDLISR;C:\Program Files (x86)\Microsoft SQL Server\150\DTS\Binn\;C:\Program Files\Microsoft SQL Server\Client SDK\ODBC\130\Tools\Binn\;C:\Program Files (x86)\Microsoft SQL Server\140\Tools\Binn\;C:\Program Files\Microsoft SQL Server\140\Tools\Binn\;C:\Program Files\Microsoft SQL Server\140\DTS\Binn\;C:\Program Files\Microsoft SQL Server\130\Tools\Binn\;C:\Program Files\MATLAB\R2018a\runtime\win64;C:\Program Files\MATLAB\R2018a\bin;C:\Program Files\NVIDIA Corporation\Nsight Compute 2022.1.0\;C:\Users\Ahmed\AppData\Local\Programs\Python\Python310\Scripts\;C:\Users\Ahmed\AppData\Local\Programs\Python\Python310\;C:\Users\Ahmed\AppData\Local\Microsoft\WindowsApps;C:\intelFPGA_lite\18.0\modelsim_ase\win32aloem;C:\Users\Ahmed\AppData\Local\GitHubDesktop\bin;C:\Modeltech_pe_edu_10.4a\win32pe_edu;C:\Program Files (x86)\Arduino;C:\Users\Ahmed\AppData\Local\Programs\Microsoft VS Code\bin;C:\Program Files (x86)\FreeArc\bin;C:\msys64\mingw64\bin;C:/Xilinx/Vivado/2018.2\tps\mingw\6.2.0\win64.o\nt\bin;C:/Xilinx/Vivado/2018.2\tps\mingw\6.2.0\win64.o\nt\libexec\gcc\x86_64-w64-mingw32\6.2.0
USERNAME=Ahmed
OS=Windows_NT
PROCESSOR_IDENTIFIER=AMD64 Family 23 Model 1 Stepping 1, AuthenticAMD



---------------  S Y S T E M  ---------------

OS: Windows 10.0 , 64 bit Build 19041 (10.0.19041.1706)

CPU:total 4 (4 cores per cpu, 1 threads per core) family 23 model 1 stepping 1, cmov, cx8, fxsr, mmx, sse, sse2, sse3, ssse3, sse4.1, sse4.2, popcnt, avx, avx2, aes, clmul, mmxext, 3dnowpref, lzcnt, sse4a, tsc, tscinvbit, tscinv, bmi1

Memory: 4k page, physical 16728848k(6702460k free), swap 21447440k(2903424k free)

vm_info: Java HotSpot(TM) 64-Bit Server VM (25.112-b15) for windows-amd64 JRE (1.8.0_112-b15), built on Sep 22 2016 21:31:56 by "java_re" with MS VC++ 10.0 (VS2010)

time: Tue May 31 16:42:30 2022
elapsed time: 800 seconds (0d 0h 13m 20s)

