Vivado Simulator 2018.2
Time resolution is 1 ps
Block Memory Generator module Top_Sequential_model.M1.inst.native_mem_module.blk_mem_gen_v8_4_1_inst is using a behavioral model for simulation which will not precisely model memory collision behavior.
Block Memory Generator module Top_Sequential_model.M2.inst.native_mem_module.blk_mem_gen_v8_4_1_inst is using a behavioral model for simulation which will not precisely model memory collision behavior.
Block Memory Generator module Top_Sequential_model.M3.inst.native_mem_module.blk_mem_gen_v8_4_1_inst is using a behavioral model for simulation which will not precisely model memory collision behavior.
 Block Memory Generator module loading initial data...
 Block Memory Generator data initialization complete.
Block Memory Generator module Top_Sequential_model.Conv1.inst.native_mem_module.blk_mem_gen_v8_4_1_inst is using a behavioral model for simulation which will not precisely model memory collision behavior.
 Block Memory Generator module loading initial data...
 Block Memory Generator data initialization complete.
Block Memory Generator module Top_Sequential_model.Conv2.inst.native_mem_module.blk_mem_gen_v8_4_1_inst is using a behavioral model for simulation which will not precisely model memory collision behavior.
blk_mem_gen_v8_4_1 WARNING: Address 3f is outside range for A Write
blk_mem_gen_v8_4_1 WARNING: Address 7 is outside range for B Read
blk_mem_gen_v8_4_1 WARNING: Address 7 is outside range for B Read
blk_mem_gen_v8_4_1 WARNING: Address 7 is outside range for B Read
blk_mem_gen_v8_4_1 WARNING: Address 7 is outside range for B Read
blk_mem_gen_v8_4_1 WARNING: Address 7 is outside range for B Read
blk_mem_gen_v8_4_1 WARNING: Address 7 is outside range for B Read
Data:0000000000000000000000000110111100000000000000000000000000000000000000000000000000000000000000000000000000000000000000011001110100000000000101010000000000000000000000000000000000000000010110100000000000000000000000000000101100000000000000000000000010110000
weights:1111111110101110000000010110111000000001101001010000000010000011000000011101111100000000010010011111111010111100000000010001011000000000111110111111111110110001111111011101010111111111101100100000001111110101111111110111010000000000111011010000000110011110
OutM:0000000000000000000000000000000000000000000000000000000000000000000000000000000000000000000000000000000000000000000000001000110000000000100100010000000010101111000000000101101100000000000011010000000000000000000000000000000000000000000111010000000000000000
at1:0000000000000000
at2:0000000010011010

at1:0000000000000000
at2:0000000000000000

at1:0000000001010011
at2:0000000000000000

at1:0000000000000000
at2:0000000000000000

at1:0000000010111111
at2:0000000000000000

at1:0000000101101000
at2:0000000000000000

at1:0000000000000000
at2:0000000000000000

at1:0000000000000000
at2:0000000000000000

at1:0000000000000000
at2:0000000000000000

at1:0000000000000000
at2:0000000000000000

at1:0000000000000000
at2:0000000000000000

at1:0000000000000000
at2:0000000010100001

at1:0000000001001011
at2:0000000000000000

at1:0000000000000000
at2:0000000000000000

at1:0000000000000000
at2:0000000011110010

at1:0000000000000000
at2:0000000000000000

at1:0000000000000000
at2:0000000000000000

at1:0000000000000000
at2:0000000000000000

at1:0000000000100001
at2:0000000000000000

at1:0000000001110001
at2:0000000110110010

at1:0000000000000000
at2:0000000000000000

at1:0000000000000000
at2:0000000010001100

at1:0000000001010011
at2:0000000010000110

at1:0000000000000000
at2:0000000010011010

at1:0000000000000000
at2:0000000000000000

at1:0000000000000000
at2:0000000000000000

at1:0000000000000000
at2:0000000100000010

at1:0000000000000000
at2:0000000000000000

at1:0000000000000000
at2:0000000000001111

at1:0000000011101001
at2:0000000001010100

at1:0000000000000000
at2:0000000000000000

at1:0000000000000000
at2:0000000000000000

at1:0000000000001011
at2:0000000000000000

at1:0000000000000000
at2:0000000000000000

at1:0000000000000000
at2:0000000000000000

at1:0000000000000000
at2:0000000000000000

at1:0000000000000000
at2:0000000000000000

at1:0000000000000000
at2:0000000000000000

at1:0000000000000000
at2:0000000000000000

at1:0000000000000000
at2:0000000101010110

at1:0000000000000000
at2:0000000000000000

at1:0000000010101010
at2:0000000000000000

at1:0000000000001010
at2:0000000000000000

at1:0000000000000000
at2:0000000000000000

at1:0000000000000000
at2:0000000000000000

at1:0000000011010010
at2:0000000000000000

at1:0000000000000000
at2:0000000000000000

at1:0000000000000000
at2:0000000000000000

at1:0000000000000000
at2:0000000000000000

at1:0000000000000000
at2:0000000001110000

at1:0000001000000000
at2:0000000000000000

at1:0000000000000000
at2:0000000000000000

at1:0000000001010011
at2:0000000010010100

at1:0000000011101101
at2:0000000000000000

at1:0000000000000000
at2:0000000001000101

at1:0000000100010000
at2:0000000000000000

at1:0000000101010000
at2:0000000000000000

at1:0000000010000011
at2:0000000000000000

at1:0000000000000000
at2:0000000010011000

at1:0000000000000000
at2:0000000000000000

at1:0000000000000000
at2:0000000000000000

at1:0000000000000000
at2:0000000010001010

at1:0000000000000000
at2:0000000000000000

at1:0000000000000000
at2:0000000000000000

at1:0000000111111111
at2:0000000000000000

at1:0000000000000000
at2:0000000000000000

at1:0000000000000000
at2:0000000000000000

at1:0000000000000000
at2:0000000000000000

at1:0000000000000000
at2:0000000000000000

at1:0000000000000000
at2:0000000000000000

at1:0000000000000000
at2:0000000000000000

at1:0000000000000000
at2:0000000000000000

at1:0000000000000000
at2:0000000101000110

at1:0000000000000000
at2:0000000000000000

at1:0000000000000000
at2:0000000000000000

at1:0000000000111111
at2:0000000000000000

at1:0000000101000100
at2:0000000000000000

at1:0000000000000000
at2:0000000000000000

at1:0000000000000000
at2:0000000000000000

at1:0000000000000000
at2:0000000000000000

at1:0000000000000000
at2:0000000000000000

at1:0000000000000000
at2:0000000000000000

at1:0000000000000000
at2:0000000000000000

at1:0000000000000000
at2:0000000000000000

at1:0000000000000000
at2:0000000000000000

at1:0000000000000000
at2:0000000000000000

at1:0000000010100110
at2:0000000000000000

at1:0000000000000000
at2:0000000000000000

at1:0000000000000000
at2:0000000000000000

at1:0000000000000000
at2:0000000000000000

at1:0000000000000000
at2:0000000000000000

at1:0000000000000000
at2:0000000000000000

at1:0000000000000000
at2:0000000101001011

at1:0000000010111000
at2:0000000001011010

at1:0000000000000000
at2:0000000000000000

at1:0000000001100111
at2:0000000010110000

at1:0000000000000000
at2:0000000000000000

at1:0000000000000000
at2:0000000000000000

at1:0000000001001000
at2:0000000000110010

at1:0000000000000000
at2:0000000000000000

at1:0000000000000000
at2:0000000000000000

at1:0000000000000101
at2:0000000000000000

at1:0000000000000000
at2:0000000000000000

at1:0000000000000000
at2:0000000000000000

at1:0000000000000000
at2:0000000000111010

at1:0000000000000000
at2:0000000000000000

at1:0000000000000000
at2:0000000000000000

at1:0000000000000000
at2:0000000000000000

at1:0000000010101101
at2:0000000000000000

at1:0000000000000000
at2:0000000000000000

at1:0000000000000000
at2:0000000000000000

at1:0000000000000000
at2:0000000000000000

at1:0000000000000000
at2:0000000000000000

at1:0000000000000000
at2:0000000000000000

at1:0000000000000000
at2:0000000000000000

at1:0000000000000000
at2:0000000000000000

at1:0000000000000000
at2:0000000000000000

at1:0000000010100011
at2:0000000000000000

at1:0000000001000010
at2:0000000000000000

at1:0000000000000000
at2:0000000000000000

at1:0000000000000000
at2:0000000000000000

at1:0000000000000000
at2:0000000000000000

at1:0000000001100000
at2:0000000000000000

at1:0000000000000000
at2:0000000000000000

at1:0000000000000000
at2:0000000000000000

at1:0000000000000000
at2:0000000000000000

at1:0000000010011001
at2:0000000000000000

at1:0000000011011001
at2:0000000000000000

at1:0000000101000001
at2:0000000100010101

at1:0000000000000000
at2:0000000001101101

at1:0000000000000000
at2:0000000001100000

at1:0000000000000000
at2:0000000000000000

at1:0000000000000000
at2:0000000000000000

at1:0000000000000000
at2:0000000000000000

at1:0000000000000000
at2:0000000000000000

at1:0000000000000000
at2:0000000000000000

at1:0000000000000000
at2:0000000000000000

at1:0000000000000000
at2:0000000000000000

at1:0000000000000000
at2:0000000000000000

at1:0000000011001011
at2:0000000000000011

at1:0000000000000000
at2:0000000001111100

at1:0000000000000000
at2:0000000000000000

at1:0000000010000101
at2:0000000000000000

at1:0000000000000000
at2:0000000000000000

at1:0000000010011000
at2:0000000000000000

at1:0000000000000000
at2:0000000000000000

at1:0000000000000000
at2:0000000000000000

at1:0000000011111010
at2:0000000000000000

at1:0000000000000000
at2:0000000000000000

at1:0000000000000000
at2:0000000000000000

at1:0000000010101001
at2:0000000000000000

at1:0000000010101111
at2:0000000000000000

at1:0000000001110110
at2:0000000000000000

at1:0000000001011000
at2:0000000010011100

at1:0000000101011001
at2:0000000000000000

at1:0000000000000000
at2:0000000000000000

at1:0000000000000000
at2:0000000000000000

at1:0000000000001000
at2:0000000000000000

at1:0000000000000000
at2:0000000000000000

at1:0000000000000000
at2:0000000110101100

at1:0000000000000000
at2:0000000000000000

at1:0000000000010001
at2:0000000000000000

at1:0000000000000000
at2:0000000000000000

at1:0000000000000000
at2:0000000000000000

at1:0000000000000000
at2:0000000000000000

at1:0000000000010101
at2:0000000000011100

at1:0000000000000000
at2:0000000000000000

at1:0000000011100011
at2:0000000000000000

at1:0000000000000000
at2:0000000000000000

at1:0000000000000000
at2:0000000000000000

at1:0000000000000000
at2:0000000000000000

at1:0000000000000000
at2:0000000000000000

at1:0000000101000111
at2:0000000000000000

at1:0000000000000000
at2:0000000000000000

at1:0000000000000000
at2:0000000000000000

at1:0000000000000000
at2:0000000000000000

at1:0000000000000000
at2:0000000000000000

at1:0000000000000000
at2:0000000000000000

at1:0000000000000000
at2:0000000000000000

at1:0000000000000000
at2:0000000000000000

at1:0000000000000000
at2:0000000000000000

at1:0000000011110111
at2:0000000010010001

at1:0000000000000000
at2:0000000001011101

at1:0000000000000000
at2:0000000000000000

at1:0000000000000000
at2:0000000000000000

at1:0000000000111011
at2:0000000000000000

at1:0000000000000000
at2:0000000000000000

at1:0000000000000000
at2:0000000000000000

at1:0000000011100111
at2:0000000000000000

at1:0000000000000000
at2:0000000000000000

at1:0000000000000000
at2:0000000000000000

at1:0000000000000000
at2:0000000100011100

at1:0000000000000000
at2:0000000000111100

at1:0000000010011000
at2:0000000000000000

at1:0000000001100000
at2:0000000000000000

at1:0000000000000000
at2:0000000000000000

at1:0000000000000000
at2:0000000000000000

at1:0000000000000000
at2:0000000000000000

at1:0000000010111011
at2:0000000000000000

at1:0000000000000000
at2:0000000000000000

at1:0000000000000000
at2:0000000000000000

at1:0000000000000000
at2:0000000000000000

at1:0000000000000000
at2:0000000000000000

at1:0000000000000000
at2:0000000000000000

at1:0000000000000000
at2:0000000000000000

at1:0000000011001011
at2:0000000000000000

at1:0000000000000000
at2:0000000000000000

at1:0000000000000000
at2:0000000000000000

at1:0000000000000000
at2:0000000000000000

at1:0000000000000000
at2:0000000000000000

at1:0000000000000000
at2:0000000000000000

at1:0000000000000000
at2:0000000001000101

at1:0000000000000000
at2:0000000000000000

at1:0000000000010001
at2:0000000001000011

at1:0000000000000000
at2:0000000000010000

at1:0000000000000000
at2:0000000000000000

at1:0000000000000000
at2:0000000000000000

at1:0000000000000000
at2:0000000000000000

at1:0000000000000000
at2:0000000000000000

at1:0000000000000000
at2:0000000000000001

at1:0000000000000000
at2:0000000001000100

at1:0000000000000000
at2:0000000000000000

at1:0000000000000000
at2:0000000000000000

at1:0000000000010111
at2:0000000000000000

at1:0000000000110011
at2:0000000001110001

at1:0000000000000000
at2:0000000000000000

at1:0000000000000000
at2:0000000000000000

at1:0000000000100100
at2:0000000000000000

at1:0000000011001010
at2:0000000000000000

at1:0000000000000000
at2:0000000000000000

at1:0000000000000000
at2:0000000000000000

at1:0000000000000000
at2:0000000000000000

at1:0000000000000000
at2:0000000000000000

at1:0000000000000000
at2:0000000000000000

at1:0000000000000000
at2:0000000000000000

at1:0000000000000000
at2:0000000000000000

at1:0000000000000000
at2:0000000000000000

at1:0000000001010101
at2:0000000000000000

at1:0000000000000000
at2:0000000000000000

at1:0000000000000000
at2:0000000000000000

at1:0000000000000000
at2:0000000000000000

at1:0000000001101000
at2:0000000010110000

at1:0000000000000000
at2:0000000000010010

at1:0000000000000000
at2:0000000101011110

at1:0000000000000000
at2:0000000000000000

at1:0000000010000011
at2:0000000000000000

at1:0000000000000000
at2:0000000000011011

at1:0000000000000000
at2:0000000100011100

at1:0000000000000000
at2:0000000000000000

at1:0000000000000000
at2:0000000000000000

at1:0000000000000000
at2:0000000000000000

at1:0000000000000000
at2:0000000010100000

at1:0000000001110111
at2:0000000000000000

at1:0000000000000000
at2:0000000101101111

at1:0000000000000000
at2:0000000000010010

at1:0000000010100100
at2:0000000000000000

at1:0000000000000000
at2:0000000000000000

at1:0000000000000000
at2:0000000000000000

at1:0000000000000000
at2:0000000000000000

at1:0000000000000000
at2:0000000000000000

at1:0000000000000000
at2:0000000000000000

at1:0000000000000000
at2:0000000000000000

at1:0000000000000000
at2:0000000000000000

at1:0000000001111111
at2:0000000000000000

at1:0000000000000000
at2:0000000000000000

at1:0000000000000000
at2:0000000000000000

at1:0000000000000000
at2:0000000000000000

at1:0000000000000000
at2:0000000001011110

at1:0000000000000000
at2:0000000000000000

at1:0000000000000000
at2:0000000000000000

at1:0000000000000000
at2:0000000001111101

at1:0000000000000000
at2:0000000000000000

at1:0000000000000000
at2:0000000000000000

at1:0000000000000011
at2:0000000000000000

at1:0000000000000000
at2:0000000000000000

at1:0000000000000000
at2:0000000001001011

at1:0000000000000000
at2:0000000000000000

at1:0000000000000000
at2:0000000000000000

at1:0000000000110001
at2:0000000000000000

at1:0000000000000000
at2:0000000000000000

at1:0000000000000000
at2:0000000000000000

at1:0000000000000000
at2:0000000000000000

at1:0000000000000000
at2:0000000001101101

at1:0000000000000000
at2:0000000000000000

at1:0000000100101000
at2:0000000000000000

at1:0000000000000000
at2:0000000000000000

at1:0000000000000000
at2:0000000000000000

at1:0000000000000000
at2:0000000000110000

at1:0000000000000000
at2:0000000000000000

at1:0000000000000000
at2:0000000000000000

at1:0000000000000000
at2:0000000000000000

at1:0000000000000000
at2:0000000000000000

at1:0000000000000000
at2:0000000000000000

at1:0000000000000000
at2:0000000000110101

at1:0000000000000000
at2:0000000000000000

at1:0000000000000000
at2:0000000000000000

at1:0000000000000000
at2:0000000000000000

at1:0000000101111000
at2:0000000001010010

at1:0000000000000000
at2:0000000000000000

at1:0000000000000000
at2:0000000000000000

at1:0000000000000000
at2:0000000000000000

at1:0000000000000000
at2:0000000000000000

at1:0000000000000000
at2:0000000000000000

at1:0000000000000000
at2:0000000000000000

at1:0000000000000000
at2:0000000000000000

at1:0000000011110000
at2:0000000000011011

at1:0000000000000000
at2:0000000000000000

at1:0000000000010110
at2:0000000000000000

at1:0000000000000000
at2:0000000101000010

at1:0000000000010010
at2:0000000110110011

at1:0000000000000000
at2:0000000000000000

at1:0000000000000000
at2:0000000000000000

at1:0000000000000000
at2:0000000000000000

at1:0000000000000000
at2:0000000001111110

at1:0000000000000000
at2:0000000000000000

at1:0000000100011110
at2:0000000000000000

at1:0000000000000000
at2:0000000000000000

at1:0000000000000000
at2:0000000000000000

at1:0000000011111001
at2:0000000011111010

at1:0000000000000000
at2:0000000000000000

at1:0000000000000000
at2:0000000000000000

at1:0000000000000000
at2:0000000000000000

at1:0000000000000000
at2:0000000000000000

at1:0000000000000000
at2:0000000000000000

at1:0000000000000000
at2:0000000000000000

at1:0000000000000000
at2:0000000000000000

at1:0000000000000000
at2:0000000000001101

at1:0000000000000000
at2:0000000000000000

at1:0000000110101000
at2:0000000000000000

at1:0000000000000000
at2:0000000000000000

at1:0000000000000000
at2:0000000000000000

at1:0000000001001111
at2:0000000010110011

at1:0000000000000000
at2:0000000000000000

at1:0000000001010101
at2:0000000011000010

at1:0000000000000000
at2:0000000000000000

at1:0000000000000000
at2:0000000000000000

at1:0000000000000000
at2:0000000000000000

at1:0000000000000000
at2:0000000001100110

at1:0000000001100011
at2:0000000000000000

at1:0000000000000000
at2:0000000000000000

at1:0000000000000000
at2:0000000000000000

at1:0000000000000000
at2:0000000000000000

at1:0000000010111001
at2:0000000000000000

at1:0000000000000000
at2:0000000000000000

at1:0000000000000000
at2:0000000001110011

at1:0000000000000000
at2:0000000000010111

at1:0000000000000000
at2:0000000001100001

at1:0000000000101011
at2:0000000010111000

at1:0000000000000000
at2:0000000000000000

at1:0000000011000100
at2:0000000000000000

at1:0000000001010000
at2:0000000000000000

at1:0000000000000000
at2:0000000010100010

at1:0000000001000001
at2:0000000000000000

at1:0000000000000000
at2:0000000000000000

at1:0000000000000000
at2:0000000000000000

at1:0000000000000000
at2:0000000000001101

at1:0000000000000000
at2:0000000000001000

at1:0000000000000000
at2:0000000000000000

at1:0000000000000000
at2:0000000000000000

at1:0000000000000000
at2:0000000011010101

at1:0000000000000000
at2:0000000000000000

at1:0000000000000000
at2:0000000001000010

at1:0000000000000000
at2:0000000000000000

at1:0000000000000000
at2:0000000000000000

at1:0000000000000000
at2:0000000011110010

at1:0000000000000000
at2:0000000000000000

at1:0000000010011011
at2:0000000000000000

at1:0000000000110000
at2:0000000000000000

at1:0000000000000000
at2:0000000000000000

at1:0000000000000000
at2:0000000000000000

at1:0000000000000000
at2:0000000001100101

at1:0000000000000000
at2:0000000000000000

at1:0000000000000000
at2:0000000000000000

at1:0000000000000000
at2:0000000010101100

at1:0000000000000000
at2:0000000000000000

at1:0000000000000000
at2:0000000000000000

at1:0000000000000000
at2:0000000000000000

at1:0000000000000000
at2:0000000000000000

at1:0000000000000000
at2:0000000000000000

at1:0000000000000000
at2:0000000000000000

at1:0000000000000000
at2:0000000100000011

at1:0000000000000000
at2:0000000000101101

at1:0000000000000000
at2:0000000000000000

at1:0000000000000000
at2:0000000000000000

at1:0000000001010101
at2:0000000000000000

at1:0000000000000000
at2:0000000000000000

at1:0000000011011110
at2:0000000000000000

at1:0000000000000000
at2:0000000000000000

at1:0000000000000000
at2:0000000000001101

at1:0000000100101111
at2:0000000000000000

at1:0000000011100100
at2:0000000000000000

at1:0000000010101010
at2:0000000000000000

at1:0000000000000000
at2:0000000000000000

at1:0000000000000000
at2:0000000000000000

at1:0000000000000000
at2:0000000000000000

at1:0000000000000000
at2:0000000000000000

at1:0000000000000000
at2:0000000000000000

at1:0000000000000011
at2:0000000000000000

at1:0000000000000000
at2:0000000000000000

at1:0000000000000000
at2:0000000011000100

at1:0000000000000000
at2:0000000000000000

at1:0000000000000000
at2:0000000000000000

at1:0000000000000000
at2:0000000000000000

at1:0000000000000000
at2:0000000000000000

at1:0000000000000000
at2:0000000000000000

at1:0000000000010111
at2:0000000001100000

at1:0000000000000000
at2:0000000000000000

at1:0000000000000000
at2:0000000000000000

at1:0000000000000000
at2:0000000001011110

at1:0000000000010010
at2:0000000000000000

at1:0000000000000000
at2:0000000000000000

at1:0000000000000000
at2:0000000000000000

at1:0000000000000000
at2:0000000000100011

at1:0000000000000000
at2:0000000000000000

at1:0000000000000000
at2:0000000000000000

at1:0000000001001100
at2:0000000000000000

at1:0000000000000000
at2:0000000000000000

at1:0000000000