#-----------------------------------------------------------
# Webtalk v2018.2 (64-bit)
# SW Build 2258646 on Thu Jun 14 20:03:12 MDT 2018
# IP Build 2256618 on Thu Jun 14 22:10:49 MDT 2018
<<<<<<< Updated upstream
# Start of session at: Fri Apr 29 16:49:44 2022
# Process ID: 6292
# Current directory: E:/University/gp/GIT verilog/Hardware-CNN-Acceleration-/project_1/project_1.sim/sim_1/behav/xsim
# Command line: wbtcv.exe -mode batch -source E:/University/gp/GIT verilog/Hardware-CNN-Acceleration-/project_1/project_1.sim/sim_1/behav/xsim/xsim.dir/conv_TB_behav/webtalk/xsim_webtalk.tcl -notrace
# Log file: E:/University/gp/GIT verilog/Hardware-CNN-Acceleration-/project_1/project_1.sim/sim_1/behav/xsim/webtalk.log
# Journal file: E:/University/gp/GIT verilog/Hardware-CNN-Acceleration-/project_1/project_1.sim/sim_1/behav/xsim\webtalk.jou
#-----------------------------------------------------------
source E:/University/gp/GIT -notrace
couldn't read file "E:/University/gp/GIT": no such file or directory
INFO: [Common 17-206] Exiting Webtalk at Fri Apr 29 16:49:44 2022...
=======
# Start of session at: Fri Apr 29 15:10:53 2022
# Process ID: 9852
# Current directory: D:/University/Graduation_Project/Hardware-CNN-Acceleration-/project_1/project_1.sim/sim_1/behav/xsim
# Command line: wbtcv.exe -mode batch -source D:/University/Graduation_Project/Hardware-CNN-Acceleration-/project_1/project_1.sim/sim_1/behav/xsim/xsim.dir/DenseTB_behav/webtalk/xsim_webtalk.tcl -notrace
# Log file: D:/University/Graduation_Project/Hardware-CNN-Acceleration-/project_1/project_1.sim/sim_1/behav/xsim/webtalk.log
# Journal file: D:/University/Graduation_Project/Hardware-CNN-Acceleration-/project_1/project_1.sim/sim_1/behav/xsim\webtalk.jou
#-----------------------------------------------------------
source D:/University/Graduation_Project/Hardware-CNN-Acceleration-/project_1/project_1.sim/sim_1/behav/xsim/xsim.dir/DenseTB_behav/webtalk/xsim_webtalk.tcl -notrace
webtalk_transmit: Time (s): cpu = 00:00:00 ; elapsed = 00:00:08 . Memory (MB): peak = 54.066 ; gain = 0.938
INFO: [Common 17-206] Exiting Webtalk at Fri Apr 29 15:11:01 2022...
>>>>>>> Stashed changes
