#-----------------------------------------------------------
# Vivado v2018.2 (64-bit)
# SW Build 2258646 on Thu Jun 14 20:03:12 MDT 2018
# IP Build 2256618 on Thu Jun 14 22:10:49 MDT 2018
# Start of session at: Sun Jun 19 07:22:03 2022
# Process ID: 17700
# Current directory: D:/work/college/5-Senior 2/Semester 2/Graduation Project 2/GP Codes/Hardware-CNN-Acceleration-/project_1
# Command line: vivado.exe -gui_launcher_event rodinguilauncherevent17628 D:\work\college\5-Senior 2\Semester 2\Graduation Project 2\GP Codes\Hardware-CNN-Acceleration-\project_1\project_1.xpr
# Log file: D:/work/college/5-Senior 2/Semester 2/Graduation Project 2/GP Codes/Hardware-CNN-Acceleration-/project_1/vivado.log
# Journal file: D:/work/college/5-Senior 2/Semester 2/Graduation Project 2/GP Codes/Hardware-CNN-Acceleration-/project_1\vivado.jou
#-----------------------------------------------------------
start_gui
open_project {D:/work/college/5-Senior 2/Semester 2/Graduation Project 2/GP Codes/Hardware-CNN-Acceleration-/project_1/project_1.xpr}
INFO: [ProjectBase 1-489] The host OS only allows 260 characters in a normal path. The project is stored in a path with more than 80 characters. If you experience issues with IP, Block Designs, or files not being found, please consider moving the project to a location with a shorter path. Alternately consider using the OS subst command to map part of the path to a drive letter.
Current project path is 'D:/work/college/5-Senior 2/Semester 2/Graduation Project 2/GP Codes/Hardware-CNN-Acceleration-/project_1'
Scanning sources...
Finished scanning sources
INFO: [IP_Flow 19-234] Refreshing IP repositories
INFO: [IP_Flow 19-1704] No user IP repositories specified
INFO: [IP_Flow 19-2313] Loaded Vivado IP repository 'D:/programs/Vivado/Vivado/2018.2/data/ip'.
WARNING: [IP_Flow 19-2162] IP 'MemBlk_3' is locked:
* Current project part 'xc7vx485tffg1761-2' and the part 'xc7vx485tffg1157-1' used to customize the IP 'MemBlk_3' do not match.
Please select 'Report IP Status' from the 'Tools/Report' menu or run Tcl command 'report_ip_status' for more information.
WARNING: [IP_Flow 19-2162] IP 'MemBlk_2' is locked:
* Current project part 'xc7vx485tffg1761-2' and the part 'xc7vx485tffg1157-1' used to customize the IP 'MemBlk_2' do not match.
Please select 'Report IP Status' from the 'Tools/Report' menu or run Tcl command 'report_ip_status' for more information.
WARNING: [IP_Flow 19-2162] IP 'MemBlk_1' is locked:
* Current project part 'xc7vx485tffg1761-2' and the part 'xc7vx485tffg1157-1' used to customize the IP 'MemBlk_1' do not match.
Please select 'Report IP Status' from the 'Tools/Report' menu or run Tcl command 'report_ip_status' for more information.
WARNING: [IP_Flow 19-2162] IP 'DenseW0' is locked:
* Current project part 'xc7vx485tffg1761-2' and the part 'xc7vx485tffg1157-1' used to customize the IP 'DenseW0' do not match.
Please select 'Report IP Status' from the 'Tools/Report' menu or run Tcl command 'report_ip_status' for more information.
WARNING: [IP_Flow 19-2162] IP 'DenseW1' is locked:
* Current project part 'xc7vx485tffg1761-2' and the part 'xc7vx485tffg1157-1' used to customize the IP 'DenseW1' do not match.
Please select 'Report IP Status' from the 'Tools/Report' menu or run Tcl command 'report_ip_status' for more information.
WARNING: [IP_Flow 19-2162] IP 'DenseW2' is locked:
* Current project part 'xc7vx485tffg1761-2' and the part 'xc7vx485tffg1157-1' used to customize the IP 'DenseW2' do not match.
Please select 'Report IP Status' from the 'Tools/Report' menu or run Tcl command 'report_ip_status' for more information.
WARNING: [IP_Flow 19-2162] IP 'DenseW3' is locked:
* Current project part 'xc7vx485tffg1761-2' and the part 'xc7vx485tffg1157-1' used to customize the IP 'DenseW3' do not match.
Please select 'Report IP Status' from the 'Tools/Report' menu or run Tcl command 'report_ip_status' for more information.
WARNING: [IP_Flow 19-2162] IP 'DenseW4' is locked:
* Current project part 'xc7vx485tffg1761-2' and the part 'xc7vx485tffg1157-1' used to customize the IP 'DenseW4' do not match.
Please select 'Report IP Status' from the 'Tools/Report' menu or run Tcl command 'report_ip_status' for more information.
WARNING: [IP_Flow 19-2162] IP 'Conv1_Weights' is locked:
* Current project part 'xc7vx485tffg1761-2' and the part 'xc7vx485tffg1157-1' used to customize the IP 'Conv1_Weights' do not match.
Please select 'Report IP Status' from the 'Tools/Report' menu or run Tcl command 'report_ip_status' for more information.
WARNING: [IP_Flow 19-2162] IP 'Conv2_Weights' is locked:
* Current project part 'xc7vx485tffg1761-2' and the part 'xc7vx485tffg1157-1' used to customize the IP 'Conv2_Weights' do not match.
Please select 'Report IP Status' from the 'Tools/Report' menu or run Tcl command 'report_ip_status' for more information.
WARNING: [IP_Flow 19-2162] IP 'clk_wiz_0' is locked:
* This IP has board specific outputs. Current project board 'xilinx.com:vc707:part0:1.3' and the board 'unset' used to customize the IP 'clk_wiz_0' do not match.
* Current project part 'xc7vx485tffg1761-2' and the part 'xc7vx485tffg1157-1' used to customize the IP 'clk_wiz_0' do not match.
Please select 'Report IP Status' from the 'Tools/Report' menu or run Tcl command 'report_ip_status' for more information.
open_project: Time (s): cpu = 00:00:28 ; elapsed = 00:00:42 . Memory (MB): peak = 844.035 ; gain = 116.551
update_compile_order -fileset sources_1
exit
INFO: [Common 17-206] Exiting Vivado at Sun Jun 19 07:50:55 2022...
